<?xml version="1.0" encoding="UTF-8"?>
<!-- Generated by org.testng.reporters.JUnitXMLReporter -->
<testsuite ignored="276" hostname="DESKTOP-GCGD1P4" failures="18" tests="277" name="Test" time="11828.493" errors="0" timestamp="2025-09-12T14:35:29 IST">
  <testcase classname="Dashboard.Activate_Test_Kit_Test_Cases.TC_36_Verify_Personal_Details_Does_Not_Erase_If_Go_Back_Page" name="TC_36_Verify_personal_details_does_not_erase_if_go_back_page" time="105.398"/>
  <testcase classname="Dashboard.Activate_Test_Kit_Test_Cases.TC_09_To_TC_18_Verify_Activate_Kit_Process" name="TC_09_Verify_that_consent_check_boxes_are_mandatory_feilds" time="65.609"/>
  <testcase classname="Dashboard.Activate_Test_Kit_Test_Cases.TC_09_To_TC_18_Verify_Activate_Kit_Process" name="TC_10_Verify_user_redirected_to_detials_page_after_marking_consent_checkboxes" time="6.502"/>
  <testcase classname="Dashboard.Activate_Test_Kit_Test_Cases.TC_09_To_TC_18_Verify_Activate_Kit_Process" name="TC_11_Verify_data_auto_populate_on_personal_details_page" time="2.047"/>
  <testcase classname="Dashboard.Activate_Test_Kit_Test_Cases.TC_09_To_TC_18_Verify_Activate_Kit_Process" name="TC_12_Verify_ability_to_edit_personal_details" time="2.346"/>
  <testcase classname="Dashboard.Activate_Test_Kit_Test_Cases.TC_09_To_TC_18_Verify_Activate_Kit_Process" name="TC_13_Verify_continue_button_redirects_to_time_of_collection_page" time="20.16"/>
  <testcase classname="Dashboard.Activate_Test_Kit_Test_Cases.TC_09_To_TC_18_Verify_Activate_Kit_Process" name="TC_14_Verify_content_of_sample_collection_page" time="0.021"/>
  <testcase classname="Dashboard.Activate_Test_Kit_Test_Cases.TC_09_To_TC_18_Verify_Activate_Kit_Process" name="TC_15_Verify_navigate_back_to_sample_collection_page_from_any_step_in_the_activation_process" time="6.149"/>
  <testcase classname="Dashboard.Activate_Test_Kit_Test_Cases.TC_09_To_TC_18_Verify_Activate_Kit_Process" name="TC_16_Verify_check_date_functionality_of_more_than_16_days" time="8.475"/>
  <testcase classname="Dashboard.Activate_Test_Kit_Test_Cases.TC_09_To_TC_18_Verify_Activate_Kit_Process" name="TC_17_Verify_date_functionality_of_current_date_and_proceed" time="8.332"/>
  <testcase classname="Dashboard.Activate_Test_Kit_Test_Cases.TC_09_To_TC_18_Verify_Activate_Kit_Process" name="TC_18_Verify_test_activation_kit_success_email" time="12.884"/>
  <testcase classname="Dashboard.Activate_Test_Kit_Test_Cases.TC_37_Verify_User_Friendly_UI" name="TC_37_Verify_user_friendly_UI" time="11.185"/>
  <testcase classname="Dashboard.Activate_Test_Kit_Test_Cases.TC_19_To_TC_20_Verify_Error_Messages_Are_Displayed_Properly" name="TC_19_Verify_error_msg_displayed_properly" time="84.15"/>
  <testcase classname="Dashboard.Activate_Test_Kit_Test_Cases.TC_19_To_TC_20_Verify_Error_Messages_Are_Displayed_Properly" name="TC_20_Verify_error_msg_displayed_when_entered_long_characters_for_personal_details" time="7.053"/>
  <testcase classname="Dashboard.Activate_Test_Kit_Test_Cases.TC_35_Verify_Same_Tracking_Number_Allowed_For_Multiple_Activation_Process" name="TC_35_Verify_same_tracking_number_allowed_for_multiple_activation_process" time="66.356"/>
  <testcase classname="Dashboard.Activate_Test_Kit_Test_Cases.TC_33_Verify_Placeholders" name="TC_33_Verify_placeholders_for_barcode_and_tracking_number" time="10.03"/>
  <testcase classname="Dashboard.Activate_Test_Kit_Test_Cases.TC_30_Verify_User_Cant_Goto_Activation_Confirmation_Page_Without_Completing_All_Previous_Steps" name="TC_30_Verify_user_cant_goto_activation_confirmation_page_without_completing_all_previous_steps" time="55.01"/>
  <testcase classname="Dashboard.Activate_Test_Kit_Test_Cases.TC_03_Verify_Error_With_Empty_Fields_For_Barcode_And_Tracking_Number" name="TC_03_Verify_error_msg_with_empty_fields_for_barcode_and_tracking_number" time="12.687"/>
  <testcase classname="Dashboard.Activate_Test_Kit_Test_Cases.TC_29_Verify_To_Edit_Date_After_Activation_Completed" name="TC_29_Verify_to_edit_date_after_activation_completed" time="115.728"/>
  <testcase classname="Dashboard.Activate_Test_Kit_Test_Cases.TC_23_To_TC_27_Verify_Screen_Resolution_Sizes" name="TC_23_Verify_screen_resolution_sizes_shows_all_webelements_properly_in_full_desktop" time="3.474"/>
  <testcase classname="Dashboard.Activate_Test_Kit_Test_Cases.TC_23_To_TC_27_Verify_Screen_Resolution_Sizes" name="TC_24_Verify_screen_resolution_sizes_shows_all_webelements_properly_in_laptop" time="2.36"/>
  <testcase classname="Dashboard.Activate_Test_Kit_Test_Cases.TC_23_To_TC_27_Verify_Screen_Resolution_Sizes" name="TC_25_Verify_screen_resolution_sizes_shows_all_webelements_properly_in_tablet" time="2.314"/>
  <testcase classname="Dashboard.Activate_Test_Kit_Test_Cases.TC_23_To_TC_27_Verify_Screen_Resolution_Sizes" name="TC_26_Verify_screen_resolution_sizes_shows_all_webelements_properly_in_iPhone8" time="2.671"/>
  <testcase classname="Dashboard.Activate_Test_Kit_Test_Cases.TC_23_To_TC_27_Verify_Screen_Resolution_Sizes" name="TC_27_Verify_screen_resolution_sizes_shows_all_webelements_properly_in_iPhoneXR" time="2.696"/>
  <testcase classname="Dashboard.Activate_Test_Kit_Test_Cases.TC_02_TC_40_Verify_Auto_Population_Of_Secondary_Barcode" name="TC_40_Generate_primary_secondary_barcodes" time="55.879"/>
  <testcase classname="Dashboard.Activate_Test_Kit_Test_Cases.TC_02_TC_40_Verify_Auto_Population_Of_Secondary_Barcode" name="TC_02_Verify_auto_population_of_secondary_barcode_for_test_kits_with_two_barcodes" time="23.883"/>
  <testcase classname="Dashboard.Activate_Test_Kit_Test_Cases.TC_01_Verify_User_Can_Click_The_Activate_Blood_Test_Button" name="TC_01_Verify_user_can_click_the_activate_test_button_and_redirect_to_next_page" time="10.097"/>
  <testcase classname="Dashboard.Activate_Test_Kit_Test_Cases.TC_34_Verify_Empty_Feilds_Required_Icon" name="TC_34_Verify_empty_feilds_required_icon" time="14.699"/>
  <testcase classname="Dashboard.Activate_Test_Kit_Test_Cases.TC_08_Verify_Activate_Test_Kit_For_Expired_Barcode" name="TC_08_Verify_activate_test_kit_for_expired_barcode" time="13.062"/>
  <testcase classname="Dashboard.Activate_Test_Kit_Test_Cases.TC_05_Verify_System_Allows_User_To_Activate_Kit_For_InComplete_Activation_Process" name="TC_05_Verify_system_allows_user_to_activate_kit_for_incomplete_activation_process" time="71.829"/>
  <testcase classname="Dashboard.Activate_Test_Kit_Test_Cases.TC_55_to_TC_59_Verify_Various_Types_Of_Barcodes" name="TC_55_Verify_various_types_of_barcodes" time="165.682"/>
  <testcase classname="Dashboard.Activate_Test_Kit_Test_Cases.TC_55_to_TC_59_Verify_Various_Types_Of_Barcodes" name="TC_56_Verify_Boots_Private_Single_Barcode" time="19.05"/>
  <testcase classname="Dashboard.Activate_Test_Kit_Test_Cases.TC_55_to_TC_59_Verify_Various_Types_Of_Barcodes" name="TC_57_Verify_Double_Barcode" time="20.938"/>
  <testcase classname="Dashboard.Activate_Test_Kit_Test_Cases.TC_55_to_TC_59_Verify_Various_Types_Of_Barcodes" name="TC_58_Verify_Boots_Private_Double_Barcode" time="21.687"/>
  <testcase classname="Dashboard.Activate_Test_Kit_Test_Cases.TC_55_to_TC_59_Verify_Various_Types_Of_Barcodes" name="TC_59_Verify_Activate_Kit_Double_Barcode_Blue" time="21.396"/>
  <testcase classname="Dashboard.Activate_Test_Kit_Test_Cases.TC_07_Verify_Invalid_Tracking_Number" name="TC_07_Verify_invalid_tracking_number_for_kit_activation_process" time="13.017"/>
  <testcase classname="Dashboard.Activate_Test_Kit_Test_Cases.TC_39_TC_41_Verify_Error_For_Invalid_Barcode" name="TC_41_Verify_error_msg_for_invalid_barcode" time="16.993"/>
  <testcase classname="Dashboard.Activate_Test_Kit_Test_Cases.TC_39_TC_41_Verify_Error_For_Invalid_Barcode" name="TC_39_Verify_system_does_not_show_sensitive_information_in_error_message" time="0.055"/>
  <testcase classname="Dashboard.Activate_Test_Kit_Test_Cases.TC_38_Verify_Tooltip_On_How_To_Page" name="TC_38_Verify_tooltip_on_how_to_page" time="58.547">
    <failure type="org.openqa.selenium.NoSuchElementException" message="no such element: Unable to locate element: {&amp;quot;method&amp;quot;:&amp;quot;xpath&amp;quot;,&amp;quot;selector&amp;quot;:&amp;quot;//a[@href=&amp;apos;/tests/bloods/activate&amp;apos;][normalize-space()=&amp;apos;Activate kit&amp;apos;]&amp;quot;}
  (Session info: chrome=140.0.7339.82)
For documentation on this error, please visit: https://www.selenium.dev/documentation/webdriver/troubleshooting/errors#no-such-element-exception
Build info: version: &amp;apos;4.25.0&amp;apos;, revision: &amp;apos;8a8aea2337&amp;apos;
System info: os.name: &amp;apos;Windows 11&amp;apos;, os.arch: &amp;apos;amd64&amp;apos;, os.version: &amp;apos;10.0&amp;apos;, java.version: &amp;apos;21.0.8&amp;apos;
Driver info: org.openqa.selenium.chrome.ChromeDriver
Command: [ae9ecbc8e41a6d44005ec20912aa4d39, findElement {value=//a[@href=&amp;apos;/tests/bloods/activate&amp;apos;][normalize-space()=&amp;apos;Activate kit&amp;apos;], using=xpath}]
Capabilities {acceptInsecureCerts: false, browserName: chrome, browserVersion: 140.0.7339.82, chrome: {chromedriverVersion: 140.0.7339.82 (bc93617e21c3..., userDataDir: C:\Users\ROHAN~1.THO\AppDat...}, fedcm:accounts: true, goog:chromeOptions: {debuggerAddress: localhost:50974}, networkConnectionEnabled: false, pageLoadStrategy: normal, platformName: windows, proxy: Proxy(), se:cdp: ws://localhost:50974/devtoo..., se:cdpVersion: 140.0.7339.82, setWindowRect: true, strictFileInteractability: false, timeouts: {implicit: 0, pageLoad: 300000, script: 30000}, unhandledPromptBehavior: dismiss and notify, webauthn:extension:credBlob: true, webauthn:extension:largeBlob: true, webauthn:extension:minPinLength: true, webauthn:extension:prf: true, webauthn:virtualAuthenticators: true}
Session ID: ae9ecbc8e41a6d44005ec20912aa4d39">
      <![CDATA[org.openqa.selenium.NoSuchElementException: no such element: Unable to locate element: {"method":"xpath","selector":"//a[@href='/tests/bloods/activate'][normalize-space()='Activate kit']"}
  (Session info: chrome=140.0.7339.82)
For documentation on this error, please visit: https://www.selenium.dev/documentation/webdriver/troubleshooting/errors#no-such-element-exception
Build info: version: '4.25.0', revision: '8a8aea2337'
System info: os.name: 'Windows 11', os.arch: 'amd64', os.version: '10.0', java.version: '21.0.8'
Driver info: org.openqa.selenium.chrome.ChromeDriver
Command: [ae9ecbc8e41a6d44005ec20912aa4d39, findElement {value=//a[@href='/tests/bloods/activate'][normalize-space()='Activate kit'], using=xpath}]
Capabilities {acceptInsecureCerts: false, browserName: chrome, browserVersion: 140.0.7339.82, chrome: {chromedriverVersion: 140.0.7339.82 (bc93617e21c3..., userDataDir: C:\Users\ROHAN~1.THO\AppDat...}, fedcm:accounts: true, goog:chromeOptions: {debuggerAddress: localhost:50974}, networkConnectionEnabled: false, pageLoadStrategy: normal, platformName: windows, proxy: Proxy(), se:cdp: ws://localhost:50974/devtoo..., se:cdpVersion: 140.0.7339.82, setWindowRect: true, strictFileInteractability: false, timeouts: {implicit: 0, pageLoad: 300000, script: 30000}, unhandledPromptBehavior: dismiss and notify, webauthn:extension:credBlob: true, webauthn:extension:largeBlob: true, webauthn:extension:minPinLength: true, webauthn:extension:prf: true, webauthn:virtualAuthenticators: true}
Session ID: ae9ecbc8e41a6d44005ec20912aa4d39
at org.openqa.selenium.remote.ErrorCodec.decode(ErrorCodec.java:167)
at org.openqa.selenium.remote.codec.w3c.W3CHttpResponseCodec.decode(W3CHttpResponseCodec.java:138)
at org.openqa.selenium.remote.codec.w3c.W3CHttpResponseCodec.decode(W3CHttpResponseCodec.java:50)
at org.openqa.selenium.remote.HttpCommandExecutor.execute(HttpCommandExecutor.java:190)
at org.openqa.selenium.remote.service.DriverCommandExecutor.invokeExecute(DriverCommandExecutor.java:216)
at org.openqa.selenium.remote.service.DriverCommandExecutor.execute(DriverCommandExecutor.java:174)
at org.openqa.selenium.remote.RemoteWebDriver.execute(RemoteWebDriver.java:545)
at org.openqa.selenium.remote.ElementLocation$ElementFinder$2.findElement(ElementLocation.java:165)
at org.openqa.selenium.remote.ElementLocation.findElement(ElementLocation.java:59)
at org.openqa.selenium.remote.RemoteWebDriver.findElement(RemoteWebDriver.java:368)
at org.openqa.selenium.remote.RemoteWebDriver.findElement(RemoteWebDriver.java:362)
at org.openqa.selenium.support.pagefactory.DefaultElementLocator.findElement(DefaultElementLocator.java:68)
at org.openqa.selenium.support.pagefactory.internal.LocatingElementHandler.invoke(LocatingElementHandler.java:38)
at jdk.proxy2/jdk.proxy2.$Proxy18.isDisplayed(Unknown Source)
at Wrappers.WebElementCommon.isPresent(WebElementCommon.java:11)
at Wrappers.WebElementCommon.isClickable(WebElementCommon.java:19)
at Wrappers.WebButton.clickButton(WebButton.java:14)
at Test.Dashboard.Actions_Class.Activate_Test_Kit_Actions.tooltipOnHowToPage(Activate_Test_Kit_Actions.java:529)
at Dashboard.Activate_Test_Kit_Test_Cases.TC_38_Verify_Tooltip_On_How_To_Page.TC_38_Verify_tooltip_on_how_to_page(TC_38_Verify_Tooltip_On_How_To_Page.java:21)
at java.base/java.util.ArrayList.forEach(ArrayList.java:1596)
... Removed 28 stack frames]]>
    </failure>
  </testcase> <!-- TC_38_Verify_tooltip_on_how_to_page -->
  <testcase classname="Dashboard.Activate_Test_Kit_Test_Cases.TC_06_Verify_Error_For_Already_Used_Barcode" name="TC_06_Verify_error_for_already_used_barcode" time="12.933"/>
  <testcase classname="Dashboard.Activate_Test_Kit_Test_Cases.TC_31_Verify_No_Data_Remians_On_Screen_If_Browser_Back_Is_Used_After_Logout" name="TC_30_Verify_user_cant_goto_activation_confirmation_page_without_completing_all_previous_steps" time="13.827"/>
  <testcase classname="Dashboard.Activate_Test_Kit_Test_Cases.TC_22_Verify_System_Does_Not_Allow_To_Activate_Kit_More_Than_One_Time" name="TC_22_Verify_system_does_not_allow_to_activate_kit_more_than_one_time" time="19.092"/>
  <testcase classname="Dashboard.Activate_Test_Kit_Test_Cases.TC_42_Verify_End_To_End_Case" name="TC_40_Verify_successful_activation_of_a_test_kit_using_valid_inputs" time="69.723"/>
  <testcase classname="Dashboard.Activate_Test_Kit_Test_Cases.TC_21_Verify_System_Correctly_Handles_Browser_Back_Button_Behavior" name="TC_21_Verify_system_correctly_handles_browser_back_button_behavior" time="20.96"/>
  <testcase classname="Dashboard.Activate_Test_Kit_Test_Cases.TC_43_to_TC_54_ATC_Verify_The_Postage_Tracking_Number_Auto_Population" name="TC_43_Verify_the_postage_tracking_number_auto_population" time="54.448"/>
  <testcase classname="Dashboard.Activate_Test_Kit_Test_Cases.TC_43_to_TC_54_ATC_Verify_The_Postage_Tracking_Number_Auto_Population" name="TC_44_Verify_the_auto_populated_value_does_not_overwrite_manual_input_on_refresh_if_unsaved" time="3.524"/>
  <testcase classname="Dashboard.Activate_Test_Kit_Test_Cases.TC_43_to_TC_54_ATC_Verify_The_Postage_Tracking_Number_Auto_Population" name="TC_45_Verify_the_ability_to_proceed_further_without_entering_the_tracking_number" time="0.307"/>
  <testcase classname="Dashboard.Activate_Test_Kit_Test_Cases.TC_43_to_TC_54_ATC_Verify_The_Postage_Tracking_Number_Auto_Population" name="TC_46_Verify_the_ability_to_proceed_further_by_removing_the_auto_populated_tracking_number" time="9.817"/>
  <testcase classname="Dashboard.Activate_Test_Kit_Test_Cases.TC_43_to_TC_54_ATC_Verify_The_Postage_Tracking_Number_Auto_Population" name="TC_47_Verify_the_ability_to_edit_and_save_the_auto_populated_tracking_number" time="51.929"/>
  <testcase classname="Dashboard.Activate_Test_Kit_Test_Cases.TC_43_to_TC_54_ATC_Verify_The_Postage_Tracking_Number_Auto_Population" name="TC_48_Verify_the_ability_to_enter_and_save_the_tracking_number" time="4.554"/>
  <testcase classname="Dashboard.Activate_Test_Kit_Test_Cases.TC_43_to_TC_54_ATC_Verify_The_Postage_Tracking_Number_Auto_Population" name="TC_49_Verify_the_display_of_confirmed_tracking_number_in_my_result_page" time="4.573"/>
  <testcase classname="Dashboard.Activate_Test_Kit_Test_Cases.TC_43_to_TC_54_ATC_Verify_The_Postage_Tracking_Number_Auto_Population" name="TC_50_Verify_the_display_of_confirmed_tracking_number_in_test_kit_page" time="3.261"/>
  <testcase classname="Dashboard.Activate_Test_Kit_Test_Cases.TC_43_to_TC_54_ATC_Verify_The_Postage_Tracking_Number_Auto_Population" name="TC_51_Verify_the_tracking_number_field_is_non_editable" time="0.061"/>
  <testcase classname="Dashboard.Activate_Test_Kit_Test_Cases.TC_43_to_TC_54_ATC_Verify_The_Postage_Tracking_Number_Auto_Population" name="TC_52_Verify_the_field_label_display_on_dashboard_and_TIMS" time="11.702"/>
  <testcase classname="Dashboard.Activate_Test_Kit_Test_Cases.TC_43_to_TC_54_ATC_Verify_The_Postage_Tracking_Number_Auto_Population" name="TC_53_Verify_the_updated_tracking_number_display_in_TIMS" time="0.104"/>
  <testcase classname="Dashboard.Activate_Test_Kit_Test_Cases.TC_43_to_TC_54_ATC_Verify_The_Postage_Tracking_Number_Auto_Population" name="TC_54_Verify_the_display_of_confirmed_tracking_number_in_test_kit_information_page_on_TIMS" time="0.025"/>
  <testcase classname="Dashboard.Activate_Test_Kit_Test_Cases.TC_28_Verify_Webelements_Are_Labelled_Clearly" name="TC_28_Verify_webelements_are_labelled_clearly" time="7.847"/>
  <testcase classname="Dashboard.Activate_Test_Kit_Test_Cases.TC_04_Verify_Large_Input_In_Barcode_Field" name="TC_04_Verify_handling_of_extremely_large_input_in_barcode_field" time="12.889"/>
  <testcase classname="Dashboard.Activate_Test_Kit_Test_Cases.TC_32_Verify_Double_Barcode_For_How_To_Page_With_12_Elements" name="TC_32_Verify_double_barcode_for_how_to_page_with_12_elements" time="65.27">
    <failure type="org.openqa.selenium.NoSuchElementException" message="no such element: Unable to locate element: {&amp;quot;method&amp;quot;:&amp;quot;xpath&amp;quot;,&amp;quot;selector&amp;quot;:&amp;quot;//a[@href=&amp;apos;/tests/bloods/activate&amp;apos;][normalize-space()=&amp;apos;Activate kit&amp;apos;]&amp;quot;}
  (Session info: chrome=140.0.7339.82)
For documentation on this error, please visit: https://www.selenium.dev/documentation/webdriver/troubleshooting/errors#no-such-element-exception
Build info: version: &amp;apos;4.25.0&amp;apos;, revision: &amp;apos;8a8aea2337&amp;apos;
System info: os.name: &amp;apos;Windows 11&amp;apos;, os.arch: &amp;apos;amd64&amp;apos;, os.version: &amp;apos;10.0&amp;apos;, java.version: &amp;apos;21.0.8&amp;apos;
Driver info: org.openqa.selenium.chrome.ChromeDriver
Command: [1c905014150a24bdfa7b1263f5b139c6, findElement {value=//a[@href=&amp;apos;/tests/bloods/activate&amp;apos;][normalize-space()=&amp;apos;Activate kit&amp;apos;], using=xpath}]
Capabilities {acceptInsecureCerts: false, browserName: chrome, browserVersion: 140.0.7339.82, chrome: {chromedriverVersion: 140.0.7339.82 (bc93617e21c3..., userDataDir: C:\Users\ROHAN~1.THO\AppDat...}, fedcm:accounts: true, goog:chromeOptions: {debuggerAddress: localhost:65231}, networkConnectionEnabled: false, pageLoadStrategy: normal, platformName: windows, proxy: Proxy(), se:cdp: ws://localhost:65231/devtoo..., se:cdpVersion: 140.0.7339.82, setWindowRect: true, strictFileInteractability: false, timeouts: {implicit: 0, pageLoad: 300000, script: 30000}, unhandledPromptBehavior: dismiss and notify, webauthn:extension:credBlob: true, webauthn:extension:largeBlob: true, webauthn:extension:minPinLength: true, webauthn:extension:prf: true, webauthn:virtualAuthenticators: true}
Session ID: 1c905014150a24bdfa7b1263f5b139c6">
      <![CDATA[org.openqa.selenium.NoSuchElementException: no such element: Unable to locate element: {"method":"xpath","selector":"//a[@href='/tests/bloods/activate'][normalize-space()='Activate kit']"}
  (Session info: chrome=140.0.7339.82)
For documentation on this error, please visit: https://www.selenium.dev/documentation/webdriver/troubleshooting/errors#no-such-element-exception
Build info: version: '4.25.0', revision: '8a8aea2337'
System info: os.name: 'Windows 11', os.arch: 'amd64', os.version: '10.0', java.version: '21.0.8'
Driver info: org.openqa.selenium.chrome.ChromeDriver
Command: [1c905014150a24bdfa7b1263f5b139c6, findElement {value=//a[@href='/tests/bloods/activate'][normalize-space()='Activate kit'], using=xpath}]
Capabilities {acceptInsecureCerts: false, browserName: chrome, browserVersion: 140.0.7339.82, chrome: {chromedriverVersion: 140.0.7339.82 (bc93617e21c3..., userDataDir: C:\Users\ROHAN~1.THO\AppDat...}, fedcm:accounts: true, goog:chromeOptions: {debuggerAddress: localhost:65231}, networkConnectionEnabled: false, pageLoadStrategy: normal, platformName: windows, proxy: Proxy(), se:cdp: ws://localhost:65231/devtoo..., se:cdpVersion: 140.0.7339.82, setWindowRect: true, strictFileInteractability: false, timeouts: {implicit: 0, pageLoad: 300000, script: 30000}, unhandledPromptBehavior: dismiss and notify, webauthn:extension:credBlob: true, webauthn:extension:largeBlob: true, webauthn:extension:minPinLength: true, webauthn:extension:prf: true, webauthn:virtualAuthenticators: true}
Session ID: 1c905014150a24bdfa7b1263f5b139c6
at org.openqa.selenium.remote.ErrorCodec.decode(ErrorCodec.java:167)
at org.openqa.selenium.remote.codec.w3c.W3CHttpResponseCodec.decode(W3CHttpResponseCodec.java:138)
at org.openqa.selenium.remote.codec.w3c.W3CHttpResponseCodec.decode(W3CHttpResponseCodec.java:50)
at org.openqa.selenium.remote.HttpCommandExecutor.execute(HttpCommandExecutor.java:190)
at org.openqa.selenium.remote.service.DriverCommandExecutor.invokeExecute(DriverCommandExecutor.java:216)
at org.openqa.selenium.remote.service.DriverCommandExecutor.execute(DriverCommandExecutor.java:174)
at org.openqa.selenium.remote.RemoteWebDriver.execute(RemoteWebDriver.java:545)
at org.openqa.selenium.remote.ElementLocation$ElementFinder$2.findElement(ElementLocation.java:165)
at org.openqa.selenium.remote.ElementLocation.findElement(ElementLocation.java:59)
at org.openqa.selenium.remote.RemoteWebDriver.findElement(RemoteWebDriver.java:368)
at org.openqa.selenium.remote.RemoteWebDriver.findElement(RemoteWebDriver.java:362)
at org.openqa.selenium.support.pagefactory.DefaultElementLocator.findElement(DefaultElementLocator.java:68)
at org.openqa.selenium.support.pagefactory.internal.LocatingElementHandler.invoke(LocatingElementHandler.java:38)
at jdk.proxy2/jdk.proxy2.$Proxy18.isDisplayed(Unknown Source)
at Wrappers.WebElementCommon.isPresent(WebElementCommon.java:11)
at Wrappers.WebElementCommon.isClickable(WebElementCommon.java:19)
at Wrappers.WebButton.clickButton(WebButton.java:14)
at Test.Dashboard.Actions_Class.Activate_Test_Kit_Actions.doubleBarcodeFoHowToPageWith12Elements(Activate_Test_Kit_Actions.java:280)
at Dashboard.Activate_Test_Kit_Test_Cases.TC_32_Verify_Double_Barcode_For_How_To_Page_With_12_Elements.TC_32_Verify_double_barcode_for_how_to_page_with_12_elements(TC_32_Verify_Double_Barcode_For_How_To_Page_With_12_Elements.java:25)
at java.base/java.util.ArrayList.forEach(ArrayList.java:1596)
... Removed 28 stack frames]]>
    </failure>
  </testcase> <!-- TC_32_Verify_double_barcode_for_how_to_page_with_12_elements -->
  <testcase classname="Dashboard.Create_Account_Test_Cases.TC_09_Verify_Invalid_Email_Format" name="TC_09_Verify_error_for_invalid_email" time="6.578"/>
  <testcase classname="Dashboard.Create_Account_Test_Cases.TC_12_Verify_Already_Exisitng_Account_Error" name="TC_12_Verify_already_exisitng_account_error" time="7.099"/>
  <testcase classname="Dashboard.Create_Account_Test_Cases.TC_04_Verify_Mandatory_Fields" name="TC_04_Verify_mandatory_fields" time="5.243"/>
  <testcase classname="Dashboard.Create_Account_Test_Cases.TC_06_Verify_Empty_Last_Name" name="TC_06_Verify_error_for_empty_last_name" time="5.644"/>
  <testcase classname="Dashboard.Create_Account_Test_Cases.TC_08_Verify_Empty_Password" name="TC_08_Verify_error_for_empty_password" time="5.532"/>
  <testcase classname="Dashboard.Create_Account_Test_Cases.TC_07_Verify_Empty_Email" name="TC_07_Verify_error_for_empty_email" time="5.691"/>
  <testcase classname="Dashboard.Create_Account_Test_Cases.TC_10_Verify_Invalid_Password_Format" name="TC_10_Verify_error_for_invalid_password" time="5.751"/>
  <testcase classname="Dashboard.Create_Account_Test_Cases.TC_05_Verify_Empty_First_Name" name="TC_05_Verify_error_for_empty_first_name" time="5.707"/>
  <testcase classname="Dashboard.Create_Account_Test_Cases.TC_01_Verify_That_The_Create_Account_Page_Loads_Correctly" name="TC_01_Verify_that_the_create_account_page_loads_correctly" time="1.931"/>
  <testcase classname="Dashboard.Create_Account_Test_Cases.TC_02_And_03_Verify_Successful_Account_Creation_With_Valid_Data" name="TC_02_Verify_successful_account_creation_with_valid_data" time="6.864"/>
  <testcase classname="Dashboard.Create_Account_Test_Cases.TC_02_And_03_Verify_Successful_Account_Creation_With_Valid_Data" name="TC_03_Verify_account_created_via_email_link" time="15.745">
    <failure type="java.lang.NullPointerException">
      <![CDATA[java.lang.NullPointerException
at java.base/java.util.Objects.requireNonNull(Objects.java:233)
at java.base/java.util.ImmutableCollections$Map1.<init>(ImmutableCollections.java:1112)
at java.base/java.util.Map.of(Map.java:1365)
at org.openqa.selenium.remote.DriverCommand.GET(DriverCommand.java:180)
at org.openqa.selenium.remote.RemoteWebDriver.get(RemoteWebDriver.java:313)
at Test.Dashboard.Actions_Class.Create_Account_Actions.validateEmailLink(Create_Account_Actions.java:69)
at Dashboard.Create_Account_Test_Cases.TC_02_And_03_Verify_Successful_Account_Creation_With_Valid_Data.TC_03_Verify_account_created_via_email_link(TC_02_And_03_Verify_Successful_Account_Creation_With_Valid_Data.java:27)
at java.base/java.util.ArrayList.forEach(ArrayList.java:1596)
... Removed 25 stack frames]]>
    </failure>
  </testcase> <!-- TC_03_Verify_account_created_via_email_link -->
  <testcase classname="Dashboard.Create_Account_Test_Cases.TC_11_Verify_That_Marketing_Consent_Checkbox_Is_Optional" name="TC_11_Verify_successful_account_creation_with_valid_data" time="6.898"/>
  <testcase classname="Dashboard.Customer_Landing_Test_Cases.TC_02_Verify_The_Display_Correct_Timeline_Statuses_Icons_For_Test_Kits" name="TC_02_Verify_the_display_correct_timeline_statuses_icons_for_test_kits" time="88.214"/>
  <testcase classname="Dashboard.Customer_Landing_Test_Cases.TC_24_Verify_The_Dashboard_Update_For_DNA_Test_With_Result_Published" name="TC_24_Verify_the_dashboard_update_for_DNA_test_with_result_published" time="147.575">
    <failure type="org.openqa.selenium.TimeoutException" message="Expected condition failed: waiting for visibility of Proxy element for: DefaultElementLocator &amp;apos;By.xpath: //h1[normalize-space()=&amp;apos;My results&amp;apos;]&amp;apos; (tried for 20 second(s) with 500 milliseconds interval)">
      <![CDATA[org.openqa.selenium.TimeoutException: Expected condition failed: waiting for visibility of Proxy element for: DefaultElementLocator 'By.xpath: //h1[normalize-space()='My results']' (tried for 20 second(s) with 500 milliseconds interval)
at org.openqa.selenium.support.ui.WebDriverWait.timeoutException(WebDriverWait.java:84)
at org.openqa.selenium.support.ui.FluentWait.until(FluentWait.java:228)
at Wrappers.WebWait.visibilityOfElement(WebWait.java:20)
at Test.Dashboard.Actions_Class.Customer_Landing_Actions.verifyDashboardUpdateForDnaTestResultsPublished(Customer_Landing_Actions.java:1355)
at Dashboard.Customer_Landing_Test_Cases.TC_24_Verify_The_Dashboard_Update_For_DNA_Test_With_Result_Published.TC_24_Verify_the_dashboard_update_for_DNA_test_with_result_published(TC_24_Verify_The_Dashboard_Update_For_DNA_Test_With_Result_Published.java:17)
at java.base/java.util.ArrayList.forEach(ArrayList.java:1596)
Caused by: org.openqa.selenium.NoSuchElementException: no such element: Unable to locate element: {"method":"xpath","selector":"//h1[normalize-space()='My results']"}
  (Session info: chrome=140.0.7339.82)
For documentation on this error, please visit: https://www.selenium.dev/documentation/webdriver/troubleshooting/errors#no-such-element-exception
Build info: version: '4.25.0', revision: '8a8aea2337'
System info: os.name: 'Windows 11', os.arch: 'amd64', os.version: '10.0', java.version: '21.0.8'
Driver info: org.openqa.selenium.chrome.ChromeDriver
Command: [1ec46c2ad5e54e1e68df578e71d658aa, findElement {value=//h1[normalize-space()='My results'], using=xpath}]
Capabilities {acceptInsecureCerts: false, browserName: chrome, browserVersion: 140.0.7339.82, chrome: {chromedriverVersion: 140.0.7339.82 (bc93617e21c3..., userDataDir: C:\Users\ROHAN~1.THO\AppDat...}, fedcm:accounts: true, goog:chromeOptions: {debuggerAddress: localhost:59396}, networkConnectionEnabled: false, pageLoadStrategy: normal, platformName: windows, proxy: Proxy(), se:cdp: ws://localhost:59396/devtoo..., se:cdpVersion: 140.0.7339.82, setWindowRect: true, strictFileInteractability: false, timeouts: {implicit: 0, pageLoad: 300000, script: 30000}, unhandledPromptBehavior: dismiss and notify, webauthn:extension:credBlob: true, webauthn:extension:largeBlob: true, webauthn:extension:minPinLength: true, webauthn:extension:prf: true, webauthn:virtualAuthenticators: true}
Session ID: 1ec46c2ad5e54e1e68df578e71d658aa
at org.openqa.selenium.remote.ErrorCodec.decode(ErrorCodec.java:167)
at org.openqa.selenium.remote.codec.w3c.W3CHttpResponseCodec.decode(W3CHttpResponseCodec.java:138)
at org.openqa.selenium.remote.codec.w3c.W3CHttpResponseCodec.decode(W3CHttpResponseCodec.java:50)
at org.openqa.selenium.remote.HttpCommandExecutor.execute(HttpCommandExecutor.java:190)
at org.openqa.selenium.remote.service.DriverCommandExecutor.invokeExecute(DriverCommandExecutor.java:216)
at org.openqa.selenium.remote.service.DriverCommandExecutor.execute(DriverCommandExecutor.java:174)
at org.openqa.selenium.remote.RemoteWebDriver.execute(RemoteWebDriver.java:545)
at org.openqa.selenium.remote.ElementLocation$ElementFinder$2.findElement(ElementLocation.java:165)
at org.openqa.selenium.remote.ElementLocation.findElement(ElementLocation.java:59)
at org.openqa.selenium.remote.RemoteWebDriver.findElement(RemoteWebDriver.java:368)
at org.openqa.selenium.remote.RemoteWebDriver.findElement(RemoteWebDriver.java:362)
at org.openqa.selenium.support.pagefactory.DefaultElementLocator.findElement(DefaultElementLocator.java:68)
at org.openqa.selenium.support.pagefactory.internal.LocatingElementHandler.invoke(LocatingElementHandler.java:38)
at jdk.proxy2/jdk.proxy2.$Proxy18.isDisplayed(Unknown Source)
at org.openqa.selenium.support.ui.ExpectedConditions.elementIfVisible(ExpectedConditions.java:304)
at org.openqa.selenium.support.ui.ExpectedConditions$10.apply(ExpectedConditions.java:290)
at org.openqa.selenium.support.ui.ExpectedConditions$10.apply(ExpectedConditions.java:287)
at org.openqa.selenium.support.ui.FluentWait.until(FluentWait.java:203)
... 29 more
... Removed 28 stack frames]]>
    </failure>
  </testcase> <!-- TC_24_Verify_the_dashboard_update_for_DNA_test_with_result_published -->
  <testcase classname="Dashboard.Customer_Landing_Test_Cases.TC_26_Verify_That_The_Fill_Or_Edit_Assessment_Functionality_After_Result_Upload" name="TC_26_Verify_that_the_fill_or_edit_assessment_functionality_after_result_upload" time="110.777"/>
  <testcase classname="Dashboard.Customer_Landing_Test_Cases.TC_06_Verify_The_Timeline_For_Rejected_Test_Kit" name="TC_06_Verify_the_timeline_for_rejected_test_kit" time="169.805">
    <failure type="org.openqa.selenium.TimeoutException" message="Expected condition failed: waiting for visibility of [[ChromeDriver: chrome on windows (194055e9106bc9d9a71f5e9f4b16443d)] -&amp;gt; xpath: //h1[normalize-space()=&amp;apos;My results&amp;apos;]] (tried for 20 second(s) with 500 milliseconds interval)">
      <![CDATA[org.openqa.selenium.TimeoutException: Expected condition failed: waiting for visibility of [[ChromeDriver: chrome on windows (194055e9106bc9d9a71f5e9f4b16443d)] -> xpath: //h1[normalize-space()='My results']] (tried for 20 second(s) with 500 milliseconds interval)
at org.openqa.selenium.support.ui.WebDriverWait.timeoutException(WebDriverWait.java:84)
at org.openqa.selenium.support.ui.FluentWait.until(FluentWait.java:228)
at Wrappers.WebWait.visibilityOfElement(WebWait.java:20)
at Test.Dashboard.Actions_Class.Customer_Landing_Actions.timelineForRejectedKit(Customer_Landing_Actions.java:371)
at Dashboard.Customer_Landing_Test_Cases.TC_06_Verify_The_Timeline_For_Rejected_Test_Kit.TC_06_Verify_the_timeline_for_rejected_test_kit(TC_06_Verify_The_Timeline_For_Rejected_Test_Kit.java:17)
at java.base/java.util.ArrayList.forEach(ArrayList.java:1596)
Caused by: org.openqa.selenium.NoSuchElementException: no such element: Unable to locate element: {"method":"xpath","selector":"//h1[normalize-space()='My results']"}
  (Session info: chrome=140.0.7339.82)
For documentation on this error, please visit: https://www.selenium.dev/documentation/webdriver/troubleshooting/errors#no-such-element-exception
Build info: version: '4.25.0', revision: '8a8aea2337'
System info: os.name: 'Windows 11', os.arch: 'amd64', os.version: '10.0', java.version: '21.0.8'
Driver info: org.openqa.selenium.chrome.ChromeDriver
Command: [194055e9106bc9d9a71f5e9f4b16443d, findElement {value=//h1[normalize-space()='My results'], using=xpath}]
Capabilities {acceptInsecureCerts: false, browserName: chrome, browserVersion: 140.0.7339.82, chrome: {chromedriverVersion: 140.0.7339.82 (bc93617e21c3..., userDataDir: C:\Users\ROHAN~1.THO\AppDat...}, fedcm:accounts: true, goog:chromeOptions: {debuggerAddress: localhost:61008}, networkConnectionEnabled: false, pageLoadStrategy: normal, platformName: windows, proxy: Proxy(), se:cdp: ws://localhost:61008/devtoo..., se:cdpVersion: 140.0.7339.82, setWindowRect: true, strictFileInteractability: false, timeouts: {implicit: 0, pageLoad: 300000, script: 30000}, unhandledPromptBehavior: dismiss and notify, webauthn:extension:credBlob: true, webauthn:extension:largeBlob: true, webauthn:extension:minPinLength: true, webauthn:extension:prf: true, webauthn:virtualAuthenticators: true}
Session ID: 194055e9106bc9d9a71f5e9f4b16443d
at org.openqa.selenium.remote.ErrorCodec.decode(ErrorCodec.java:167)
at org.openqa.selenium.remote.codec.w3c.W3CHttpResponseCodec.decode(W3CHttpResponseCodec.java:138)
at org.openqa.selenium.remote.codec.w3c.W3CHttpResponseCodec.decode(W3CHttpResponseCodec.java:50)
at org.openqa.selenium.remote.HttpCommandExecutor.execute(HttpCommandExecutor.java:190)
at org.openqa.selenium.remote.service.DriverCommandExecutor.invokeExecute(DriverCommandExecutor.java:216)
at org.openqa.selenium.remote.service.DriverCommandExecutor.execute(DriverCommandExecutor.java:174)
at org.openqa.selenium.remote.RemoteWebDriver.execute(RemoteWebDriver.java:545)
at org.openqa.selenium.remote.ElementLocation$ElementFinder$2.findElement(ElementLocation.java:165)
at org.openqa.selenium.remote.ElementLocation.findElement(ElementLocation.java:59)
at org.openqa.selenium.remote.RemoteWebDriver.findElement(RemoteWebDriver.java:368)
at org.openqa.selenium.remote.RemoteWebDriver.findElement(RemoteWebDriver.java:362)
at org.openqa.selenium.support.pagefactory.DefaultElementLocator.findElement(DefaultElementLocator.java:68)
at org.openqa.selenium.support.pagefactory.internal.LocatingElementHandler.invoke(LocatingElementHandler.java:38)
at jdk.proxy2/jdk.proxy2.$Proxy18.isDisplayed(Unknown Source)
at org.openqa.selenium.support.ui.ExpectedConditions.elementIfVisible(ExpectedConditions.java:304)
at org.openqa.selenium.support.ui.ExpectedConditions$10.apply(ExpectedConditions.java:290)
at org.openqa.selenium.support.ui.ExpectedConditions$10.apply(ExpectedConditions.java:287)
at org.openqa.selenium.support.ui.FluentWait.until(FluentWait.java:203)
... 29 more
... Removed 28 stack frames]]>
    </failure>
  </testcase> <!-- TC_06_Verify_the_timeline_for_rejected_test_kit -->
  <testcase classname="Dashboard.Customer_Landing_Test_Cases.TC_28_Verify_Fill_Assessment_Functionality_After_Result_Upload_For_Hormone_Test" name="TC_28_Verify_fill_assessment_functionality_after_result_upload_for_hormone_test" time="114.343"/>
  <testcase classname="Dashboard.Customer_Landing_Test_Cases.TC_53_TC_44_Verify_Highlighting_Of_Error_Messages_In_Dashboard" name="TC_53_Verify_highlighting_of_error_messages_in_dashboard" time="25.598"/>
  <testcase classname="Dashboard.Customer_Landing_Test_Cases.TC_53_TC_44_Verify_Highlighting_Of_Error_Messages_In_Dashboard" name="TC_44_Verify_Error_Message_UI" time="0.092"/>
  <testcase classname="Dashboard.Customer_Landing_Test_Cases.TC_03_TC_04_Verify_Dynamic_Test_Updates_For_Blood_Tests" name="TC_03_Verify_dynamic_test_updates_for_blood_tests" time="134.589"/>
  <testcase classname="Dashboard.Customer_Landing_Test_Cases.TC_03_TC_04_Verify_Dynamic_Test_Updates_For_Blood_Tests" name="TC_04_Verify_The_Timeline_For_Completed_Steps_Of_Test_Kit" time="0.053"/>
  <testcase classname="Dashboard.Customer_Landing_Test_Cases.TC_10_TC_11_Verify_Dashboard_Message_And_Button_Display_When_Health_Assessment_Is_Not_Filled" name="TC_10_Verify_dashboard_message_and_button_display_when_health_Assessment_is_not_filled" time="85.993"/>
  <testcase classname="Dashboard.Customer_Landing_Test_Cases.TC_10_TC_11_Verify_Dashboard_Message_And_Button_Display_When_Health_Assessment_Is_Not_Filled" name="TC_11_Verify_dashboard_message_and_button_display_when_health_assessment_is_filled" time="37.699"/>
  <testcase classname="Dashboard.Customer_Landing_Test_Cases.TC_46_Verify_Pictorial_Scale_For_Biomarker_Report" name="TC_46_Verify_pictorial_scale_for_biomarker_report" time="179.885"/>
  <testcase classname="Dashboard.Customer_Landing_Test_Cases.TC_45_TC_43_TC_48_TC_52_Verify_Calendar_UI_for_SH_Consultation" name="TC_45_Verify_calendar_ui_for_sh_consultation" time="183.145"/>
  <testcase classname="Dashboard.Customer_Landing_Test_Cases.TC_45_TC_43_TC_48_TC_52_Verify_Calendar_UI_for_SH_Consultation" name="TC_43_Verify_font_consistency" time="0.119"/>
  <testcase classname="Dashboard.Customer_Landing_Test_Cases.TC_45_TC_43_TC_48_TC_52_Verify_Calendar_UI_for_SH_Consultation" name="TC_52_Verify_proper_wrapping_of_long_text" time="0.026"/>
  <testcase classname="Dashboard.Customer_Landing_Test_Cases.TC_45_TC_43_TC_48_TC_52_Verify_Calendar_UI_for_SH_Consultation" name="TC_48_Verify_scroll_behavior_for_long_test_summaries" time="5.088"/>
  <testcase classname="Dashboard.Customer_Landing_Test_Cases.TC_42_Verify_Button_Styles_And_Visibility" name="TC_42_Verify_button_styles_and_visibility" time="21.707"/>
  <testcase classname="Dashboard.Customer_Landing_Test_Cases.TC_07_TC_13_TC_15_Verify_The_Timeline_For_SH_Test_With_Unconfirmed_Results" name="TC_13_Verify_the_display_of_calendly_calendar_with_message_for_SH_tests" time="174.258"/>
  <testcase classname="Dashboard.Customer_Landing_Test_Cases.TC_07_TC_13_TC_15_Verify_The_Timeline_For_SH_Test_With_Unconfirmed_Results" name="TC_07_Verify_the_timeline_for_SH_test_with_unconfirmed_results" time="6.612"/>
  <testcase classname="Dashboard.Customer_Landing_Test_Cases.TC_22_TC_23_TC_25_Verify_Timeline_Update_For_DNA_Tests" name="TC_22_Verify_timeline_update_for_DNA_tests" time="148.596"/>
  <testcase classname="Dashboard.Customer_Landing_Test_Cases.TC_22_TC_23_TC_25_Verify_Timeline_Update_For_DNA_Tests" name="TC_23_Verify_test_summary_details_and_updates_for_DNA_test_with_result_not_published" time="0.189">
    <failure type="java.lang.AssertionError" message="Test kit type does not match expected mapped value expected [] but found [Weight Management DNA Test]">
      <![CDATA[java.lang.AssertionError: Test kit type does not match expected mapped value expected [] but found [Weight Management DNA Test]
at Test.Dashboard.Actions_Class.Customer_Landing_Actions.verifyTestSummaryForDNATestCommon(Customer_Landing_Actions.java:1266)
at Test.Dashboard.Actions_Class.Customer_Landing_Actions.verifyTestSummaryForDNATest(Customer_Landing_Actions.java:1308)
at Dashboard.Customer_Landing_Test_Cases.TC_22_TC_23_TC_25_Verify_Timeline_Update_For_DNA_Tests.TC_23_Verify_test_summary_details_and_updates_for_DNA_test_with_result_not_published(TC_22_TC_23_TC_25_Verify_Timeline_Update_For_DNA_Tests.java:24)
at java.base/java.util.ArrayList.forEach(ArrayList.java:1596)
... Removed 30 stack frames]]>
    </failure>
  </testcase> <!-- TC_23_Verify_test_summary_details_and_updates_for_DNA_test_with_result_not_published -->
  <testcase classname="Dashboard.Customer_Landing_Test_Cases.TC_22_TC_23_TC_25_Verify_Timeline_Update_For_DNA_Tests" name="TC_25_Verify_Dynamic_Test_Updates_For_DNA_Tests" time="0.0">
    <skipped/>
  </testcase> <!-- TC_25_Verify_Dynamic_Test_Updates_For_DNA_Tests -->
  <testcase classname="Dashboard.Customer_Landing_Test_Cases.TC_50_Verify_Clickable_Area_Of_Buttons" name="TC_50_Verify_clickable_area_of_buttons" time="23.246"/>
  <testcase classname="Dashboard.Customer_Landing_Test_Cases.TC_21_TC_29_TC_31_Verify_Test_Summary_For_Blood_Test" name="TC_21_Verify_test_summary_for_blood_test" time="86.23">
    <failure type="org.openqa.selenium.TimeoutException" message="Expected condition failed: waiting for visibility of Proxy element for: DefaultElementLocator &amp;apos;By.xpath: //h1[normalize-space()=&amp;apos;My results&amp;apos;]&amp;apos; (tried for 20 second(s) with 500 milliseconds interval)">
      <![CDATA[org.openqa.selenium.TimeoutException: Expected condition failed: waiting for visibility of Proxy element for: DefaultElementLocator 'By.xpath: //h1[normalize-space()='My results']' (tried for 20 second(s) with 500 milliseconds interval)
at org.openqa.selenium.support.ui.WebDriverWait.timeoutException(WebDriverWait.java:84)
at org.openqa.selenium.support.ui.FluentWait.until(FluentWait.java:228)
at Wrappers.WebWait.visibilityOfElement(WebWait.java:20)
at Test.Dashboard.Actions_Class.Customer_Landing_Actions.activateTestKitBloodHarmoneTest(Customer_Landing_Actions.java:160)
at Test.Dashboard.Actions_Class.Customer_Landing_Actions.verifyTestSummaryBloodTest(Customer_Landing_Actions.java:940)
at Dashboard.Customer_Landing_Test_Cases.TC_21_TC_29_TC_31_Verify_Test_Summary_For_Blood_Test.TC_21_Verify_test_summary_for_blood_test(TC_21_TC_29_TC_31_Verify_Test_Summary_For_Blood_Test.java:17)
at java.base/java.util.ArrayList.forEach(ArrayList.java:1596)
Caused by: org.openqa.selenium.NoSuchElementException: no such element: Unable to locate element: {"method":"xpath","selector":"//h1[normalize-space()='My results']"}
  (Session info: chrome=140.0.7339.82)
For documentation on this error, please visit: https://www.selenium.dev/documentation/webdriver/troubleshooting/errors#no-such-element-exception
Build info: version: '4.25.0', revision: '8a8aea2337'
System info: os.name: 'Windows 11', os.arch: 'amd64', os.version: '10.0', java.version: '21.0.8'
Driver info: org.openqa.selenium.chrome.ChromeDriver
Command: [9179e76f525af3db95b16e954ee60727, findElement {value=//h1[normalize-space()='My results'], using=xpath}]
Capabilities {acceptInsecureCerts: false, browserName: chrome, browserVersion: 140.0.7339.82, chrome: {chromedriverVersion: 140.0.7339.82 (bc93617e21c3..., userDataDir: C:\Users\ROHAN~1.THO\AppDat...}, fedcm:accounts: true, goog:chromeOptions: {debuggerAddress: localhost:54373}, networkConnectionEnabled: false, pageLoadStrategy: normal, platformName: windows, proxy: Proxy(), se:cdp: ws://localhost:54373/devtoo..., se:cdpVersion: 140.0.7339.82, setWindowRect: true, strictFileInteractability: false, timeouts: {implicit: 0, pageLoad: 300000, script: 30000}, unhandledPromptBehavior: dismiss and notify, webauthn:extension:credBlob: true, webauthn:extension:largeBlob: true, webauthn:extension:minPinLength: true, webauthn:extension:prf: true, webauthn:virtualAuthenticators: true}
Session ID: 9179e76f525af3db95b16e954ee60727
at org.openqa.selenium.remote.ErrorCodec.decode(ErrorCodec.java:167)
at org.openqa.selenium.remote.codec.w3c.W3CHttpResponseCodec.decode(W3CHttpResponseCodec.java:138)
at org.openqa.selenium.remote.codec.w3c.W3CHttpResponseCodec.decode(W3CHttpResponseCodec.java:50)
at org.openqa.selenium.remote.HttpCommandExecutor.execute(HttpCommandExecutor.java:190)
at org.openqa.selenium.remote.service.DriverCommandExecutor.invokeExecute(DriverCommandExecutor.java:216)
at org.openqa.selenium.remote.service.DriverCommandExecutor.execute(DriverCommandExecutor.java:174)
at org.openqa.selenium.remote.RemoteWebDriver.execute(RemoteWebDriver.java:545)
at org.openqa.selenium.remote.ElementLocation$ElementFinder$2.findElement(ElementLocation.java:165)
at org.openqa.selenium.remote.ElementLocation.findElement(ElementLocation.java:59)
at org.openqa.selenium.remote.RemoteWebDriver.findElement(RemoteWebDriver.java:368)
at org.openqa.selenium.remote.RemoteWebDriver.findElement(RemoteWebDriver.java:362)
at org.openqa.selenium.support.pagefactory.DefaultElementLocator.findElement(DefaultElementLocator.java:68)
at org.openqa.selenium.support.pagefactory.internal.LocatingElementHandler.invoke(LocatingElementHandler.java:38)
at jdk.proxy2/jdk.proxy2.$Proxy18.isDisplayed(Unknown Source)
at org.openqa.selenium.support.ui.ExpectedConditions.elementIfVisible(ExpectedConditions.java:304)
at org.openqa.selenium.support.ui.ExpectedConditions$10.apply(ExpectedConditions.java:290)
at org.openqa.selenium.support.ui.ExpectedConditions$10.apply(ExpectedConditions.java:287)
at org.openqa.selenium.support.ui.FluentWait.until(FluentWait.java:203)
... 30 more
... Removed 28 stack frames]]>
    </failure>
  </testcase> <!-- TC_21_Verify_test_summary_for_blood_test -->
  <testcase classname="Dashboard.Customer_Landing_Test_Cases.TC_21_TC_29_TC_31_Verify_Test_Summary_For_Blood_Test" name="TC_31_Verify_dashboard_data_persistence_on_reload" time="0.0">
    <skipped/>
  </testcase> <!-- TC_31_Verify_dashboard_data_persistence_on_reload -->
  <testcase classname="Dashboard.Customer_Landing_Test_Cases.TC_21_TC_29_TC_31_Verify_Test_Summary_For_Blood_Test" name="TC_29_Verify_correct_display_of_gender_at_birth_in_blood_test_summary" time="0.0">
    <skipped/>
  </testcase> <!-- TC_29_Verify_correct_display_of_gender_at_birth_in_blood_test_summary -->
  <testcase classname="Dashboard.Customer_Landing_Test_Cases.TC_20_TC_30_Verify_Report_View_Functionality" name="TC_20_Verify_report_view_functionality" time="178.997">
    <failure type="org.openqa.selenium.TimeoutException" message="Expected condition failed: waiting for visibility of [[ChromeDriver: chrome on windows (b1bae397e136bb084cbdde9439d0acbc)] -&amp;gt; xpath: //h1[normalize-space()=&amp;apos;My results&amp;apos;]] (tried for 20 second(s) with 500 milliseconds interval)">
      <![CDATA[org.openqa.selenium.TimeoutException: Expected condition failed: waiting for visibility of [[ChromeDriver: chrome on windows (b1bae397e136bb084cbdde9439d0acbc)] -> xpath: //h1[normalize-space()='My results']] (tried for 20 second(s) with 500 milliseconds interval)
at org.openqa.selenium.support.ui.WebDriverWait.timeoutException(WebDriverWait.java:84)
at org.openqa.selenium.support.ui.FluentWait.until(FluentWait.java:228)
at Wrappers.WebWait.visibilityOfElement(WebWait.java:20)
at Test.Dashboard.Actions_Class.Customer_Landing_Actions.verifyReportViewFunctionality(Customer_Landing_Actions.java:921)
at Dashboard.Customer_Landing_Test_Cases.TC_20_TC_30_Verify_Report_View_Functionality.TC_20_Verify_report_view_functionality(TC_20_TC_30_Verify_Report_View_Functionality.java:17)
at java.base/java.util.ArrayList.forEach(ArrayList.java:1596)
Caused by: org.openqa.selenium.NoSuchElementException: no such element: Unable to locate element: {"method":"xpath","selector":"//h1[normalize-space()='My results']"}
  (Session info: chrome=140.0.7339.82)
For documentation on this error, please visit: https://www.selenium.dev/documentation/webdriver/troubleshooting/errors#no-such-element-exception
Build info: version: '4.25.0', revision: '8a8aea2337'
System info: os.name: 'Windows 11', os.arch: 'amd64', os.version: '10.0', java.version: '21.0.8'
Driver info: org.openqa.selenium.chrome.ChromeDriver
Command: [b1bae397e136bb084cbdde9439d0acbc, findElement {value=//h1[normalize-space()='My results'], using=xpath}]
Capabilities {acceptInsecureCerts: false, browserName: chrome, browserVersion: 140.0.7339.82, chrome: {chromedriverVersion: 140.0.7339.82 (bc93617e21c3..., userDataDir: C:\Users\ROHAN~1.THO\AppDat...}, fedcm:accounts: true, goog:chromeOptions: {debuggerAddress: localhost:52754}, networkConnectionEnabled: false, pageLoadStrategy: normal, platformName: windows, proxy: Proxy(), se:cdp: ws://localhost:52754/devtoo..., se:cdpVersion: 140.0.7339.82, setWindowRect: true, strictFileInteractability: false, timeouts: {implicit: 0, pageLoad: 300000, script: 30000}, unhandledPromptBehavior: dismiss and notify, webauthn:extension:credBlob: true, webauthn:extension:largeBlob: true, webauthn:extension:minPinLength: true, webauthn:extension:prf: true, webauthn:virtualAuthenticators: true}
Session ID: b1bae397e136bb084cbdde9439d0acbc
at org.openqa.selenium.remote.ErrorCodec.decode(ErrorCodec.java:167)
at org.openqa.selenium.remote.codec.w3c.W3CHttpResponseCodec.decode(W3CHttpResponseCodec.java:138)
at org.openqa.selenium.remote.codec.w3c.W3CHttpResponseCodec.decode(W3CHttpResponseCodec.java:50)
at org.openqa.selenium.remote.HttpCommandExecutor.execute(HttpCommandExecutor.java:190)
at org.openqa.selenium.remote.service.DriverCommandExecutor.invokeExecute(DriverCommandExecutor.java:216)
at org.openqa.selenium.remote.service.DriverCommandExecutor.execute(DriverCommandExecutor.java:174)
at org.openqa.selenium.remote.RemoteWebDriver.execute(RemoteWebDriver.java:545)
at org.openqa.selenium.remote.ElementLocation$ElementFinder$2.findElement(ElementLocation.java:165)
at org.openqa.selenium.remote.ElementLocation.findElement(ElementLocation.java:59)
at org.openqa.selenium.remote.RemoteWebDriver.findElement(RemoteWebDriver.java:368)
at org.openqa.selenium.remote.RemoteWebDriver.findElement(RemoteWebDriver.java:362)
at org.openqa.selenium.support.pagefactory.DefaultElementLocator.findElement(DefaultElementLocator.java:68)
at org.openqa.selenium.support.pagefactory.internal.LocatingElementHandler.invoke(LocatingElementHandler.java:38)
at jdk.proxy2/jdk.proxy2.$Proxy18.isDisplayed(Unknown Source)
at org.openqa.selenium.support.ui.ExpectedConditions.elementIfVisible(ExpectedConditions.java:304)
at org.openqa.selenium.support.ui.ExpectedConditions$10.apply(ExpectedConditions.java:290)
at org.openqa.selenium.support.ui.ExpectedConditions$10.apply(ExpectedConditions.java:287)
at org.openqa.selenium.support.ui.FluentWait.until(FluentWait.java:203)
... 29 more
... Removed 28 stack frames]]>
    </failure>
  </testcase> <!-- TC_20_Verify_report_view_functionality -->
  <testcase classname="Dashboard.Customer_Landing_Test_Cases.TC_20_TC_30_Verify_Report_View_Functionality" name="TC_30_Verify_pictorial_scale_in_detailed_report" time="0.001">
    <skipped/>
  </testcase> <!-- TC_30_Verify_pictorial_scale_in_detailed_report -->
  <testcase classname="Dashboard.Customer_Landing_Test_Cases.TC_40_Verify_Layout_Consistency" name="TC_40_Verify_layout_consistency" time="16.071"/>
  <testcase classname="Dashboard.Customer_Landing_Test_Cases.TC_01_TC_51_Verify_Message_Display_When_No_Tests_Are_Available" name="TC_01_Verify_message_display_when_no_tests_are_available" time="4.072"/>
  <testcase classname="Dashboard.Customer_Landing_Test_Cases.TC_01_TC_51_Verify_Message_Display_When_No_Tests_Are_Available" name="TC_51_Verify_dashboards_empty_state" time="0.052"/>
  <testcase classname="Dashboard.Customer_Landing_Test_Cases.TC_05_Verify_The_Timeline_Of_Incomplete_Activated_Test_Kit" name="TC_05_Verify_the_timeline_of_incomplete_activated_test_kit" time="105.275">
    <failure type="org.openqa.selenium.TimeoutException" message="Expected condition failed: waiting for visibility of Proxy element for: DefaultElementLocator &amp;apos;By.xpath: //h1[normalize-space()=&amp;apos;My results&amp;apos;]&amp;apos; (tried for 20 second(s) with 500 milliseconds interval)">
      <![CDATA[org.openqa.selenium.TimeoutException: Expected condition failed: waiting for visibility of Proxy element for: DefaultElementLocator 'By.xpath: //h1[normalize-space()='My results']' (tried for 20 second(s) with 500 milliseconds interval)
at org.openqa.selenium.support.ui.WebDriverWait.timeoutException(WebDriverWait.java:84)
at org.openqa.selenium.support.ui.FluentWait.until(FluentWait.java:228)
at Wrappers.WebWait.visibilityOfElement(WebWait.java:20)
at Test.Dashboard.Actions_Class.Customer_Landing_Actions.incompleteTestKitActivation(Customer_Landing_Actions.java:320)
at Dashboard.Customer_Landing_Test_Cases.TC_05_Verify_The_Timeline_Of_Incomplete_Activated_Test_Kit.TC_05_Verify_the_timeline_of_incomplete_activated_test_kit(TC_05_Verify_The_Timeline_Of_Incomplete_Activated_Test_Kit.java:17)
at java.base/java.util.ArrayList.forEach(ArrayList.java:1596)
Caused by: org.openqa.selenium.NoSuchElementException: no such element: Unable to locate element: {"method":"xpath","selector":"//h1[normalize-space()='My results']"}
  (Session info: chrome=140.0.7339.82)
For documentation on this error, please visit: https://www.selenium.dev/documentation/webdriver/troubleshooting/errors#no-such-element-exception
Build info: version: '4.25.0', revision: '8a8aea2337'
System info: os.name: 'Windows 11', os.arch: 'amd64', os.version: '10.0', java.version: '21.0.8'
Driver info: org.openqa.selenium.chrome.ChromeDriver
Command: [06122005de22ee3b53fd7025287a89e8, findElement {value=//h1[normalize-space()='My results'], using=xpath}]
Capabilities {acceptInsecureCerts: false, browserName: chrome, browserVersion: 140.0.7339.82, chrome: {chromedriverVersion: 140.0.7339.82 (bc93617e21c3..., userDataDir: C:\Users\ROHAN~1.THO\AppDat...}, fedcm:accounts: true, goog:chromeOptions: {debuggerAddress: localhost:53030}, networkConnectionEnabled: false, pageLoadStrategy: normal, platformName: windows, proxy: Proxy(), se:cdp: ws://localhost:53030/devtoo..., se:cdpVersion: 140.0.7339.82, setWindowRect: true, strictFileInteractability: false, timeouts: {implicit: 0, pageLoad: 300000, script: 30000}, unhandledPromptBehavior: dismiss and notify, webauthn:extension:credBlob: true, webauthn:extension:largeBlob: true, webauthn:extension:minPinLength: true, webauthn:extension:prf: true, webauthn:virtualAuthenticators: true}
Session ID: 06122005de22ee3b53fd7025287a89e8
at org.openqa.selenium.remote.ErrorCodec.decode(ErrorCodec.java:167)
at org.openqa.selenium.remote.codec.w3c.W3CHttpResponseCodec.decode(W3CHttpResponseCodec.java:138)
at org.openqa.selenium.remote.codec.w3c.W3CHttpResponseCodec.decode(W3CHttpResponseCodec.java:50)
at org.openqa.selenium.remote.HttpCommandExecutor.execute(HttpCommandExecutor.java:190)
at org.openqa.selenium.remote.service.DriverCommandExecutor.invokeExecute(DriverCommandExecutor.java:216)
at org.openqa.selenium.remote.service.DriverCommandExecutor.execute(DriverCommandExecutor.java:174)
at org.openqa.selenium.remote.RemoteWebDriver.execute(RemoteWebDriver.java:545)
at org.openqa.selenium.remote.ElementLocation$ElementFinder$2.findElement(ElementLocation.java:165)
at org.openqa.selenium.remote.ElementLocation.findElement(ElementLocation.java:59)
at org.openqa.selenium.remote.RemoteWebDriver.findElement(RemoteWebDriver.java:368)
at org.openqa.selenium.remote.RemoteWebDriver.findElement(RemoteWebDriver.java:362)
at org.openqa.selenium.support.pagefactory.DefaultElementLocator.findElement(DefaultElementLocator.java:68)
at org.openqa.selenium.support.pagefactory.internal.LocatingElementHandler.invoke(LocatingElementHandler.java:38)
at jdk.proxy2/jdk.proxy2.$Proxy18.isDisplayed(Unknown Source)
at org.openqa.selenium.support.ui.ExpectedConditions.elementIfVisible(ExpectedConditions.java:304)
at org.openqa.selenium.support.ui.ExpectedConditions$10.apply(ExpectedConditions.java:290)
at org.openqa.selenium.support.ui.ExpectedConditions$10.apply(ExpectedConditions.java:287)
at org.openqa.selenium.support.ui.FluentWait.until(FluentWait.java:203)
... 29 more
... Removed 28 stack frames]]>
    </failure>
  </testcase> <!-- TC_05_Verify_the_timeline_of_incomplete_activated_test_kit -->
  <testcase classname="Dashboard.Customer_Landing_Test_Cases.TC_08_TC_09_Verify_Timeline_For_DNA_Tests" name="TC_08_Verify_timeline_for_DNA_tests" time="87.639">
    <failure type="org.openqa.selenium.TimeoutException" message="Expected condition failed: waiting for visibility of Proxy element for: DefaultElementLocator &amp;apos;By.xpath: //h1[normalize-space()=&amp;apos;My results&amp;apos;]&amp;apos; (tried for 20 second(s) with 500 milliseconds interval)">
      <![CDATA[org.openqa.selenium.TimeoutException: Expected condition failed: waiting for visibility of Proxy element for: DefaultElementLocator 'By.xpath: //h1[normalize-space()='My results']' (tried for 20 second(s) with 500 milliseconds interval)
at org.openqa.selenium.support.ui.WebDriverWait.timeoutException(WebDriverWait.java:84)
at org.openqa.selenium.support.ui.FluentWait.until(FluentWait.java:228)
at Wrappers.WebWait.visibilityOfElement(WebWait.java:20)
at Test.Dashboard.Actions_Class.Health_Assessment_Actions.verifySuccessfulHealthAssessmentForDNATest(Health_Assessment_Actions.java:1845)
at Test.Dashboard.Actions_Class.Customer_Landing_Actions.verifyTimelineForDnaTests(Customer_Landing_Actions.java:385)
at Dashboard.Customer_Landing_Test_Cases.TC_08_TC_09_Verify_Timeline_For_DNA_Tests.TC_08_Verify_timeline_for_DNA_tests(TC_08_TC_09_Verify_Timeline_For_DNA_Tests.java:17)
at java.base/java.util.ArrayList.forEach(ArrayList.java:1596)
Caused by: org.openqa.selenium.NoSuchElementException: no such element: Unable to locate element: {"method":"xpath","selector":"//h1[normalize-space()='My results']"}
  (Session info: chrome=140.0.7339.82)
For documentation on this error, please visit: https://www.selenium.dev/documentation/webdriver/troubleshooting/errors#no-such-element-exception
Build info: version: '4.25.0', revision: '8a8aea2337'
System info: os.name: 'Windows 11', os.arch: 'amd64', os.version: '10.0', java.version: '21.0.8'
Driver info: org.openqa.selenium.chrome.ChromeDriver
Command: [790799b812cc979bd1560a84e6cac389, findElement {value=//h1[normalize-space()='My results'], using=xpath}]
Capabilities {acceptInsecureCerts: false, browserName: chrome, browserVersion: 140.0.7339.82, chrome: {chromedriverVersion: 140.0.7339.82 (bc93617e21c3..., userDataDir: C:\Users\ROHAN~1.THO\AppDat...}, fedcm:accounts: true, goog:chromeOptions: {debuggerAddress: localhost:60570}, networkConnectionEnabled: false, pageLoadStrategy: normal, platformName: windows, proxy: Proxy(), se:cdp: ws://localhost:60570/devtoo..., se:cdpVersion: 140.0.7339.82, setWindowRect: true, strictFileInteractability: false, timeouts: {implicit: 0, pageLoad: 300000, script: 30000}, unhandledPromptBehavior: dismiss and notify, webauthn:extension:credBlob: true, webauthn:extension:largeBlob: true, webauthn:extension:minPinLength: true, webauthn:extension:prf: true, webauthn:virtualAuthenticators: true}
Session ID: 790799b812cc979bd1560a84e6cac389
at org.openqa.selenium.remote.ErrorCodec.decode(ErrorCodec.java:167)
at org.openqa.selenium.remote.codec.w3c.W3CHttpResponseCodec.decode(W3CHttpResponseCodec.java:138)
at org.openqa.selenium.remote.codec.w3c.W3CHttpResponseCodec.decode(W3CHttpResponseCodec.java:50)
at org.openqa.selenium.remote.HttpCommandExecutor.execute(HttpCommandExecutor.java:190)
at org.openqa.selenium.remote.service.DriverCommandExecutor.invokeExecute(DriverCommandExecutor.java:216)
at org.openqa.selenium.remote.service.DriverCommandExecutor.execute(DriverCommandExecutor.java:174)
at org.openqa.selenium.remote.RemoteWebDriver.execute(RemoteWebDriver.java:545)
at org.openqa.selenium.remote.ElementLocation$ElementFinder$2.findElement(ElementLocation.java:165)
at org.openqa.selenium.remote.ElementLocation.findElement(ElementLocation.java:59)
at org.openqa.selenium.remote.RemoteWebDriver.findElement(RemoteWebDriver.java:368)
at org.openqa.selenium.remote.RemoteWebDriver.findElement(RemoteWebDriver.java:362)
at org.openqa.selenium.support.pagefactory.DefaultElementLocator.findElement(DefaultElementLocator.java:68)
at org.openqa.selenium.support.pagefactory.internal.LocatingElementHandler.invoke(LocatingElementHandler.java:38)
at jdk.proxy2/jdk.proxy2.$Proxy18.isDisplayed(Unknown Source)
at org.openqa.selenium.support.ui.ExpectedConditions.elementIfVisible(ExpectedConditions.java:304)
at org.openqa.selenium.support.ui.ExpectedConditions$10.apply(ExpectedConditions.java:290)
at org.openqa.selenium.support.ui.ExpectedConditions$10.apply(ExpectedConditions.java:287)
at org.openqa.selenium.support.ui.FluentWait.until(FluentWait.java:203)
... 30 more
... Removed 28 stack frames]]>
    </failure>
  </testcase> <!-- TC_08_Verify_timeline_for_DNA_tests -->
  <testcase classname="Dashboard.Customer_Landing_Test_Cases.TC_08_TC_09_Verify_Timeline_For_DNA_Tests" name="TC_09_Verify_timeline_for_rejected_DNA_sample" time="0.0">
    <skipped/>
  </testcase> <!-- TC_09_Verify_timeline_for_rejected_DNA_sample -->
  <testcase classname="Dashboard.Customer_Landing_Test_Cases.TC_41_TC_54_Verify_Timeline_Icon_Design" name="TC_41_Verify_timeline_icon_design" time="126.59">
    <failure type="org.openqa.selenium.TimeoutException" message="Expected condition failed: waiting for visibility of [[ChromeDriver: chrome on windows (79bca21926a165cf2e20024b2c585482)] -&amp;gt; xpath: //h1[normalize-space()=&amp;apos;My results&amp;apos;]] (tried for 20 second(s) with 500 milliseconds interval)">
      <![CDATA[org.openqa.selenium.TimeoutException: Expected condition failed: waiting for visibility of [[ChromeDriver: chrome on windows (79bca21926a165cf2e20024b2c585482)] -> xpath: //h1[normalize-space()='My results']] (tried for 20 second(s) with 500 milliseconds interval)
at org.openqa.selenium.support.ui.WebDriverWait.timeoutException(WebDriverWait.java:84)
at org.openqa.selenium.support.ui.FluentWait.until(FluentWait.java:228)
at Wrappers.WebWait.visibilityOfElement(WebWait.java:20)
at Test.Dashboard.Actions_Class.Customer_Landing_Actions.verifyDynamicTimelineUpdate(Customer_Landing_Actions.java:243)
at Test.Dashboard.Actions_Class.Customer_Landing_Actions.timelineForRejectedKit(Customer_Landing_Actions.java:347)
at Dashboard.Customer_Landing_Test_Cases.TC_41_TC_54_Verify_Timeline_Icon_Design.TC_41_Verify_timeline_icon_design(TC_41_TC_54_Verify_Timeline_Icon_Design.java:17)
at java.base/java.util.ArrayList.forEach(ArrayList.java:1596)
Caused by: org.openqa.selenium.NoSuchElementException: no such element: Unable to locate element: {"method":"xpath","selector":"//h1[normalize-space()='My results']"}
  (Session info: chrome=140.0.7339.82)
For documentation on this error, please visit: https://www.selenium.dev/documentation/webdriver/troubleshooting/errors#no-such-element-exception
Build info: version: '4.25.0', revision: '8a8aea2337'
System info: os.name: 'Windows 11', os.arch: 'amd64', os.version: '10.0', java.version: '21.0.8'
Driver info: org.openqa.selenium.chrome.ChromeDriver
Command: [79bca21926a165cf2e20024b2c585482, findElement {value=//h1[normalize-space()='My results'], using=xpath}]
Capabilities {acceptInsecureCerts: false, browserName: chrome, browserVersion: 140.0.7339.82, chrome: {chromedriverVersion: 140.0.7339.82 (bc93617e21c3..., userDataDir: C:\Users\ROHAN~1.THO\AppDat...}, fedcm:accounts: true, goog:chromeOptions: {debuggerAddress: localhost:60675}, networkConnectionEnabled: false, pageLoadStrategy: normal, platformName: windows, proxy: Proxy(), se:cdp: ws://localhost:60675/devtoo..., se:cdpVersion: 140.0.7339.82, setWindowRect: true, strictFileInteractability: false, timeouts: {implicit: 0, pageLoad: 300000, script: 30000}, unhandledPromptBehavior: dismiss and notify, webauthn:extension:credBlob: true, webauthn:extension:largeBlob: true, webauthn:extension:minPinLength: true, webauthn:extension:prf: true, webauthn:virtualAuthenticators: true}
Session ID: 79bca21926a165cf2e20024b2c585482
at org.openqa.selenium.remote.ErrorCodec.decode(ErrorCodec.java:167)
at org.openqa.selenium.remote.codec.w3c.W3CHttpResponseCodec.decode(W3CHttpResponseCodec.java:138)
at org.openqa.selenium.remote.codec.w3c.W3CHttpResponseCodec.decode(W3CHttpResponseCodec.java:50)
at org.openqa.selenium.remote.HttpCommandExecutor.execute(HttpCommandExecutor.java:190)
at org.openqa.selenium.remote.service.DriverCommandExecutor.invokeExecute(DriverCommandExecutor.java:216)
at org.openqa.selenium.remote.service.DriverCommandExecutor.execute(DriverCommandExecutor.java:174)
at org.openqa.selenium.remote.RemoteWebDriver.execute(RemoteWebDriver.java:545)
at org.openqa.selenium.remote.ElementLocation$ElementFinder$2.findElement(ElementLocation.java:165)
at org.openqa.selenium.remote.ElementLocation.findElement(ElementLocation.java:59)
at org.openqa.selenium.remote.RemoteWebDriver.findElement(RemoteWebDriver.java:368)
at org.openqa.selenium.remote.RemoteWebDriver.findElement(RemoteWebDriver.java:362)
at org.openqa.selenium.support.pagefactory.DefaultElementLocator.findElement(DefaultElementLocator.java:68)
at org.openqa.selenium.support.pagefactory.internal.LocatingElementHandler.invoke(LocatingElementHandler.java:38)
at jdk.proxy2/jdk.proxy2.$Proxy18.isDisplayed(Unknown Source)
at org.openqa.selenium.support.ui.ExpectedConditions.elementIfVisible(ExpectedConditions.java:304)
at org.openqa.selenium.support.ui.ExpectedConditions$10.apply(ExpectedConditions.java:290)
at org.openqa.selenium.support.ui.ExpectedConditions$10.apply(ExpectedConditions.java:287)
at org.openqa.selenium.support.ui.FluentWait.until(FluentWait.java:203)
... 30 more
... Removed 28 stack frames]]>
    </failure>
  </testcase> <!-- TC_41_Verify_timeline_icon_design -->
  <testcase classname="Dashboard.Customer_Landing_Test_Cases.TC_41_TC_54_Verify_Timeline_Icon_Design" name="TC_54_Verify_visual_consistency_of_timeline_steps_across_tests" time="0.0">
    <skipped/>
  </testcase> <!-- TC_54_Verify_visual_consistency_of_timeline_steps_across_tests -->
  <testcase classname="Dashboard.Health_Assessment_Test_Cases.TC_32_TC_33_Verify_Ability_To_Fill_The_Health_Assessment_After_Sample_Reach_To_Lab_For_Blood_Hormone_Tests" name="TC_32_Verify_ability_to_fill_the_health_assessment_after_sample_reach_to_lab_for_blood_hormone_tests" time="120.069"/>
  <testcase classname="Dashboard.Health_Assessment_Test_Cases.TC_32_TC_33_Verify_Ability_To_Fill_The_Health_Assessment_After_Sample_Reach_To_Lab_For_Blood_Hormone_Tests" name="TC_33_Verify_ability_to_edit_and_save_the_health_assessment_after_sample_reach_to_lab_for_blood_hormone_tests" time="52.599">
    <failure type="org.openqa.selenium.TimeoutException" message="Expected condition failed: waiting for visibility of Proxy element for: DefaultElementLocator &amp;apos;By.xpath: //button[normalize-space()=&amp;apos;Assessment submit&amp;apos;]&amp;apos; (tried for 20 second(s) with 500 milliseconds interval)">
      <![CDATA[org.openqa.selenium.TimeoutException: Expected condition failed: waiting for visibility of Proxy element for: DefaultElementLocator 'By.xpath: //button[normalize-space()='Assessment submit']' (tried for 20 second(s) with 500 milliseconds interval)
at org.openqa.selenium.support.ui.WebDriverWait.timeoutException(WebDriverWait.java:84)
at org.openqa.selenium.support.ui.FluentWait.until(FluentWait.java:228)
at Wrappers.WebWait.visibilityOfElement(WebWait.java:20)
at Test.Dashboard.Actions_Class.Health_Assessment_Actions.editAssessmentAfterSampleReachLab(Health_Assessment_Actions.java:1730)
at Dashboard.Health_Assessment_Test_Cases.TC_32_TC_33_Verify_Ability_To_Fill_The_Health_Assessment_After_Sample_Reach_To_Lab_For_Blood_Hormone_Tests.TC_33_Verify_ability_to_edit_and_save_the_health_assessment_after_sample_reach_to_lab_for_blood_hormone_tests(TC_32_TC_33_Verify_Ability_To_Fill_The_Health_Assessment_After_Sample_Reach_To_Lab_For_Blood_Hormone_Tests.java:23)
at java.base/java.util.ArrayList.forEach(ArrayList.java:1596)
Caused by: org.openqa.selenium.NoSuchElementException: no such element: Unable to locate element: {"method":"xpath","selector":"//button[normalize-space()='Assessment submit']"}
  (Session info: chrome=140.0.7339.82)
For documentation on this error, please visit: https://www.selenium.dev/documentation/webdriver/troubleshooting/errors#no-such-element-exception
Build info: version: '4.25.0', revision: '8a8aea2337'
System info: os.name: 'Windows 11', os.arch: 'amd64', os.version: '10.0', java.version: '21.0.8'
Driver info: org.openqa.selenium.chrome.ChromeDriver
Command: [a7e4041e41af73cba3154923bff6803b, findElement {value=//button[normalize-space()='Assessment submit'], using=xpath}]
Capabilities {acceptInsecureCerts: false, browserName: chrome, browserVersion: 140.0.7339.82, chrome: {chromedriverVersion: 140.0.7339.82 (bc93617e21c3..., userDataDir: C:\Users\ROHAN~1.THO\AppDat...}, fedcm:accounts: true, goog:chromeOptions: {debuggerAddress: localhost:63099}, networkConnectionEnabled: false, pageLoadStrategy: normal, platformName: windows, proxy: Proxy(), se:cdp: ws://localhost:63099/devtoo..., se:cdpVersion: 140.0.7339.82, setWindowRect: true, strictFileInteractability: false, timeouts: {implicit: 0, pageLoad: 300000, script: 30000}, unhandledPromptBehavior: dismiss and notify, webauthn:extension:credBlob: true, webauthn:extension:largeBlob: true, webauthn:extension:minPinLength: true, webauthn:extension:prf: true, webauthn:virtualAuthenticators: true}
Session ID: a7e4041e41af73cba3154923bff6803b
at org.openqa.selenium.remote.ErrorCodec.decode(ErrorCodec.java:167)
at org.openqa.selenium.remote.codec.w3c.W3CHttpResponseCodec.decode(W3CHttpResponseCodec.java:138)
at org.openqa.selenium.remote.codec.w3c.W3CHttpResponseCodec.decode(W3CHttpResponseCodec.java:50)
at org.openqa.selenium.remote.HttpCommandExecutor.execute(HttpCommandExecutor.java:190)
at org.openqa.selenium.remote.service.DriverCommandExecutor.invokeExecute(DriverCommandExecutor.java:216)
at org.openqa.selenium.remote.service.DriverCommandExecutor.execute(DriverCommandExecutor.java:174)
at org.openqa.selenium.remote.RemoteWebDriver.execute(RemoteWebDriver.java:545)
at org.openqa.selenium.remote.ElementLocation$ElementFinder$2.findElement(ElementLocation.java:165)
at org.openqa.selenium.remote.ElementLocation.findElement(ElementLocation.java:59)
at org.openqa.selenium.remote.RemoteWebDriver.findElement(RemoteWebDriver.java:368)
at org.openqa.selenium.remote.RemoteWebDriver.findElement(RemoteWebDriver.java:362)
at org.openqa.selenium.support.pagefactory.DefaultElementLocator.findElement(DefaultElementLocator.java:68)
at org.openqa.selenium.support.pagefactory.internal.LocatingElementHandler.invoke(LocatingElementHandler.java:38)
at jdk.proxy2/jdk.proxy2.$Proxy18.isDisplayed(Unknown Source)
at org.openqa.selenium.support.ui.ExpectedConditions.elementIfVisible(ExpectedConditions.java:304)
at org.openqa.selenium.support.ui.ExpectedConditions$10.apply(ExpectedConditions.java:290)
at org.openqa.selenium.support.ui.ExpectedConditions$10.apply(ExpectedConditions.java:287)
at org.openqa.selenium.support.ui.FluentWait.until(FluentWait.java:203)
... 29 more
... Removed 28 stack frames]]>
    </failure>
  </testcase> <!-- TC_33_Verify_ability_to_edit_and_save_the_health_assessment_after_sample_reach_to_lab_for_blood_hormone_tests -->
  <testcase classname="Dashboard.Health_Assessment_Test_Cases.TC_44_TC_61_TC_62_Verify_The_Conversion_Accuracy_For_Height_And_Weight_Values_Between_Metric_And_Imperial_Units" name="TC_44_Verify_the_conversion_accuracy_for_height_and_weight_values_between_metric_and_imperial_units" time="30.45"/>
  <testcase classname="Dashboard.Health_Assessment_Test_Cases.TC_44_TC_61_TC_62_Verify_The_Conversion_Accuracy_For_Height_And_Weight_Values_Between_Metric_And_Imperial_Units" name="TC_61_Verify_alignment_of_input_fields_and_labels" time="0.122"/>
  <testcase classname="Dashboard.Health_Assessment_Test_Cases.TC_44_TC_61_TC_62_Verify_The_Conversion_Accuracy_For_Height_And_Weight_Values_Between_Metric_And_Imperial_Units" name="TC_62_Verify_page_layout_adapts_correctly_on_different_screen_sizes" time="8.457"/>
  <testcase classname="Dashboard.Health_Assessment_Test_Cases.TC_36_TC_37_Verify_Navigation_Buttons_Functionality_On_Health_Assessment_Page" name="TC_36_Verify_navigation_buttons_functionality_on_health_assessment_page" time="33.581"/>
  <testcase classname="Dashboard.Health_Assessment_Test_Cases.TC_36_TC_37_Verify_Navigation_Buttons_Functionality_On_Health_Assessment_Page" name="TC_37_Verify_a_progress_bar_is_displayed_if_the_health_assessment_is_multi_page" time="0.033"/>
  <testcase classname="Dashboard.Health_Assessment_Test_Cases.TC_01_to_07_Verify_The_Successful_Health_Assessment_Filling_For_Normal_Blood_Test" name="TC_01_Verify_the_successful_health_assessment_filling_for_normal_blood_test" time="34.889"/>
  <testcase classname="Dashboard.Health_Assessment_Test_Cases.TC_01_to_07_Verify_The_Successful_Health_Assessment_Filling_For_Normal_Blood_Test" name="TC_02_Verify_users_can_select_multiple_checkboxes_for_disease_types" time="0.018"/>
  <testcase classname="Dashboard.Health_Assessment_Test_Cases.TC_01_to_07_Verify_The_Successful_Health_Assessment_Filling_For_Normal_Blood_Test" name="TC_03_Verify_upon_submission_of_the_health_assessment_the_user_is_presented_with_a_summary_or_confirmation_page" time="0.02"/>
  <testcase classname="Dashboard.Health_Assessment_Test_Cases.TC_01_to_07_Verify_The_Successful_Health_Assessment_Filling_For_Normal_Blood_Test" name="TC_04_Verify_the_presence_and_functionality_of_the_fill_edit_assessment_button" time="0.531"/>
  <testcase classname="Dashboard.Health_Assessment_Test_Cases.TC_01_to_07_Verify_The_Successful_Health_Assessment_Filling_For_Normal_Blood_Test" name="TC_05_Validate_the_data_displayed_on_the_assessment_summary_page_matches_the_data_entered" time="0.039"/>
  <testcase classname="Dashboard.Health_Assessment_Test_Cases.TC_01_to_07_Verify_The_Successful_Health_Assessment_Filling_For_Normal_Blood_Test" name="TC_06_Verify_if_the_user_navigates_to_an_existing_health_assessment_the_previously_saved_data_is_displayed_correctly" time="0.031"/>
  <testcase classname="Dashboard.Health_Assessment_Test_Cases.TC_01_to_07_Verify_The_Successful_Health_Assessment_Filling_For_Normal_Blood_Test" name="TC_07_Verify_the_ability_to_edit_and_save_each_field_in_the_health_assessment" time="17.901"/>
  <testcase classname="Dashboard.Health_Assessment_Test_Cases.TC_28_TC_29_Verify_Submitting_Health_Assessment_Without_Filling_Any_Data_On_Every_Page" name="TC_28_Verify_submitting_health_assessment_without_filling_any_data_on_every_page" time="26.837"/>
  <testcase classname="Dashboard.Health_Assessment_Test_Cases.TC_28_TC_29_Verify_Submitting_Health_Assessment_Without_Filling_Any_Data_On_Every_Page" name="TC_29_Verify_error_messages_appear_when_required_fields_are_left_empty" time="0.081"/>
  <testcase classname="Dashboard.Health_Assessment_Test_Cases.TC_24_to_TC_27_Verify_That_Selecting_Other_Check_Box_For_Medical_Conditions_Prompts_The_Customer_To_Add_Custom_Details" name="TC_24_Verify_that_selecting_other_check_box_for_medical_conditions_prompts_the_customer_to_add_custom_details" time="35.374"/>
  <testcase classname="Dashboard.Health_Assessment_Test_Cases.TC_24_to_TC_27_Verify_That_Selecting_Other_Check_Box_For_Medical_Conditions_Prompts_The_Customer_To_Add_Custom_Details" name="TC_25_Validate_text_input_box_allows_to_enter_details_in_the_medical_condition_section" time="0.152"/>
  <testcase classname="Dashboard.Health_Assessment_Test_Cases.TC_24_to_TC_27_Verify_That_Selecting_Other_Check_Box_For_Medical_Conditions_Prompts_The_Customer_To_Add_Custom_Details" name="TC_26_Verify_that_selecting_other_check_box_for_medication_prompts_the_customer_to_add_custom_details" time="2.14"/>
  <testcase classname="Dashboard.Health_Assessment_Test_Cases.TC_24_to_TC_27_Verify_That_Selecting_Other_Check_Box_For_Medical_Conditions_Prompts_The_Customer_To_Add_Custom_Details" name="TC_27_Validate_text_input_box_allows_to_enter_details_in_the_medications_section" time="0.12"/>
  <testcase classname="Dashboard.Health_Assessment_Test_Cases.TC_38_Verify_Required_Fields_Are_Marked_With_Asterisk" name="TC_46_Verify_required_fields_are_marked_with_asterisk" time="30.165"/>
  <testcase classname="Dashboard.Health_Assessment_Test_Cases.TC_41_Verify_That_All_Input_Fields_In_The_Health_Assessment_Form_Have_Appropriate_Placeholder_Text" name="TC_41_Verify_that_all_input_fields_in_the_health_assessment_form_have_appropriate_placeholder_text" time="33.013"/>
  <testcase classname="Dashboard.Health_Assessment_Test_Cases.TC_42_Verify_The_Successful_Health_Assessment_Filling_For_DNA_Test" name="TC_42_Verify_the_successful_health_assessment_filling_for_DNA_test" time="88.058">
    <failure type="org.openqa.selenium.TimeoutException" message="Expected condition failed: waiting for visibility of Proxy element for: DefaultElementLocator &amp;apos;By.xpath: //h1[normalize-space()=&amp;apos;My results&amp;apos;]&amp;apos; (tried for 20 second(s) with 500 milliseconds interval)">
      <![CDATA[org.openqa.selenium.TimeoutException: Expected condition failed: waiting for visibility of Proxy element for: DefaultElementLocator 'By.xpath: //h1[normalize-space()='My results']' (tried for 20 second(s) with 500 milliseconds interval)
at org.openqa.selenium.support.ui.WebDriverWait.timeoutException(WebDriverWait.java:84)
at org.openqa.selenium.support.ui.FluentWait.until(FluentWait.java:228)
at Wrappers.WebWait.visibilityOfElement(WebWait.java:20)
at Test.Dashboard.Actions_Class.Health_Assessment_Actions.verifySuccessfulHealthAssessmentForDNATest(Health_Assessment_Actions.java:1845)
at Dashboard.Health_Assessment_Test_Cases.TC_42_Verify_The_Successful_Health_Assessment_Filling_For_DNA_Test.TC_42_Verify_the_successful_health_assessment_filling_for_DNA_test(TC_42_Verify_The_Successful_Health_Assessment_Filling_For_DNA_Test.java:17)
at java.base/java.util.ArrayList.forEach(ArrayList.java:1596)
Caused by: org.openqa.selenium.NoSuchElementException: no such element: Unable to locate element: {"method":"xpath","selector":"//h1[normalize-space()='My results']"}
  (Session info: chrome=140.0.7339.82)
For documentation on this error, please visit: https://www.selenium.dev/documentation/webdriver/troubleshooting/errors#no-such-element-exception
Build info: version: '4.25.0', revision: '8a8aea2337'
System info: os.name: 'Windows 11', os.arch: 'amd64', os.version: '10.0', java.version: '21.0.8'
Driver info: org.openqa.selenium.chrome.ChromeDriver
Command: [a13e26e91f598ab6433e2b941550db91, findElement {value=//h1[normalize-space()='My results'], using=xpath}]
Capabilities {acceptInsecureCerts: false, browserName: chrome, browserVersion: 140.0.7339.82, chrome: {chromedriverVersion: 140.0.7339.82 (bc93617e21c3..., userDataDir: C:\Users\ROHAN~1.THO\AppDat...}, fedcm:accounts: true, goog:chromeOptions: {debuggerAddress: localhost:53750}, networkConnectionEnabled: false, pageLoadStrategy: normal, platformName: windows, proxy: Proxy(), se:cdp: ws://localhost:53750/devtoo..., se:cdpVersion: 140.0.7339.82, setWindowRect: true, strictFileInteractability: false, timeouts: {implicit: 0, pageLoad: 300000, script: 30000}, unhandledPromptBehavior: dismiss and notify, webauthn:extension:credBlob: true, webauthn:extension:largeBlob: true, webauthn:extension:minPinLength: true, webauthn:extension:prf: true, webauthn:virtualAuthenticators: true}
Session ID: a13e26e91f598ab6433e2b941550db91
at org.openqa.selenium.remote.ErrorCodec.decode(ErrorCodec.java:167)
at org.openqa.selenium.remote.codec.w3c.W3CHttpResponseCodec.decode(W3CHttpResponseCodec.java:138)
at org.openqa.selenium.remote.codec.w3c.W3CHttpResponseCodec.decode(W3CHttpResponseCodec.java:50)
at org.openqa.selenium.remote.HttpCommandExecutor.execute(HttpCommandExecutor.java:190)
at org.openqa.selenium.remote.service.DriverCommandExecutor.invokeExecute(DriverCommandExecutor.java:216)
at org.openqa.selenium.remote.service.DriverCommandExecutor.execute(DriverCommandExecutor.java:174)
at org.openqa.selenium.remote.RemoteWebDriver.execute(RemoteWebDriver.java:545)
at org.openqa.selenium.remote.ElementLocation$ElementFinder$2.findElement(ElementLocation.java:165)
at org.openqa.selenium.remote.ElementLocation.findElement(ElementLocation.java:59)
at org.openqa.selenium.remote.RemoteWebDriver.findElement(RemoteWebDriver.java:368)
at org.openqa.selenium.remote.RemoteWebDriver.findElement(RemoteWebDriver.java:362)
at org.openqa.selenium.support.pagefactory.DefaultElementLocator.findElement(DefaultElementLocator.java:68)
at org.openqa.selenium.support.pagefactory.internal.LocatingElementHandler.invoke(LocatingElementHandler.java:38)
at jdk.proxy2/jdk.proxy2.$Proxy18.isDisplayed(Unknown Source)
at org.openqa.selenium.support.ui.ExpectedConditions.elementIfVisible(ExpectedConditions.java:304)
at org.openqa.selenium.support.ui.ExpectedConditions$10.apply(ExpectedConditions.java:290)
at org.openqa.selenium.support.ui.ExpectedConditions$10.apply(ExpectedConditions.java:287)
at org.openqa.selenium.support.ui.FluentWait.until(FluentWait.java:203)
... 29 more
... Removed 28 stack frames]]>
    </failure>
  </testcase> <!-- TC_42_Verify_the_successful_health_assessment_filling_for_DNA_test -->
  <testcase classname="Dashboard.Health_Assessment_Test_Cases.TC_11_to_TC_17_Verify_The_Successful_Health_Assessment_Filling_For_Blood_SH_Test" name="TC_11_Verify_that_sexual_health_test_contains_additional_step_in_health_assessment" time="78.706"/>
  <testcase classname="Dashboard.Health_Assessment_Test_Cases.TC_11_to_TC_17_Verify_The_Successful_Health_Assessment_Filling_For_Blood_SH_Test" name="TC_12_Verify_that_selecting_Yes_for_sexual_activeness_prompts_additional_options_for_SH_Test" time="5.381"/>
  <testcase classname="Dashboard.Health_Assessment_Test_Cases.TC_11_to_TC_17_Verify_The_Successful_Health_Assessment_Filling_For_Blood_SH_Test" name="TC_13_Verify_that_selecting_Yes_for_unprotected_sex_prompts_additional_options_for_SH_Test" time="0.216"/>
  <testcase classname="Dashboard.Health_Assessment_Test_Cases.TC_11_to_TC_17_Verify_The_Successful_Health_Assessment_Filling_For_Blood_SH_Test" name="TC_14_Verify_that_selecting_Yes_for_symptoms_prompts_additional_options_for_SH_Test" time="2.479"/>
  <testcase classname="Dashboard.Health_Assessment_Test_Cases.TC_11_to_TC_17_Verify_The_Successful_Health_Assessment_Filling_For_Blood_SH_Test" name="TC_15_Verify_that_selecting_Yes_for_STI_prompts_additional_options_for_SH_Test" time="5.421"/>
  <testcase classname="Dashboard.Health_Assessment_Test_Cases.TC_11_to_TC_17_Verify_The_Successful_Health_Assessment_Filling_For_Blood_SH_Test" name="TC_16_Verify_the_successful_health_assessment_filling_for_blood_SH_test" time="4.218"/>
  <testcase classname="Dashboard.Health_Assessment_Test_Cases.TC_11_to_TC_17_Verify_The_Successful_Health_Assessment_Filling_For_Blood_SH_Test" name="TC_17_Verify_the_successful_health_assessment_filling_for_blood_SH_test_with_the_option_as_Yes_for_applicable_fields" time="0.04"/>
  <testcase classname="Dashboard.Health_Assessment_Test_Cases.TC_08_TC_09_TC_10_Verify_The_Successful_Health_Assessment_Filling_For_Blood_Hormone_Test" name="TC_08_Verify_that_blood_hormone_test_contains_additional_step_in_health_assessment" time="88.319"/>
  <testcase classname="Dashboard.Health_Assessment_Test_Cases.TC_08_TC_09_TC_10_Verify_The_Successful_Health_Assessment_Filling_For_Blood_Hormone_Test" name="TC_09_Verify_the_successful_health_assessment_filling_for_blood_hormone_test" time="2.509"/>
  <testcase classname="Dashboard.Health_Assessment_Test_Cases.TC_08_TC_09_TC_10_Verify_The_Successful_Health_Assessment_Filling_For_Blood_Hormone_Test" name="TC_10_Verify_successful_health_assessment_filling_for_blood_hormone_test_with_option_as_Yes_for_applicable_fields" time="0.024"/>
  <testcase classname="Dashboard.Health_Assessment_Test_Cases.TC_40_Verify_All_Elements_Are_Visible_And_Aligned_Correctly" name="TC_40_Verify_all_elements_are_visible_and_aligned_correctly" time="30.244"/>
  <testcase classname="Dashboard.Health_Assessment_Test_Cases.TC_30_TC_31_Verify_That_Fill_Health_Assessment_Change_After_Assessment_Completion" name="TC_30_Verify_that_fill_health_assessment_change_after_assessment_completion" time="159.144"/>
  <testcase classname="Dashboard.Health_Assessment_Test_Cases.TC_30_TC_31_Verify_That_Fill_Health_Assessment_Change_After_Assessment_Completion" name="TC_31_Verify_ability_to_fill_or_edit_and_save_the_health_assessment_before_sample_reach_to_lab_for_blood_test" time="33.557"/>
  <testcase classname="Dashboard.Health_Assessment_Test_Cases.TC_34_Verify_That_Users_Can_Navigate_Between_Fields_Using_Tab_Key" name="TC_34_Verify_that_users_can_navigate_between_fields_using_Tab_key" time="30.595"/>
  <testcase classname="Dashboard.Health_Assessment_Test_Cases.TC_39_Verify_System_Handles_Special_Characters_Correctly_In_Text_Input_Fields" name="TC_39_Verify_system_handles_special_characters_correctly_in_text_input_fields" time="39.891"/>
  <testcase classname="Dashboard.Health_Assessment_Test_Cases.TC_35_Verify_The_NHS_Link_Navigation" name="TC_35_Verify_the_NHS_link_navigation" time="31.773"/>
  <testcase classname="Dashboard.Health_Assessment_Test_Cases.TC_18_to_TC_23_Verify_Selecting_Yes_For_Smoking_And_Alcohol_Prompts_Additional_Options" name="TC_18_Verify_selecting_Yes_for_smoking_habits_prompts_additional_options" time="25.763"/>
  <testcase classname="Dashboard.Health_Assessment_Test_Cases.TC_18_to_TC_23_Verify_Selecting_Yes_For_Smoking_And_Alcohol_Prompts_Additional_Options" name="TC_19_Verify_selecting_Yes_for_alcohol_prompts_additional_options" time="0.237"/>
  <testcase classname="Dashboard.Health_Assessment_Test_Cases.TC_18_to_TC_23_Verify_Selecting_Yes_For_Smoking_And_Alcohol_Prompts_Additional_Options" name="TC_20_Verify_validation_on_conditional_fields" time="0.082"/>
  <testcase classname="Dashboard.Health_Assessment_Test_Cases.TC_18_to_TC_23_Verify_Selecting_Yes_For_Smoking_And_Alcohol_Prompts_Additional_Options" name="TC_21_Verify_selecting_Yes_for_exercise_details_prompts_additional_options" time="0.947"/>
  <testcase classname="Dashboard.Health_Assessment_Test_Cases.TC_18_to_TC_23_Verify_Selecting_Yes_For_Smoking_And_Alcohol_Prompts_Additional_Options" name="TC_22_Verify_that_selecting_Yes_for_medical_conditions_prompts_additional_options" time="2.467"/>
  <testcase classname="Dashboard.Health_Assessment_Test_Cases.TC_18_to_TC_23_Verify_Selecting_Yes_For_Smoking_And_Alcohol_Prompts_Additional_Options" name="TC_23_Verify_that_selecting_Yes_for_medications_prompts_the_customer_to_select_additional_options" time="1.638"/>
  <testcase classname="Dashboard.Health_Assessment_Test_Cases.TC_43_Verify_The_Successful_Health_Assessment_Filling_For_Normal_Blood_Test_With_The_Option_As_Yes" name="TC_43_Verify_the_successful_health_assessment_filling_for_normal_blood_test_with_the_option_as_Yes" time="33.249"/>
  <testcase classname="Dashboard.Health_Assessment_Test_Cases.TC_45_to_TC_60_ATC_Verify_User_Enters_Negative_Height_And_Weight" name="TC_45_ATC_Verify_user_enters_negative_height_and_weight" time="67.392"/>
  <testcase classname="Dashboard.Health_Assessment_Test_Cases.TC_45_to_TC_60_ATC_Verify_User_Enters_Negative_Height_And_Weight" name="TC_46_ATC_Verify_max_height_and_weight_allowed_for_the_user" time="0.317"/>
  <testcase classname="Dashboard.Health_Assessment_Test_Cases.TC_45_to_TC_60_ATC_Verify_User_Enters_Negative_Height_And_Weight" name="TC_47_ATC_Verify_dropdown_options_for_Do_you_smoke_cigarettes" time="4.341"/>
  <testcase classname="Dashboard.Health_Assessment_Test_Cases.TC_45_to_TC_60_ATC_Verify_User_Enters_Negative_Height_And_Weight" name="TC_48_ATC_Verify_dropdown_options_for_How_many_cigarettes_do_you_smoke_each_day" time="0.438"/>
  <testcase classname="Dashboard.Health_Assessment_Test_Cases.TC_45_to_TC_60_ATC_Verify_User_Enters_Negative_Height_And_Weight" name="TC_49_ATC_Verify_dropdown_options_for_Do_you_drink_alcohol" time="4.253"/>
  <testcase classname="Dashboard.Health_Assessment_Test_Cases.TC_45_to_TC_60_ATC_Verify_User_Enters_Negative_Height_And_Weight" name="TC_50_ATC_Verify_dropdown_options_for_How_many_units_do_you_drink_each_week" time="4.518"/>
  <testcase classname="Dashboard.Health_Assessment_Test_Cases.TC_45_to_TC_60_ATC_Verify_User_Enters_Negative_Height_And_Weight" name="TC_51_Verify_error_message_is_displayed_when_Smoking_and_Alcohol_status_left_empty" time="0.386"/>
  <testcase classname="Dashboard.Health_Assessment_Test_Cases.TC_45_to_TC_60_ATC_Verify_User_Enters_Negative_Height_And_Weight" name="TC_52_Verify_error_message_is_displayed_when_Smoking_and_Alcohol_count_left_empty" time="1.839"/>
  <testcase classname="Dashboard.Health_Assessment_Test_Cases.TC_45_to_TC_60_ATC_Verify_User_Enters_Negative_Height_And_Weight" name="TC_53_Verify_dropdown_options_for_Do_you_do_any_physical_activity" time="2.131"/>
  <testcase classname="Dashboard.Health_Assessment_Test_Cases.TC_45_to_TC_60_ATC_Verify_User_Enters_Negative_Height_And_Weight" name="TC_54_Verify_error_messages_for_empty_fields_physical_activity_page" time="0.609"/>
  <testcase classname="Dashboard.Health_Assessment_Test_Cases.TC_45_to_TC_60_ATC_Verify_User_Enters_Negative_Height_And_Weight" name="TC_55_Verify_dropdown_options_for_medical_condition" time="1.18"/>
  <testcase classname="Dashboard.Health_Assessment_Test_Cases.TC_45_to_TC_60_ATC_Verify_User_Enters_Negative_Height_And_Weight" name="TC_56_Verify_error_messages_on_medical_conditions_page" time="2.793"/>
  <testcase classname="Dashboard.Health_Assessment_Test_Cases.TC_45_to_TC_60_ATC_Verify_User_Enters_Negative_Height_And_Weight" name="TC_57_Verify_list_of_medical_conditions_is_correct" time="0.121"/>
  <testcase classname="Dashboard.Health_Assessment_Test_Cases.TC_45_to_TC_60_ATC_Verify_User_Enters_Negative_Height_And_Weight" name="TC_58_Verify_dropdown_options_for_medications" time="1.103"/>
  <testcase classname="Dashboard.Health_Assessment_Test_Cases.TC_45_to_TC_60_ATC_Verify_User_Enters_Negative_Height_And_Weight" name="TC_59_Verify_error_messages_on_medications_page" time="0.679"/>
  <testcase classname="Dashboard.Health_Assessment_Test_Cases.TC_45_to_TC_60_ATC_Verify_User_Enters_Negative_Height_And_Weight" name="TC_60_Verify_list_of_medications_is_correct" time="0.061"/>
  <testcase classname="Dashboard.Login_Logout_Test_Cases.TC_02_TC_03_Verify_Login_With_Invalid_Email_And_Password" name="TC_02_Verify_login_with_invalid_email_and_password" time="2.75"/>
  <testcase classname="Dashboard.Login_Logout_Test_Cases.TC_02_TC_03_Verify_Login_With_Invalid_Email_And_Password" name="TC_03_Verify_error_message_with_incorrect_email" time="1.801"/>
  <testcase classname="Dashboard.Login_Logout_Test_Cases.TC_10_Check_The_Password_Visibility_Toggle" name="TC_10_Check_the_password_visibility_toggle" time="1.628"/>
  <testcase classname="Dashboard.Login_Logout_Test_Cases.TC_05_Verify_Login_With_Empty_Password_Field" name="TC_05_Verify_login_with_empty_password_field" time="1.572"/>
  <testcase classname="Dashboard.Login_Logout_Test_Cases.TC_01_TC_08_Verify_User_Can_Login_With_Valid_Credential" name="TC_01_Verify_user_can_login_with_valid_credential" time="4.58"/>
  <testcase classname="Dashboard.Login_Logout_Test_Cases.TC_01_TC_08_Verify_User_Can_Login_With_Valid_Credential" name="TC_08_Verify_logout_functionality" time="1.357"/>
  <testcase classname="Dashboard.Login_Logout_Test_Cases.TC_07_Verify_Login_For_Password_Case_Insensitivity" name="TC_07_Verify_login_for_password_case_insensitivity" time="2.612"/>
  <testcase classname="Dashboard.Login_Logout_Test_Cases.TC_13_Check_The_Error_Messages_Displayed_On_The_Login_Page" name="TC_13_Check_the_error_messages_displayed_on_the_login_page" time="4.041"/>
  <testcase classname="Dashboard.Login_Logout_Test_Cases.TC_04_Verify_Login_With_Empty_Email_Field" name="TC_04_Verify_login_with_empty_email_field" time="3.741"/>
  <testcase classname="Dashboard.Login_Logout_Test_Cases.TC_09_Check_Login_For_Mixed_Case_Email" name="TC_09_Check_login_for_mixed_case_email" time="3.377"/>
  <testcase classname="Dashboard.Login_Logout_Test_Cases.TC_06_Verify_Login_With_Invalid_Email_Format" name="TC_06_Verify_login_with_invalid_Email_format" time="1.669"/>
  <testcase classname="Dashboard.Login_Logout_Test_Cases.TC_11_TC_12_Check_The_Element_Visibility_On_Login_Page" name="TC_11_Check_the_element_visibility_on_login_page" time="1.287"/>
  <testcase classname="Dashboard.Login_Logout_Test_Cases.TC_11_TC_12_Check_The_Element_Visibility_On_Login_Page" name="TC_12_Check_the_display_of_labels_and_titles_on_login_page" time="0.572"/>
  <testcase classname="Dashboard.Reset_Password_Test_Cases.TC_09_Verify_Password_Reset_Functionality_With_Invalid_Email_Address" name="TC_09_Verify_password_reset_functionality_with_invalid_Email_address" time="4.326"/>
  <testcase classname="Dashboard.Reset_Password_Test_Cases.TC_10_Verify_Reset_Password_Email_Link_Sent" name="TC_10_Verify_reset_password_email_link_sent_verification" time="3.756"/>
  <testcase classname="Dashboard.Reset_Password_Test_Cases.TC_01_to_TC_08_Verify_Password_Reset_Functionality" name="TC_01_Verify_forgot_password_link_enabled_or_not" time="1.526"/>
  <testcase classname="Dashboard.Reset_Password_Test_Cases.TC_01_to_TC_08_Verify_Password_Reset_Functionality" name="TC_02_Verify_behavior_when_user_keep_email_address_field_empty_during_password_reset_process" time="0.114"/>
  <testcase classname="Dashboard.Reset_Password_Test_Cases.TC_01_to_TC_08_Verify_Password_Reset_Functionality" name="TC_03_Verify_navigation_of_password_reset_link_available_in_email" time="21.949">
    <failure type="java.lang.AssertionError" message="Email does not contain an email password link expected [true] but found [false]">
      <![CDATA[java.lang.AssertionError: Email does not contain an email password link expected [true] but found [false]
at Test.Dashboard.Actions_Class.Reset_Password_Actions.resetPasswordNavigationOfPasswordResetLinkAvailableInEmail(Reset_Password_Actions.java:68)
at Dashboard.Reset_Password_Test_Cases.TC_01_to_TC_08_Verify_Password_Reset_Functionality.TC_03_Verify_navigation_of_password_reset_link_available_in_email(TC_01_to_TC_08_Verify_Password_Reset_Functionality.java:51)
at java.base/java.util.ArrayList.forEach(ArrayList.java:1596)
... Removed 28 stack frames]]>
    </failure>
  </testcase> <!-- TC_03_Verify_navigation_of_password_reset_link_available_in_email -->
  <testcase classname="Dashboard.Reset_Password_Test_Cases.TC_01_to_TC_08_Verify_Password_Reset_Functionality" name="TC_04_Verify_reset_password_without_password" time="0.0">
    <skipped/>
  </testcase> <!-- TC_04_Verify_reset_password_without_password -->
  <testcase classname="Dashboard.Reset_Password_Test_Cases.TC_01_to_TC_08_Verify_Password_Reset_Functionality" name="TC_05_Verify_password_complexity" time="0.0">
    <skipped/>
  </testcase> <!-- TC_05_Verify_password_complexity -->
  <testcase classname="Dashboard.Reset_Password_Test_Cases.TC_01_to_TC_08_Verify_Password_Reset_Functionality" name="TC_06_Verify_system_prevents_users_from_reusing_old_passwords_when_resetting" time="0.0">
    <skipped/>
  </testcase> <!-- TC_06_Verify_system_prevents_users_from_reusing_old_passwords_when_resetting -->
  <testcase classname="Dashboard.Reset_Password_Test_Cases.TC_01_to_TC_08_Verify_Password_Reset_Functionality" name="TC_07_Verify_password_reset_functionality_with_valid_email_address" time="0.0">
    <skipped/>
  </testcase> <!-- TC_07_Verify_password_reset_functionality_with_valid_email_address -->
  <testcase classname="Dashboard.Reset_Password_Test_Cases.TC_01_to_TC_08_Verify_Password_Reset_Functionality" name="TC_08_Verify_successful_login_after_resetting_new_password" time="0.0">
    <skipped/>
  </testcase> <!-- TC_08_Verify_successful_login_after_resetting_new_password -->
  <testcase classname="Dashboard.Reset_Password_Test_Cases.TC_12_Verify_UI_Elements_On_Reset_Password_Page" name="TC_12_Verify_ui_elements_on_reset_password_page_present_or_not" time="1.77"/>
  <testcase classname="Dashboard.Reset_Password_Test_Cases.TC_13_Verify_Screen_Resolution_Size" name="TC_13_Verify_screen_resolution_sizes_shows_all_webelements_properly_in_full_desktop" time="13.294"/>
  <testcase classname="Dashboard.Reset_Password_Test_Cases.TC_11_Verify_Reset_Password_Functionality_With_Expired_Reset_Link" name="TC_11_Verify_reset_password_functionality_with_expired_reset_link" time="2.537"/>
  <testcase classname="Tims.Barcode_Batches_Test_Cases.TC_01_to_TC_10_Verify_The_Presence_Of_Create_Blood_Batch_Button_On_The_Barcode_Batches_Page" name="TC_01_Verify_the_presence_of_create_blood_batch_button_on_the_barcode_batches_page" time="15.303"/>
  <testcase classname="Tims.Barcode_Batches_Test_Cases.TC_01_to_TC_10_Verify_The_Presence_Of_Create_Blood_Batch_Button_On_The_Barcode_Batches_Page" name="TC_02_Verify_that_clicking_the_create_blood_batch_button_opens_the_form" time="0.047"/>
  <testcase classname="Tims.Barcode_Batches_Test_Cases.TC_01_to_TC_10_Verify_The_Presence_Of_Create_Blood_Batch_Button_On_The_Barcode_Batches_Page" name="TC_03_Verify_the_type_dropdown_contains_only_blood" time="0.164"/>
  <testcase classname="Tims.Barcode_Batches_Test_Cases.TC_01_to_TC_10_Verify_The_Presence_Of_Create_Blood_Batch_Button_On_The_Barcode_Batches_Page" name="TC_05_Verify_that_no_invalid_options_are_available_in_the_type_dropdown" time="0.131"/>
  <testcase classname="Tims.Barcode_Batches_Test_Cases.TC_01_to_TC_10_Verify_The_Presence_Of_Create_Blood_Batch_Button_On_The_Barcode_Batches_Page" name="TC_04_Verify_the_subtype_dropdown_contains_all_valid_options" time="0.183"/>
  <testcase classname="Tims.Barcode_Batches_Test_Cases.TC_01_to_TC_10_Verify_The_Presence_Of_Create_Blood_Batch_Button_On_The_Barcode_Batches_Page" name="TC_06_Verify_the_count_field_displays_the_help_text" time="0.033"/>
  <testcase classname="Tims.Barcode_Batches_Test_Cases.TC_01_to_TC_10_Verify_The_Presence_Of_Create_Blood_Batch_Button_On_The_Barcode_Batches_Page" name="TC_07_Verify_the_comment_field_is_present_and_allows_input" time="0.123"/>
  <testcase classname="Tims.Barcode_Batches_Test_Cases.TC_01_to_TC_10_Verify_The_Presence_Of_Create_Blood_Batch_Button_On_The_Barcode_Batches_Page" name="TC_08_Verify_the_Customer_dropdown" time="0.188"/>
  <testcase classname="Tims.Barcode_Batches_Test_Cases.TC_01_to_TC_10_Verify_The_Presence_Of_Create_Blood_Batch_Button_On_The_Barcode_Batches_Page" name="TC_09_Verify_the_system_displays_an_error_when_mandatory_fields_Type_Sub_Type_Count_are_left_empty" time="0.243"/>
  <testcase classname="Tims.Barcode_Batches_Test_Cases.TC_01_to_TC_10_Verify_The_Presence_Of_Create_Blood_Batch_Button_On_The_Barcode_Batches_Page" name="TC_10_Verify_the_Cancel_button_closes_the_form_without_saving_changes" time="3.372"/>
  <testcase classname="Tims.Barcode_Batches_Test_Cases.TC_16_TC_19_TC_20_TC_21_TC_18_Verify_Behavior_When_The_Count_Field_Contains_A_Value_Of_0" name="TC_16_Verify_behavior_when_the_count_field_contains_a_value_of_0" time="15.525"/>
  <testcase classname="Tims.Barcode_Batches_Test_Cases.TC_16_TC_19_TC_20_TC_21_TC_18_Verify_Behavior_When_The_Count_Field_Contains_A_Value_Of_0" name="TC_19_Verify_that_clicking_the_incremental_arrow_increases_the_count_value" time="1.129"/>
  <testcase classname="Tims.Barcode_Batches_Test_Cases.TC_16_TC_19_TC_20_TC_21_TC_18_Verify_Behavior_When_The_Count_Field_Contains_A_Value_Of_0" name="TC_20_Verify_that_clicking_the_decremental_arrow_decreases_the_count_value" time="0.575"/>
  <testcase classname="Tims.Barcode_Batches_Test_Cases.TC_16_TC_19_TC_20_TC_21_TC_18_Verify_Behavior_When_The_Count_Field_Contains_A_Value_Of_0" name="TC_21_Verify_that_the_Count_field_cannot_be_decremented_below_2" time="0.57"/>
  <testcase classname="Tims.Barcode_Batches_Test_Cases.TC_16_TC_19_TC_20_TC_21_TC_18_Verify_Behavior_When_The_Count_Field_Contains_A_Value_Of_0" name="TC_18_Verify_that_the_count_field_contains_incremental_and_decremental_arrows" time="1.641"/>
  <testcase classname="Tims.Barcode_Batches_Test_Cases.TC_01_to_TC_19_DNA_Verify_The_Presence_Of_Create_DNA_Batch_Button" name="TC_01_DNA_Verify_the_presence_of_create_DNA_batch_button" time="14.331"/>
  <testcase classname="Tims.Barcode_Batches_Test_Cases.TC_01_to_TC_19_DNA_Verify_The_Presence_Of_Create_DNA_Batch_Button" name="TC_02_DNA_Verify_that_the_create_DNA_batch_button_opens_the_form" time="0.664"/>
  <testcase classname="Tims.Barcode_Batches_Test_Cases.TC_01_to_TC_19_DNA_Verify_The_Presence_Of_Create_DNA_Batch_Button" name="TC_03_Verify_that_the_type_dropdown_has_the_wellness_option" time="0.164"/>
  <testcase classname="Tims.Barcode_Batches_Test_Cases.TC_01_to_TC_19_DNA_Verify_The_Presence_Of_Create_DNA_Batch_Button" name="TC_04_Verify_that_the_sub_type_dropdown_has_the_correct_options" time="0.055"/>
  <testcase classname="Tims.Barcode_Batches_Test_Cases.TC_01_to_TC_19_DNA_Verify_The_Presence_Of_Create_DNA_Batch_Button" name="TC_05_Verify_that_the_count_field_has_a_help_text" time="0.033"/>
  <testcase classname="Tims.Barcode_Batches_Test_Cases.TC_01_to_TC_19_DNA_Verify_The_Presence_Of_Create_DNA_Batch_Button" name="TC_06_Verify_that_the_count_field_only_accepts_numbers_and_greater_than_2" time="1.157"/>
  <testcase classname="Tims.Barcode_Batches_Test_Cases.TC_01_to_TC_19_DNA_Verify_The_Presence_Of_Create_DNA_Batch_Button" name="TC_07_Verify_dynamic_population_of_customer_dropdown" time="0.196"/>
  <testcase classname="Tims.Barcode_Batches_Test_Cases.TC_01_to_TC_19_DNA_Verify_The_Presence_Of_Create_DNA_Batch_Button" name="TC_08_Verify_the_title_of_the_form_is_Create_DNA_batch" time="0.058"/>
  <testcase classname="Tims.Barcode_Batches_Test_Cases.TC_01_to_TC_19_DNA_Verify_The_Presence_Of_Create_DNA_Batch_Button" name="TC_09_Verify_that_the_form_has_a_cancel_button" time="0.056"/>
  <testcase classname="Tims.Barcode_Batches_Test_Cases.TC_01_to_TC_19_DNA_Verify_The_Presence_Of_Create_DNA_Batch_Button" name="TC_10_Verify_form_validation_triggers_when_required_fields_are_empty" time="0.359"/>
  <testcase classname="Tims.Barcode_Batches_Test_Cases.TC_01_to_TC_19_DNA_Verify_The_Presence_Of_Create_DNA_Batch_Button" name="TC_11_Verify_alignment_and_appearance_of_form_on_different_screen_sizes" time="10.822"/>
  <testcase classname="Tims.Barcode_Batches_Test_Cases.TC_01_to_TC_19_DNA_Verify_The_Presence_Of_Create_DNA_Batch_Button" name="TC_12_Verify_that_the_Cancel_button_clears_all_fields_without_saving" time="3.455"/>
  <testcase classname="Tims.Barcode_Batches_Test_Cases.TC_01_to_TC_19_DNA_Verify_The_Presence_Of_Create_DNA_Batch_Button" name="TC_13_Verify_user_can_create_DNA_Batch" time="4.628"/>
  <testcase classname="Tims.Barcode_Batches_Test_Cases.TC_01_to_TC_19_DNA_Verify_The_Presence_Of_Create_DNA_Batch_Button" name="TC_14_Validate_that_the_current_customer_is_selected_by_default_in_the_customer_field" time="0.721"/>
  <testcase classname="Tims.Barcode_Batches_Test_Cases.TC_01_to_TC_19_DNA_Verify_The_Presence_Of_Create_DNA_Batch_Button" name="TC_15_Validate_that_the_customer_dropdown_list_is_populated_with_existing_customers" time="0.174"/>
  <testcase classname="Tims.Barcode_Batches_Test_Cases.TC_01_to_TC_19_DNA_Verify_The_Presence_Of_Create_DNA_Batch_Button" name="TC_16_Validate_that_the_customer_can_update_the_customer_field" time="6.782"/>
  <testcase classname="Tims.Barcode_Batches_Test_Cases.TC_01_to_TC_19_DNA_Verify_The_Presence_Of_Create_DNA_Batch_Button" name="TC_17_Validate_that_the_user_can_update_the_comment_field" time="9.202"/>
  <testcase classname="Tims.Barcode_Batches_Test_Cases.TC_01_to_TC_19_DNA_Verify_The_Presence_Of_Create_DNA_Batch_Button" name="TC_18_Validate_that_comment_field_accepts_alphanumeric_characters" time="7.777"/>
  <testcase classname="Tims.Barcode_Batches_Test_Cases.TC_01_to_TC_19_DNA_Verify_The_Presence_Of_Create_DNA_Batch_Button" name="TC_19_Validate_that_after_making_changes_the_user_can_cancel_the_update_process" time="8.263"/>
  <testcase classname="Tims.Barcode_Batches_Test_Cases.TC_14_TC_11_TC_12_Verify_The_Form_Title_Is_Create_Blood_Batch" name="TC_14_Verify_the_form_title_is_create_blood_batch" time="15.342"/>
  <testcase classname="Tims.Barcode_Batches_Test_Cases.TC_14_TC_11_TC_12_Verify_The_Form_Title_Is_Create_Blood_Batch" name="TC_11_Verify_successful_submission_of_blood_batch" time="4.179"/>
  <testcase classname="Tims.Barcode_Batches_Test_Cases.TC_14_TC_11_TC_12_Verify_The_Form_Title_Is_Create_Blood_Batch" name="TC_12_Verify_the_toaster_after_successful_submission" time="0.044"/>
  <testcase classname="Tims.Barcode_Batches_Test_Cases.TC_20_Verify_Clicking_On_Barcode_Batch_Type_User_Redirect_To_The_Details_Page" name="TC_20_Verify_clicking_on_barcode_batch_type_user_redirect_to_the_details_page" time="27.444"/>
  <testcase classname="Tims.Barcode_Batches_Test_Cases.TC_20_Verify_Clicking_On_Barcode_Batch_Type_User_Redirect_To_The_Details_Page" name="TC_21_Verify_the_ability_to_view_the_list_of_barcodes_for_a_specific_batch" time="3.261"/>
  <testcase classname="Tims.Barcode_Batches_Test_Cases.TC_20_Verify_Clicking_On_Barcode_Batch_Type_User_Redirect_To_The_Details_Page" name="TC_22_Verify_the_correct_display_of_barcode_code_values_in_the_barcode_listing" time="0.12"/>
  <testcase classname="Tims.Barcode_Batches_Test_Cases.TC_20_Verify_Clicking_On_Barcode_Batch_Type_User_Redirect_To_The_Details_Page" name="TC_23_Verify_the_correct_display_of_status_for_each_barcode_in_the_listing" time="0.169"/>
  <testcase classname="Tims.Barcode_Batches_Test_Cases.TC_20_Verify_Clicking_On_Barcode_Batch_Type_User_Redirect_To_The_Details_Page" name="TC_24_Verify_clicking_on_barcode_in_listing_user_redirect_to_barcode_details_page" time="5.573"/>
  <testcase classname="Tims.Barcode_Batches_Test_Cases.TC_20_Verify_Clicking_On_Barcode_Batch_Type_User_Redirect_To_The_Details_Page" name="TC_25_Verify_that_the_barcode_list_page_is_responsive_across_different_screen_sizes" time="13.144"/>
  <testcase classname="Tims.SH_Test_Cases.TC_03_Verify_Test_Kit_Status_When_Only_Primary_Result_Is_Uploaded_SYPH_Not_Detected_HIV_Unconfirmed_Reactive" name="TC_03_Verify_test_kit_status_when_only_primary_result_is_uploaded_SYPH_Not_Detected_HIV_Unconfirmed_Reactive" time="151.68"/>
  <testcase classname="Tims.SH_Test_Cases.TC_11_Verify_Test_Kit_Status_When_Both_Primary_And_Secondary_Result_Is_Uploaded" name="TC_11_Verify_test_kit_status_when_both_primary_and_secondary_result_is_uploaded" time="172.764"/>
  <testcase classname="Tims.SH_Test_Cases.TC_01_Verify_Test_Kit_Status_When_Only_Primary_Result_Is_Uploaded_SYPH_Not_Detected_HIV_Not_Detected" name="TC_01_Verify_test_kit_status_when_only_primary_result_is_uploaded_SYPH_not_detected_HIV_not_detected" time="150.04"/>
  <testcase classname="Tims.SH_Test_Cases.TC_07_Verify_Test_Kit_Status_When_Only_Secondary_Result_Is_Uploaded_CLA_Detected_GON_Unconfirmed_Reactive" name="TC_07_Verify_test_kit_status_when_only_secondary_result_is_uploaded_CLA_detected_GON_unconfirmed_reactive" time="154.143"/>
  <testcase classname="Tims.SH_Test_Cases.TC_04_Verify_Test_Kit_Status_When_Only_Primary_Result_Is_Uploaded_SYPH_Unconfirmed_Reactive_HIV_Unconfirmed_Reactive" name="TC_04_Verify_test_kit_status_when_only_primary_result_is_uploaded_SYPH_Unconfirmed_Reactive_HIV_Unconfirmed_Reactive" time="153.094"/>
  <testcase classname="Tims.SH_Test_Cases.TC_08_Verify_Test_Kit_Status_When_Only_Secondary_Result_Is_Uploaded_CLA_Not_Detected_GON_Unconfirmed_Reactive" name="TC_08_Verify_test_kit_status_when_only_secondary_result_is_uploaded_CLA_not_detected_GON_unconfirmed_reactive" time="151.15">
    <failure type="org.openqa.selenium.TimeoutException" message="Expected condition failed: waiting for element to be clickable: Proxy element for: DefaultElementLocator &amp;apos;By.xpath: //button[contains(text(),&amp;apos;Upload blood result CSV&amp;apos;)]&amp;apos; (tried for 20 second(s) with 500 milliseconds interval)">
      <![CDATA[org.openqa.selenium.TimeoutException: Expected condition failed: waiting for element to be clickable: Proxy element for: DefaultElementLocator 'By.xpath: //button[contains(text(),'Upload blood result CSV')]' (tried for 20 second(s) with 500 milliseconds interval)
at org.openqa.selenium.support.ui.WebDriverWait.timeoutException(WebDriverWait.java:84)
at org.openqa.selenium.support.ui.FluentWait.until(FluentWait.java:228)
at Wrappers.WebWait.elementToBeClickable(WebWait.java:30)
at Test.Tims.Actions_Class.SH_Actions.getStatus(SH_Actions.java:366)
at Tims.SH_Test_Cases.TC_08_Verify_Test_Kit_Status_When_Only_Secondary_Result_Is_Uploaded_CLA_Not_Detected_GON_Unconfirmed_Reactive.TC_08_Verify_test_kit_status_when_only_secondary_result_is_uploaded_CLA_not_detected_GON_unconfirmed_reactive(TC_08_Verify_Test_Kit_Status_When_Only_Secondary_Result_Is_Uploaded_CLA_Not_Detected_GON_Unconfirmed_Reactive.java:25)
at java.base/java.util.ArrayList.forEach(ArrayList.java:1596)
Caused by: org.openqa.selenium.NoSuchElementException: no such element: Unable to locate element: {"method":"xpath","selector":"//button[contains(text(),'Upload blood result CSV')]"}
  (Session info: chrome=140.0.7339.82)
For documentation on this error, please visit: https://www.selenium.dev/documentation/webdriver/troubleshooting/errors#no-such-element-exception
Build info: version: '4.25.0', revision: '8a8aea2337'
System info: os.name: 'Windows 11', os.arch: 'amd64', os.version: '10.0', java.version: '21.0.8'
Driver info: org.openqa.selenium.chrome.ChromeDriver
Command: [a8272b617a61a07b972cd6ef6ea99452, findElement {value=//button[contains(text(),'Upload blood result CSV')], using=xpath}]
Capabilities {acceptInsecureCerts: false, browserName: chrome, browserVersion: 140.0.7339.82, chrome: {chromedriverVersion: 140.0.7339.82 (bc93617e21c3..., userDataDir: C:\Users\ROHAN~1.THO\AppDat...}, fedcm:accounts: true, goog:chromeOptions: {debuggerAddress: localhost:63254}, networkConnectionEnabled: false, pageLoadStrategy: normal, platformName: windows, proxy: Proxy(), se:cdp: ws://localhost:63254/devtoo..., se:cdpVersion: 140.0.7339.82, setWindowRect: true, strictFileInteractability: false, timeouts: {implicit: 0, pageLoad: 300000, script: 30000}, unhandledPromptBehavior: dismiss and notify, webauthn:extension:credBlob: true, webauthn:extension:largeBlob: true, webauthn:extension:minPinLength: true, webauthn:extension:prf: true, webauthn:virtualAuthenticators: true}
Session ID: a8272b617a61a07b972cd6ef6ea99452
at org.openqa.selenium.remote.ErrorCodec.decode(ErrorCodec.java:167)
at org.openqa.selenium.remote.codec.w3c.W3CHttpResponseCodec.decode(W3CHttpResponseCodec.java:138)
at org.openqa.selenium.remote.codec.w3c.W3CHttpResponseCodec.decode(W3CHttpResponseCodec.java:50)
at org.openqa.selenium.remote.HttpCommandExecutor.execute(HttpCommandExecutor.java:190)
at org.openqa.selenium.remote.service.DriverCommandExecutor.invokeExecute(DriverCommandExecutor.java:216)
at org.openqa.selenium.remote.service.DriverCommandExecutor.execute(DriverCommandExecutor.java:174)
at org.openqa.selenium.remote.RemoteWebDriver.execute(RemoteWebDriver.java:545)
at org.openqa.selenium.remote.ElementLocation$ElementFinder$2.findElement(ElementLocation.java:165)
at org.openqa.selenium.remote.ElementLocation.findElement(ElementLocation.java:59)
at org.openqa.selenium.remote.RemoteWebDriver.findElement(RemoteWebDriver.java:368)
at org.openqa.selenium.remote.RemoteWebDriver.findElement(RemoteWebDriver.java:362)
at org.openqa.selenium.support.pagefactory.DefaultElementLocator.findElement(DefaultElementLocator.java:68)
at org.openqa.selenium.support.pagefactory.internal.LocatingElementHandler.invoke(LocatingElementHandler.java:38)
at jdk.proxy2/jdk.proxy2.$Proxy18.isDisplayed(Unknown Source)
at org.openqa.selenium.support.ui.ExpectedConditions.elementIfVisible(ExpectedConditions.java:304)
at org.openqa.selenium.support.ui.ExpectedConditions$10.apply(ExpectedConditions.java:290)
at org.openqa.selenium.support.ui.ExpectedConditions$10.apply(ExpectedConditions.java:287)
at org.openqa.selenium.support.ui.ExpectedConditions$23.apply(ExpectedConditions.java:656)
at org.openqa.selenium.support.ui.ExpectedConditions$23.apply(ExpectedConditions.java:652)
at org.openqa.selenium.support.ui.FluentWait.until(FluentWait.java:203)
... 29 more
... Removed 28 stack frames]]>
    </failure>
  </testcase> <!-- TC_08_Verify_test_kit_status_when_only_secondary_result_is_uploaded_CLA_not_detected_GON_unconfirmed_reactive -->
  <testcase classname="Tims.SH_Test_Cases.TC_06_Verify_Test_Kit_Status_When_Only_Secondary_Result_Is_Uploaded_CLA_Not_Detected_GON_Not_Detected" name="TC_06_Verify_test_kit_status_when_only_secondary_result_is_uploaded_CLA_Not_Detected_GON_Not_Detected" time="154.552"/>
  <testcase classname="Tims.SH_Test_Cases.TC_09_Verify_Test_Kit_Status_When_Only_Secondary_Result_Is_Uploaded_CLA_Detected_GON_Not_Detected" name="TC_09_Verify_test_kit_status_when_only_secondary_result_is_uploaded_CLA_detected_GON_not_detected" time="158.214"/>
  <testcase classname="Tims.SH_Test_Cases.TC_02_Verify_Test_Kit_Status_When_Only_Primary_Result_Is_Uploaded_SYPH_Unconfirmed_Reactive_HIV_Not_Detected" name="TC_02_Verify_test_kit_status_when_only_primary_result_is_uploaded_SYPH_Unconfirmed_Reactive_HIV_Not_Detected" time="157.684"/>
  <testcase classname="Tims.SH_Test_Cases.TC_05_Verify_Test_Kit_Status_When_Only_Secondary_Result_Is_Uploaded_CLA_Detected_GON_Detected" name="TC_05_Verify_test_kit_status_when_only_secondary_result_is_uploaded_CLA_Detected_GON_Detected" time="153.195"/>
  <testcase classname="Tims.SH_Test_Cases.TC_10_Verify_Test_Kit_Status_When_Only_Secondary_Result_Is_Uploaded_CLA_Not_Detected_GON_Detected" name="TC_10_Verify_test_kit_status_when_only_secondary_result_is_uploaded_CLA_not_detected_GON_detected" time="158.564"/>
  <testcase classname="Tims.Partial_Report_SOFT_1405_Test_Cases.TC_11_Verify_Partial_Test_Report_Vitamins_Minerals_Profile_Test_For_FOL_Untestable_Insufficient_Post_Analytical" name="TC_11_Verify_partial_test_report_vitamins_minerals_profile_test_for_FOL_untestable_insufficient_post_analytical" time="145.495"/>
  <testcase classname="Tims.Partial_Report_SOFT_1405_Test_Cases.TC_13_Verify_Partial_Test_Report_Vitamins_Minerals_Profile_Test_Other_Than_FOL_Untestable_Clotted_Post_Analytical" name="TC_13_Verify_partial_test_report_vitamins_minerals_profile_test_other_than_FOL_untestable_clotted_post_analytical" time="115.543"/>
  <testcase classname="Tims.Partial_Report_SOFT_1405_Test_Cases.TC_02_Verify_Partial_Test_Report_Energy_Profile_Test_For_Folate_Untestable_Insufficient_Post_Analytical" name="TC_02_Verify_partial_test_report_energy_profile_test_for_folate_untestable_insufficient_post_analytical" time="174.128"/>
  <testcase classname="Tims.Partial_Report_SOFT_1405_Test_Cases.TC_07_Verify_Partial_Test_Report_Energy_Profile_Test_For_FOL_ALT_ALP_Untestable_Damaged_Empty_Not_Returned" name="TC_07_Verify_partial_test_report_energy_profile_test_for_FOL_ALT_ALP_untestable_damaged_empty_not_returned" time="174.149"/>
  <testcase classname="Tims.Partial_Report_SOFT_1405_Test_Cases.TC_01_Verify_Published_Test_Report_Functionality_With_Full_Blood_Results" name="TC_01_Verify_published_test_report_functionality_with_full_blood_results" time="149.837"/>
  <testcase classname="Tims.Partial_Report_SOFT_1405_Test_Cases.TC_16_Verify_Partial_Test_Report_Weight_Management_Test_Other_Than_FOL_Untestable_Clotted_Post_Analytical" name="TC_16_Verify_partial_test_report_weight_management_test_other_than_FOL_untestable_clotted_post_analytical" time="132.489"/>
  <testcase classname="Tims.Partial_Report_SOFT_1405_Test_Cases.TC_05_Verify_Partial_Test_Report_Energy_Profile_Test_For_FOL_ALP_Untestable_Grossly_Haemolysed" name="TC_05_Verify_partial_test_report_energy_profile_test_for_FOL_ALP_untestable_grossly_haemolysed" time="175.107"/>
  <testcase classname="Tims.Partial_Report_SOFT_1405_Test_Cases.TC_15_Verify_Partial_Test_Report_Weight_Management_Test_For_FOL_Untestable_Clotted_Post_Analytical" name="TC_15_Verify_partial_test_report_weight_management_test_for_FOL_untestable_clotted_post_analytical" time="171.807"/>
  <testcase classname="Tims.Partial_Report_SOFT_1405_Test_Cases.TC_03_Verify_Partial_Test_Report_Energy_Profile_Test_For_FOL_ALT_Untestable_Clotted_Post_Analytical" name="TC_03_Verify_partial_test_report_energy_profile_test_for_FOL_ALT_untestable_clotted_post_analytical" time="174.671"/>
  <testcase classname="Tims.Partial_Report_SOFT_1405_Test_Cases.TC_12_Verify_Partial_Test_Report_Vitamins_Minerals_Profile_Test_For_FOL_Untestable_Clotted_Post_Analytical" name="TC_12_Verify_partial_test_report_vitamins_minerals_profile_test_for_FOL_untestable_clotted_post_analytical" time="147.892"/>
  <testcase classname="Tims.Partial_Report_SOFT_1405_Test_Cases.TC_04_Verify_Partial_Test_Report_Energy_Profile_Test_For_FOL_GGT_Untestable_Misc_Post_Analytical" name="TC_04_Verify_partial_test_report_energy_profile_test_for_FOL_GGT_untestable_misc_post_analytical" time="178.295"/>
  <testcase classname="Tims.Partial_Report_SOFT_1405_Test_Cases.TC_14_Verify_Partial_Test_Report_Weight_Management_Test_For_FOL_Untestable_Grossly_Haemolysed" name="TC_14_Verify_partial_test_report_weight_management_test_for_FOL_untestable_grossly_haemolysed" time="169.868"/>
  <testcase classname="Tims.Partial_Report_SOFT_1405_Test_Cases.TC_10_Verify_Partial_Test_Report_Energy_Profile_Test_Other_Than_FOL_ALT_GGT_ALP_Untestable_Clotted_Post_Analytical" name="TC_10_Verify_partial_test_report_energy_profile_test_other_than_FOL_ALT_GGT_ALP_untestable_clotted_post_analytical" time="133.837"/>
  <testcase classname="Tims.Partial_Report_SOFT_1405_Test_Cases.TC_06_Verify_Partial_Test_Report_Energy_Profile_Test_For_FOL_ALT_GGT_Untestable_Insufficient_Sample_Receipt" name="TC_06_Verify_partial_test_report_energy_profile_test_for_FOL_ALT_GGT_untestable_insufficient_sample_receipt" time="180.147"/>
  <testcase classname="Tims.Partial_Report_SOFT_1405_Test_Cases.TC_08_Verify_Partial_Test_Report_Energy_Profile_Test_For_FOL_GGT_ALP_Untestable_Clotted_Sample_Receipt" name="TC_08_Verify_partial_test_report_energy_profile_test_for_FOL_GGT_ALP_untestable_clotted_sample_receipt" time="198.689">
    <failure type="org.openqa.selenium.TimeoutException" message="Expected condition failed: waiting for visibility of Proxy element for: DefaultElementLocator &amp;apos;By.xpath: //table[@id=&amp;apos;test-kit-result-table&amp;apos;]//td[normalize-space()=&amp;apos;FOL&amp;apos;]&amp;apos; (tried for 10 second(s) with 500 milliseconds interval)">
      <![CDATA[org.openqa.selenium.TimeoutException: Expected condition failed: waiting for visibility of Proxy element for: DefaultElementLocator 'By.xpath: //table[@id='test-kit-result-table']//td[normalize-space()='FOL']' (tried for 10 second(s) with 500 milliseconds interval)
at org.openqa.selenium.support.ui.WebDriverWait.timeoutException(WebDriverWait.java:84)
at org.openqa.selenium.support.ui.FluentWait.until(FluentWait.java:228)
at Wrappers.WebWait.visibilityOfElement(WebWait.java:20)
at Test.Tims.Partial_Report_Action_Class.SOFT_1405_Partial_Report_Actions.partialReportTC8(SOFT_1405_Partial_Report_Actions.java:1247)
at Tims.Partial_Report_SOFT_1405_Test_Cases.TC_08_Verify_Partial_Test_Report_Energy_Profile_Test_For_FOL_GGT_ALP_Untestable_Clotted_Sample_Receipt.TC_08_Verify_partial_test_report_energy_profile_test_for_FOL_GGT_ALP_untestable_clotted_sample_receipt(TC_08_Verify_Partial_Test_Report_Energy_Profile_Test_For_FOL_GGT_ALP_Untestable_Clotted_Sample_Receipt.java:17)
at java.base/java.util.ArrayList.forEach(ArrayList.java:1596)
Caused by: org.openqa.selenium.NoSuchElementException: no such element: Unable to locate element: {"method":"xpath","selector":"//table[@id='test-kit-result-table']//td[normalize-space()='FOL']"}
  (Session info: chrome=140.0.7339.82)
For documentation on this error, please visit: https://www.selenium.dev/documentation/webdriver/troubleshooting/errors#no-such-element-exception
Build info: version: '4.25.0', revision: '8a8aea2337'
System info: os.name: 'Windows 11', os.arch: 'amd64', os.version: '10.0', java.version: '21.0.8'
Driver info: org.openqa.selenium.chrome.ChromeDriver
Command: [72a67286a46c0a1204b3cfc4cdccb371, findElement {value=//table[@id='test-kit-result-table']//td[normalize-space()='FOL'], using=xpath}]
Capabilities {acceptInsecureCerts: false, browserName: chrome, browserVersion: 140.0.7339.82, chrome: {chromedriverVersion: 140.0.7339.82 (bc93617e21c3..., userDataDir: C:\Users\ROHAN~1.THO\AppDat...}, fedcm:accounts: true, goog:chromeOptions: {debuggerAddress: localhost:58849}, networkConnectionEnabled: false, pageLoadStrategy: normal, platformName: windows, proxy: Proxy(), se:cdp: ws://localhost:58849/devtoo..., se:cdpVersion: 140.0.7339.82, setWindowRect: true, strictFileInteractability: false, timeouts: {implicit: 0, pageLoad: 300000, script: 30000}, unhandledPromptBehavior: dismiss and notify, webauthn:extension:credBlob: true, webauthn:extension:largeBlob: true, webauthn:extension:minPinLength: true, webauthn:extension:prf: true, webauthn:virtualAuthenticators: true}
Session ID: 72a67286a46c0a1204b3cfc4cdccb371
at org.openqa.selenium.remote.ErrorCodec.decode(ErrorCodec.java:167)
at org.openqa.selenium.remote.codec.w3c.W3CHttpResponseCodec.decode(W3CHttpResponseCodec.java:138)
at org.openqa.selenium.remote.codec.w3c.W3CHttpResponseCodec.decode(W3CHttpResponseCodec.java:50)
at org.openqa.selenium.remote.HttpCommandExecutor.execute(HttpCommandExecutor.java:190)
at org.openqa.selenium.remote.service.DriverCommandExecutor.invokeExecute(DriverCommandExecutor.java:216)
at org.openqa.selenium.remote.service.DriverCommandExecutor.execute(DriverCommandExecutor.java:174)
at org.openqa.selenium.remote.RemoteWebDriver.execute(RemoteWebDriver.java:545)
at org.openqa.selenium.remote.ElementLocation$ElementFinder$2.findElement(ElementLocation.java:165)
at org.openqa.selenium.remote.ElementLocation.findElement(ElementLocation.java:59)
at org.openqa.selenium.remote.RemoteWebDriver.findElement(RemoteWebDriver.java:368)
at org.openqa.selenium.remote.RemoteWebDriver.findElement(RemoteWebDriver.java:362)
at org.openqa.selenium.support.pagefactory.DefaultElementLocator.findElement(DefaultElementLocator.java:68)
at org.openqa.selenium.support.pagefactory.internal.LocatingElementHandler.invoke(LocatingElementHandler.java:38)
at jdk.proxy2/jdk.proxy2.$Proxy18.isDisplayed(Unknown Source)
at org.openqa.selenium.support.ui.ExpectedConditions.elementIfVisible(ExpectedConditions.java:304)
at org.openqa.selenium.support.ui.ExpectedConditions$10.apply(ExpectedConditions.java:290)
at org.openqa.selenium.support.ui.ExpectedConditions$10.apply(ExpectedConditions.java:287)
at org.openqa.selenium.support.ui.FluentWait.until(FluentWait.java:203)
... 29 more
... Removed 28 stack frames]]>
    </failure>
  </testcase> <!-- TC_08_Verify_partial_test_report_energy_profile_test_for_FOL_GGT_ALP_untestable_clotted_sample_receipt -->
  <testcase classname="Tims.Partial_Report_SOFT_1405_Test_Cases.TC_09_Verify_Partial_Test_Report_Energy_Profile_Test_For_FOL_ALT_GGT_ALP_Inhibitory" name="TC_09_Verify_partial_test_report_energy_profile_test_for_FOL_ALT_GGT_ALP_inhibitory" time="178.291"/>
  <testcase classname="Tims.Partial_Report_SOFT_1407_Test_Cases.TC_12_Verify_Partial_Reporting_Energy_Profile_Test_LYMP_MCV_MONO_NEU_Untestable_Clotted_Post_Analytical" name="TC_12_Verify_partial_reporting_energy_profile_test_LYMP_MCV_MONO_NEU_untestable_clotted_post_analytical" time="179.09"/>
  <testcase classname="Tims.Partial_Report_SOFT_1407_Test_Cases.TC_03_Verify_Partial_Reporting_Energy_Profile_Test_BAS_EOS_HCT_HGB_LYMP_MCV_MONO_NEU_PLT_RBC_WBC_Untestable_Damaged_Empty_NotReturned" name="TC_03_Verify_partial_reporting_energy_profile_test_BAS_EOS_HCT_HGB_LYMP_MCV_MONO_NEU_PLT_RBC_WBC_untestable_damaged_empty_notReturned" time="177.122"/>
  <testcase classname="Tims.Partial_Report_SOFT_1407_Test_Cases.TC_01_Verify_Partial_Reporting_Energy_Profile_Test_BAS_EOS_HCT_HGB_LYMP_MCV_MONO_NEU_PLT_RBC_WBC_Untestable_Insufficient_Sample_Receipt" name="TC_01_Verify_partial_reporting_energy_profile_test_BAS_EOS_HCT_HGB_LYMP_MCV_MONO_NEU_PLT_RBC_WBC_untestable_insufficient_sample_Receipt" time="122.143">
    <failure type="org.openqa.selenium.TimeoutException" message="Expected condition failed: waiting for visibility of [[ChromeDriver: chrome on windows (275395e04406a3bb6ca72dea77f30143)] -&amp;gt; xpath: //div[@id=&amp;apos;toaster-msg&amp;apos;]//p] (tried for 20 second(s) with 500 milliseconds interval)
Build info: version: &amp;apos;4.25.0&amp;apos;, revision: &amp;apos;8a8aea2337&amp;apos;
System info: os.name: &amp;apos;Windows 11&amp;apos;, os.arch: &amp;apos;amd64&amp;apos;, os.version: &amp;apos;10.0&amp;apos;, java.version: &amp;apos;21.0.8&amp;apos;
Driver info: org.openqa.selenium.chrome.ChromeDriver
Capabilities {acceptInsecureCerts: false, browserName: chrome, browserVersion: 140.0.7339.82, chrome: {chromedriverVersion: 140.0.7339.82 (bc93617e21c3..., userDataDir: C:\Users\ROHAN~1.THO\AppDat...}, fedcm:accounts: true, goog:chromeOptions: {debuggerAddress: localhost:60911}, networkConnectionEnabled: false, pageLoadStrategy: normal, platformName: windows, proxy: Proxy(), se:cdp: ws://localhost:60911/devtoo..., se:cdpVersion: 140.0.7339.82, setWindowRect: true, strictFileInteractability: false, timeouts: {implicit: 0, pageLoad: 300000, script: 30000}, unhandledPromptBehavior: dismiss and notify, webauthn:extension:credBlob: true, webauthn:extension:largeBlob: true, webauthn:extension:minPinLength: true, webauthn:extension:prf: true, webauthn:virtualAuthenticators: true}
Session ID: 275395e04406a3bb6ca72dea77f30143">
      <![CDATA[org.openqa.selenium.TimeoutException: Expected condition failed: waiting for visibility of [[ChromeDriver: chrome on windows (275395e04406a3bb6ca72dea77f30143)] -> xpath: //div[@id='toaster-msg']//p] (tried for 20 second(s) with 500 milliseconds interval)
Build info: version: '4.25.0', revision: '8a8aea2337'
System info: os.name: 'Windows 11', os.arch: 'amd64', os.version: '10.0', java.version: '21.0.8'
Driver info: org.openqa.selenium.chrome.ChromeDriver
Capabilities {acceptInsecureCerts: false, browserName: chrome, browserVersion: 140.0.7339.82, chrome: {chromedriverVersion: 140.0.7339.82 (bc93617e21c3..., userDataDir: C:\Users\ROHAN~1.THO\AppDat...}, fedcm:accounts: true, goog:chromeOptions: {debuggerAddress: localhost:60911}, networkConnectionEnabled: false, pageLoadStrategy: normal, platformName: windows, proxy: Proxy(), se:cdp: ws://localhost:60911/devtoo..., se:cdpVersion: 140.0.7339.82, setWindowRect: true, strictFileInteractability: false, timeouts: {implicit: 0, pageLoad: 300000, script: 30000}, unhandledPromptBehavior: dismiss and notify, webauthn:extension:credBlob: true, webauthn:extension:largeBlob: true, webauthn:extension:minPinLength: true, webauthn:extension:prf: true, webauthn:virtualAuthenticators: true}
Session ID: 275395e04406a3bb6ca72dea77f30143
at org.openqa.selenium.support.ui.WebDriverWait.timeoutException(WebDriverWait.java:84)
at org.openqa.selenium.support.ui.FluentWait.until(FluentWait.java:228)
at Wrappers.WebWait.visibilityOfElement(WebWait.java:20)
at Test.Tims.Partial_Report_Action_Class.SOFT_1407_Partial_Report_Actions.partialReportTC01(SOFT_1407_Partial_Report_Actions.java:94)
at Tims.Partial_Report_SOFT_1407_Test_Cases.TC_01_Verify_Partial_Reporting_Energy_Profile_Test_BAS_EOS_HCT_HGB_LYMP_MCV_MONO_NEU_PLT_RBC_WBC_Untestable_Insufficient_Sample_Receipt.TC_01_Verify_partial_reporting_energy_profile_test_BAS_EOS_HCT_HGB_LYMP_MCV_MONO_NEU_PLT_RBC_WBC_untestable_insufficient_sample_Receipt(TC_01_Verify_Partial_Reporting_Energy_Profile_Test_BAS_EOS_HCT_HGB_LYMP_MCV_MONO_NEU_PLT_RBC_WBC_Untestable_Insufficient_Sample_Receipt.java:17)
at java.base/java.util.ArrayList.forEach(ArrayList.java:1596)
... Removed 25 stack frames]]>
    </failure>
  </testcase> <!-- TC_01_Verify_partial_reporting_energy_profile_test_BAS_EOS_HCT_HGB_LYMP_MCV_MONO_NEU_PLT_RBC_WBC_untestable_insufficient_sample_Receipt -->
  <testcase classname="Tims.Partial_Report_SOFT_1407_Test_Cases.TC_11_Verify_Partial_Reporting_Energy_Profile_Test_BAS_EOS_HCT_HGB_Inhibitory" name="TC_11_Verify_partial_reporting_energy_profile_test_BAS_EOS_HCT_HGB_inhibitory" time="183.748"/>
  <testcase classname="Tims.Partial_Report_SOFT_1407_Test_Cases.TC_10_Verify_Partial_Reporting_Energy_Profile_Test_BAS_EOS_HCT_HGB_LYMP_MCV_MONO_NEU_PLT_RBC_WBC_Inhibitory" name="TC_10_Verify_partial_reporting_energy_profile_test_BAS_EOS_HCT_HGB_LYMP_MCV_MONO_NEU_PLT_RBC_WBC_inhibitory" time="176.982"/>
  <testcase classname="Tims.Partial_Report_SOFT_1407_Test_Cases.TC_09_Verify_Partial_Reporting_Energy_Profile_Test_BAS_EOS_HCT_HGB_LYMP_MCV_MONO_NEU_PLT_RBC_WBC_Untestable_Misc_Post_Analytical" name="TC_09_Verify_partial_reporting_energy_profile_test_BAS_EOS_HCT_HGB_LYMP_MCV_MONO_NEU_PLT_RBC_WBC_untestable_misc_post_analytical" time="177.475"/>
  <testcase classname="Tims.Partial_Report_SOFT_1407_Test_Cases.TC_08_Verify_Partial_Reporting_Energy_Profile_Test_BAS_EOS_HCT_HGB_LYMP_MCV_MONO_NEU_PLT_RBC_WBC_Untestable_Misc_Sample_Receipt" name="TC_08_Verify_partial_reporting_energy_profile_test_BAS_EOS_HCT_HGB_LYMP_MCV_MONO_NEU_PLT_RBC_WBC_untestable_misc_sample_receipt" time="62.409">
    <failure type="org.openqa.selenium.TimeoutException" message="Expected condition failed: waiting for visibility of [[ChromeDriver: chrome on windows (6affb9cd9a4cd2f823e167eda06236e7)] -&amp;gt; xpath: //select[@name=&amp;apos;assign_testkit_type&amp;apos;]] (tried for 20 second(s) with 500 milliseconds interval)
Build info: version: &amp;apos;4.25.0&amp;apos;, revision: &amp;apos;8a8aea2337&amp;apos;
System info: os.name: &amp;apos;Windows 11&amp;apos;, os.arch: &amp;apos;amd64&amp;apos;, os.version: &amp;apos;10.0&amp;apos;, java.version: &amp;apos;21.0.8&amp;apos;
Driver info: org.openqa.selenium.chrome.ChromeDriver
Capabilities {acceptInsecureCerts: false, browserName: chrome, browserVersion: 140.0.7339.82, chrome: {chromedriverVersion: 140.0.7339.82 (bc93617e21c3..., userDataDir: C:\Users\ROHAN~1.THO\AppDat...}, fedcm:accounts: true, goog:chromeOptions: {debuggerAddress: localhost:57574}, networkConnectionEnabled: false, pageLoadStrategy: normal, platformName: windows, proxy: Proxy(), se:cdp: ws://localhost:57574/devtoo..., se:cdpVersion: 140.0.7339.82, setWindowRect: true, strictFileInteractability: false, timeouts: {implicit: 0, pageLoad: 300000, script: 30000}, unhandledPromptBehavior: dismiss and notify, webauthn:extension:credBlob: true, webauthn:extension:largeBlob: true, webauthn:extension:minPinLength: true, webauthn:extension:prf: true, webauthn:virtualAuthenticators: true}
Session ID: 6affb9cd9a4cd2f823e167eda06236e7">
      <![CDATA[org.openqa.selenium.TimeoutException: Expected condition failed: waiting for visibility of [[ChromeDriver: chrome on windows (6affb9cd9a4cd2f823e167eda06236e7)] -> xpath: //select[@name='assign_testkit_type']] (tried for 20 second(s) with 500 milliseconds interval)
Build info: version: '4.25.0', revision: '8a8aea2337'
System info: os.name: 'Windows 11', os.arch: 'amd64', os.version: '10.0', java.version: '21.0.8'
Driver info: org.openqa.selenium.chrome.ChromeDriver
Capabilities {acceptInsecureCerts: false, browserName: chrome, browserVersion: 140.0.7339.82, chrome: {chromedriverVersion: 140.0.7339.82 (bc93617e21c3..., userDataDir: C:\Users\ROHAN~1.THO\AppDat...}, fedcm:accounts: true, goog:chromeOptions: {debuggerAddress: localhost:57574}, networkConnectionEnabled: false, pageLoadStrategy: normal, platformName: windows, proxy: Proxy(), se:cdp: ws://localhost:57574/devtoo..., se:cdpVersion: 140.0.7339.82, setWindowRect: true, strictFileInteractability: false, timeouts: {implicit: 0, pageLoad: 300000, script: 30000}, unhandledPromptBehavior: dismiss and notify, webauthn:extension:credBlob: true, webauthn:extension:largeBlob: true, webauthn:extension:minPinLength: true, webauthn:extension:prf: true, webauthn:virtualAuthenticators: true}
Session ID: 6affb9cd9a4cd2f823e167eda06236e7
at org.openqa.selenium.support.ui.WebDriverWait.timeoutException(WebDriverWait.java:84)
at org.openqa.selenium.support.ui.FluentWait.until(FluentWait.java:228)
at Wrappers.WebWait.visibilityOfElement(WebWait.java:20)
at Test.Tims.Partial_Report_Action_Class.SOFT_1405_Partial_Report_Actions.generateDoubleBarcode(SOFT_1405_Partial_Report_Actions.java:160)
at Test.Tims.Partial_Report_Action_Class.SOFT_1407_Partial_Report_Actions.partialReportTC08(SOFT_1407_Partial_Report_Actions.java:1018)
at Tims.Partial_Report_SOFT_1407_Test_Cases.TC_08_Verify_Partial_Reporting_Energy_Profile_Test_BAS_EOS_HCT_HGB_LYMP_MCV_MONO_NEU_PLT_RBC_WBC_Untestable_Misc_Sample_Receipt.TC_08_Verify_partial_reporting_energy_profile_test_BAS_EOS_HCT_HGB_LYMP_MCV_MONO_NEU_PLT_RBC_WBC_untestable_misc_sample_receipt(TC_08_Verify_Partial_Reporting_Energy_Profile_Test_BAS_EOS_HCT_HGB_LYMP_MCV_MONO_NEU_PLT_RBC_WBC_Untestable_Misc_Sample_Receipt.java:17)
at java.base/java.util.ArrayList.forEach(ArrayList.java:1596)
... Removed 25 stack frames]]>
    </failure>
  </testcase> <!-- TC_08_Verify_partial_reporting_energy_profile_test_BAS_EOS_HCT_HGB_LYMP_MCV_MONO_NEU_PLT_RBC_WBC_untestable_misc_sample_receipt -->
  <testcase classname="Tims.Partial_Report_SOFT_1407_Test_Cases.TC_02_Verify_Partial_Reporting_Energy_Profile_Test_BAS_EOS_HCT_HGB_LYMP_MCV_MONO_NEU_PLT_RBC_WBC_Untestable_Insufficient_Post_Analytical" name="TC_02_Verify_partial_reporting_energy_profile_test_BAS_EOS_HCT_HGB_LYMP_MCV_MONO_NEU_PLT_RBC_WBC_untestable_insufficient_post_analytical" time="175.557"/>
  <testcase classname="Tims.Partial_Report_SOFT_1407_Test_Cases.TC_06_Verify_Partial_Reporting_Energy_Profile_Test_BAS_EOS_HCT_HGB_LYMP_MCV_MONO_NEU_PLT_RBC_WBC_Untestable_Clotted_Sample_Receipt" name="TC_06_Verify_partial_reporting_energy_profile_test_BAS_EOS_HCT_HGB_LYMP_MCV_MONO_NEU_PLT_RBC_WBC_untestable_clotted_sample_receipt" time="176.501"/>
  <testcase classname="Tims.Partial_Report_SOFT_1407_Test_Cases.TC_05_Verify_Partial_Reporting_Energy_Profile_Test_BAS_EOS_HCT_HGB_LYMP_MCV_MONO_NEU_PLT_RBC_WBC_Untestable_Grossly_Haemolysed" name="TC_05_Verify_partial_reporting_energy_profile_test_BAS_EOS_HCT_HGB_LYMP_MCV_MONO_NEU_PLT_RBC_WBC_untestable_grossly_haemolysed" time="176.289"/>
  <testcase classname="Tims.Partial_Report_SOFT_1407_Test_Cases.TC_07_Verify_Partial_Reporting_Energy_Profile_Test_BAS_EOS_HCT_HGB_LYMP_MCV_MONO_NEU_PLT_RBC_WBC_Untestable_Clotted_Post_Analytical" name="TC_07_Verify_partial_reporting_energy_profile_test_BAS_EOS_HCT_HGB_LYMP_MCV_MONO_NEU_PLT_RBC_WBC_untestable_clotted_post_analytical" time="208.666"/>
  <testcase classname="Tims.Partial_Report_SOFT_1407_Test_Cases.TC_04_Verify_Partial_Reporting_Energy_Profile_Test_BAS_EOS_HCT_HGB_LYMP_MCV_MONO_NEU_PLT_RBC_WBC_Untestable_Sample_Too_Old" name="TC_04_Verify_partial_reporting_energy_profile_test_BAS_EOS_HCT_HGB_LYMP_MCV_MONO_NEU_PLT_RBC_WBC_untestable_sample_too_old" time="178.439"/>
  <testcase classname="initializer.BaseClass" name="@AfterSuite afterSuite" time="0.0">
    <ignored/>
  </testcase> <!-- @AfterSuite afterSuite -->
  <testcase classname="initializer.BaseClass" name="@BeforeSuite beforeSuite" time="0.0">
    <ignored/>
  </testcase> <!-- @BeforeSuite beforeSuite -->
  <testcase classname="initializer.BaseClass" name="@BeforeSuite beforeSuite" time="0.0">
    <ignored/>
  </testcase> <!-- @BeforeSuite beforeSuite -->
  <testcase classname="initializer.BaseClass" name="@AfterSuite afterSuite" time="0.0">
    <ignored/>
  </testcase> <!-- @AfterSuite afterSuite -->
  <testcase classname="initializer.BaseClass" name="@BeforeSuite beforeSuite" time="0.0">
    <ignored/>
  </testcase> <!-- @BeforeSuite beforeSuite -->
  <testcase classname="initializer.BaseClass" name="@AfterSuite afterSuite" time="0.0">
    <ignored/>
  </testcase> <!-- @AfterSuite afterSuite -->
  <testcase classname="initializer.BaseClass" name="@AfterSuite afterSuite" time="0.0">
    <ignored/>
  </testcase> <!-- @AfterSuite afterSuite -->
  <testcase classname="initializer.BaseClass" name="@AfterSuite afterSuite" time="0.0">
    <ignored/>
  </testcase> <!-- @AfterSuite afterSuite -->
  <testcase classname="initializer.BaseClass" name="@BeforeSuite beforeSuite" time="0.0">
    <ignored/>
  </testcase> <!-- @BeforeSuite beforeSuite -->
  <testcase classname="initializer.BaseClass" name="@BeforeSuite beforeSuite" time="0.0">
    <ignored/>
  </testcase> <!-- @BeforeSuite beforeSuite -->
  <testcase classname="initializer.BaseClass" name="@AfterSuite afterSuite" time="0.0">
    <ignored/>
  </testcase> <!-- @AfterSuite afterSuite -->
  <testcase classname="initializer.BaseClass" name="@BeforeSuite beforeSuite" time="0.0">
    <ignored/>
  </testcase> <!-- @BeforeSuite beforeSuite -->
  <testcase classname="initializer.BaseClass" name="@AfterSuite afterSuite" time="0.0">
    <ignored/>
  </testcase> <!-- @AfterSuite afterSuite -->
  <testcase classname="initializer.BaseClass" name="@BeforeSuite beforeSuite" time="0.0">
    <ignored/>
  </testcase> <!-- @BeforeSuite beforeSuite -->
  <testcase classname="initializer.BaseClass" name="@BeforeSuite beforeSuite" time="0.0">
    <ignored/>
  </testcase> <!-- @BeforeSuite beforeSuite -->
  <testcase classname="initializer.BaseClass" name="@BeforeSuite beforeSuite" time="0.0">
    <ignored/>
  </testcase> <!-- @BeforeSuite beforeSuite -->
  <testcase classname="initializer.BaseClass" name="@BeforeSuite beforeSuite" time="0.0">
    <ignored/>
  </testcase> <!-- @BeforeSuite beforeSuite -->
  <testcase classname="initializer.BaseClass" name="@AfterSuite afterSuite" time="0.0">
    <ignored/>
  </testcase> <!-- @AfterSuite afterSuite -->
  <testcase classname="initializer.BaseClass" name="@BeforeSuite beforeSuite" time="0.0">
    <ignored/>
  </testcase> <!-- @BeforeSuite beforeSuite -->
  <testcase classname="initializer.BaseClass" name="@AfterSuite afterSuite" time="0.0">
    <ignored/>
  </testcase> <!-- @AfterSuite afterSuite -->
  <testcase classname="initializer.BaseClass" name="@AfterSuite afterSuite" time="0.0">
    <ignored/>
  </testcase> <!-- @AfterSuite afterSuite -->
  <testcase classname="initializer.BaseClass" name="@BeforeSuite beforeSuite" time="0.0">
    <ignored/>
  </testcase> <!-- @BeforeSuite beforeSuite -->
  <testcase classname="initializer.BaseClass" name="@BeforeSuite beforeSuite" time="0.0">
    <ignored/>
  </testcase> <!-- @BeforeSuite beforeSuite -->
  <testcase classname="initializer.BaseClass" name="@BeforeSuite beforeSuite" time="0.0">
    <ignored/>
  </testcase> <!-- @BeforeSuite beforeSuite -->
  <testcase classname="initializer.BaseClass" name="@BeforeSuite beforeSuite" time="0.0">
    <ignored/>
  </testcase> <!-- @BeforeSuite beforeSuite -->
  <testcase classname="initializer.BaseClass" name="@AfterSuite afterSuite" time="0.0">
    <ignored/>
  </testcase> <!-- @AfterSuite afterSuite -->
  <testcase classname="initializer.BaseClass" name="@AfterSuite afterSuite" time="0.0">
    <ignored/>
  </testcase> <!-- @AfterSuite afterSuite -->
  <testcase classname="initializer.BaseClass" name="@BeforeSuite beforeSuite" time="0.0">
    <ignored/>
  </testcase> <!-- @BeforeSuite beforeSuite -->
  <testcase classname="initializer.BaseClass" name="@BeforeSuite beforeSuite" time="0.0">
    <ignored/>
  </testcase> <!-- @BeforeSuite beforeSuite -->
  <testcase classname="initializer.BaseClass" name="@AfterSuite afterSuite" time="0.0">
    <ignored/>
  </testcase> <!-- @AfterSuite afterSuite -->
  <testcase classname="initializer.BaseClass" name="@AfterSuite afterSuite" time="0.0">
    <ignored/>
  </testcase> <!-- @AfterSuite afterSuite -->
  <testcase classname="initializer.BaseClass" name="@AfterSuite afterSuite" time="0.0">
    <ignored/>
  </testcase> <!-- @AfterSuite afterSuite -->
  <testcase classname="initializer.BaseClass" name="@AfterSuite afterSuite" time="0.0">
    <ignored/>
  </testcase> <!-- @AfterSuite afterSuite -->
  <testcase classname="initializer.BaseClass" name="@BeforeSuite beforeSuite" time="0.0">
    <ignored/>
  </testcase> <!-- @BeforeSuite beforeSuite -->
  <testcase classname="initializer.BaseClass" name="@AfterSuite afterSuite" time="0.0">
    <ignored/>
  </testcase> <!-- @AfterSuite afterSuite -->
  <testcase classname="initializer.BaseClass" name="@AfterSuite afterSuite" time="0.0">
    <ignored/>
  </testcase> <!-- @AfterSuite afterSuite -->
  <testcase classname="initializer.BaseClass" name="@AfterSuite afterSuite" time="0.0">
    <ignored/>
  </testcase> <!-- @AfterSuite afterSuite -->
  <testcase classname="initializer.BaseClass" name="@AfterSuite afterSuite" time="0.0">
    <ignored/>
  </testcase> <!-- @AfterSuite afterSuite -->
  <testcase classname="initializer.BaseClass" name="@BeforeSuite beforeSuite" time="0.0">
    <ignored/>
  </testcase> <!-- @BeforeSuite beforeSuite -->
  <testcase classname="initializer.BaseClass" name="@BeforeSuite beforeSuite" time="0.0">
    <ignored/>
  </testcase> <!-- @BeforeSuite beforeSuite -->
  <testcase classname="initializer.BaseClass" name="@AfterSuite afterSuite" time="0.0">
    <ignored/>
  </testcase> <!-- @AfterSuite afterSuite -->
  <testcase classname="initializer.BaseClass" name="@AfterSuite afterSuite" time="0.0">
    <ignored/>
  </testcase> <!-- @AfterSuite afterSuite -->
  <testcase classname="initializer.BaseClass" name="@AfterSuite afterSuite" time="0.0">
    <ignored/>
  </testcase> <!-- @AfterSuite afterSuite -->
  <testcase classname="initializer.BaseClass" name="@BeforeSuite beforeSuite" time="0.0">
    <ignored/>
  </testcase> <!-- @BeforeSuite beforeSuite -->
  <testcase classname="initializer.BaseClass" name="@AfterSuite afterSuite" time="0.0">
    <ignored/>
  </testcase> <!-- @AfterSuite afterSuite -->
  <testcase classname="initializer.BaseClass" name="@BeforeSuite beforeSuite" time="0.0">
    <ignored/>
  </testcase> <!-- @BeforeSuite beforeSuite -->
  <testcase classname="initializer.BaseClass" name="@BeforeSuite beforeSuite" time="0.0">
    <ignored/>
  </testcase> <!-- @BeforeSuite beforeSuite -->
  <testcase classname="initializer.BaseClass" name="@BeforeSuite beforeSuite" time="0.0">
    <ignored/>
  </testcase> <!-- @BeforeSuite beforeSuite -->
  <testcase classname="initializer.BaseClass" name="@AfterSuite afterSuite" time="0.0">
    <ignored/>
  </testcase> <!-- @AfterSuite afterSuite -->
  <testcase classname="initializer.BaseClass" name="@BeforeSuite beforeSuite" time="0.0">
    <ignored/>
  </testcase> <!-- @BeforeSuite beforeSuite -->
  <testcase classname="initializer.BaseClass" name="@BeforeSuite beforeSuite" time="0.0">
    <ignored/>
  </testcase> <!-- @BeforeSuite beforeSuite -->
  <testcase classname="initializer.BaseClass" name="@BeforeSuite beforeSuite" time="0.0">
    <ignored/>
  </testcase> <!-- @BeforeSuite beforeSuite -->
  <testcase classname="initializer.BaseClass" name="@AfterSuite afterSuite" time="0.0">
    <ignored/>
  </testcase> <!-- @AfterSuite afterSuite -->
  <testcase classname="initializer.BaseClass" name="@BeforeSuite beforeSuite" time="0.0">
    <ignored/>
  </testcase> <!-- @BeforeSuite beforeSuite -->
  <testcase classname="initializer.BaseClass" name="@BeforeSuite beforeSuite" time="0.0">
    <ignored/>
  </testcase> <!-- @BeforeSuite beforeSuite -->
  <testcase classname="initializer.BaseClass" name="@BeforeSuite beforeSuite" time="0.0">
    <ignored/>
  </testcase> <!-- @BeforeSuite beforeSuite -->
  <testcase classname="initializer.BaseClass" name="@AfterSuite afterSuite" time="0.0">
    <ignored/>
  </testcase> <!-- @AfterSuite afterSuite -->
  <testcase classname="initializer.BaseClass" name="@AfterSuite afterSuite" time="0.0">
    <ignored/>
  </testcase> <!-- @AfterSuite afterSuite -->
  <testcase classname="initializer.BaseClass" name="@BeforeSuite beforeSuite" time="0.0">
    <ignored/>
  </testcase> <!-- @BeforeSuite beforeSuite -->
  <testcase classname="initializer.BaseClass" name="@AfterSuite afterSuite" time="0.0">
    <ignored/>
  </testcase> <!-- @AfterSuite afterSuite -->
  <testcase classname="initializer.BaseClass" name="@AfterSuite afterSuite" time="0.0">
    <ignored/>
  </testcase> <!-- @AfterSuite afterSuite -->
  <testcase classname="initializer.BaseClass" name="@BeforeSuite beforeSuite" time="0.0">
    <ignored/>
  </testcase> <!-- @BeforeSuite beforeSuite -->
  <testcase classname="initializer.BaseClass" name="@BeforeSuite beforeSuite" time="0.0">
    <ignored/>
  </testcase> <!-- @BeforeSuite beforeSuite -->
  <testcase classname="initializer.BaseClass" name="@BeforeSuite beforeSuite" time="0.0">
    <ignored/>
  </testcase> <!-- @BeforeSuite beforeSuite -->
  <testcase classname="initializer.BaseClass" name="@AfterSuite afterSuite" time="0.0">
    <ignored/>
  </testcase> <!-- @AfterSuite afterSuite -->
  <testcase classname="initializer.BaseClass" name="@BeforeSuite beforeSuite" time="0.0">
    <ignored/>
  </testcase> <!-- @BeforeSuite beforeSuite -->
  <testcase classname="initializer.BaseClass" name="@BeforeSuite beforeSuite" time="0.0">
    <ignored/>
  </testcase> <!-- @BeforeSuite beforeSuite -->
  <testcase classname="initializer.BaseClass" name="@BeforeSuite beforeSuite" time="0.0">
    <ignored/>
  </testcase> <!-- @BeforeSuite beforeSuite -->
  <testcase classname="initializer.BaseClass" name="@BeforeSuite beforeSuite" time="0.0">
    <ignored/>
  </testcase> <!-- @BeforeSuite beforeSuite -->
  <testcase classname="initializer.BaseClass" name="@BeforeSuite beforeSuite" time="0.0">
    <ignored/>
  </testcase> <!-- @BeforeSuite beforeSuite -->
  <testcase classname="initializer.BaseClass" name="@AfterSuite afterSuite" time="0.0">
    <ignored/>
  </testcase> <!-- @AfterSuite afterSuite -->
  <testcase classname="initializer.BaseClass" name="@AfterSuite afterSuite" time="0.0">
    <ignored/>
  </testcase> <!-- @AfterSuite afterSuite -->
  <testcase classname="initializer.BaseClass" name="@AfterSuite afterSuite" time="0.0">
    <ignored/>
  </testcase> <!-- @AfterSuite afterSuite -->
  <testcase classname="initializer.BaseClass" name="@AfterSuite afterSuite" time="0.0">
    <ignored/>
  </testcase> <!-- @AfterSuite afterSuite -->
  <testcase classname="initializer.BaseClass" name="@AfterSuite afterSuite" time="0.0">
    <ignored/>
  </testcase> <!-- @AfterSuite afterSuite -->
  <testcase classname="initializer.BaseClass" name="@BeforeSuite beforeSuite" time="0.0">
    <ignored/>
  </testcase> <!-- @BeforeSuite beforeSuite -->
  <testcase classname="initializer.BaseClass" name="@BeforeSuite beforeSuite" time="0.0">
    <ignored/>
  </testcase> <!-- @BeforeSuite beforeSuite -->
  <testcase classname="initializer.BaseClass" name="@AfterSuite afterSuite" time="0.0">
    <ignored/>
  </testcase> <!-- @AfterSuite afterSuite -->
  <testcase classname="initializer.BaseClass" name="@BeforeSuite beforeSuite" time="0.0">
    <ignored/>
  </testcase> <!-- @BeforeSuite beforeSuite -->
  <testcase classname="initializer.BaseClass" name="@AfterSuite afterSuite" time="0.0">
    <ignored/>
  </testcase> <!-- @AfterSuite afterSuite -->
  <testcase classname="initializer.BaseClass" name="@BeforeSuite beforeSuite" time="0.0">
    <ignored/>
  </testcase> <!-- @BeforeSuite beforeSuite -->
  <testcase classname="initializer.BaseClass" name="@AfterSuite afterSuite" time="0.0">
    <ignored/>
  </testcase> <!-- @AfterSuite afterSuite -->
  <testcase classname="initializer.BaseClass" name="@AfterSuite afterSuite" time="0.0">
    <ignored/>
  </testcase> <!-- @AfterSuite afterSuite -->
  <testcase classname="initializer.BaseClass" name="@AfterSuite afterSuite" time="0.0">
    <ignored/>
  </testcase> <!-- @AfterSuite afterSuite -->
  <testcase classname="initializer.BaseClass" name="@AfterSuite afterSuite" time="0.0">
    <ignored/>
  </testcase> <!-- @AfterSuite afterSuite -->
  <testcase classname="initializer.BaseClass" name="@BeforeSuite beforeSuite" time="0.0">
    <ignored/>
  </testcase> <!-- @BeforeSuite beforeSuite -->
  <testcase classname="initializer.BaseClass" name="@BeforeSuite beforeSuite" time="0.0">
    <ignored/>
  </testcase> <!-- @BeforeSuite beforeSuite -->
  <testcase classname="initializer.BaseClass" name="@BeforeSuite beforeSuite" time="0.0">
    <ignored/>
  </testcase> <!-- @BeforeSuite beforeSuite -->
  <testcase classname="initializer.BaseClass" name="@BeforeSuite beforeSuite" time="0.0">
    <ignored/>
  </testcase> <!-- @BeforeSuite beforeSuite -->
  <testcase classname="initializer.BaseClass" name="@AfterSuite afterSuite" time="0.0">
    <ignored/>
  </testcase> <!-- @AfterSuite afterSuite -->
  <testcase classname="initializer.BaseClass" name="@AfterSuite afterSuite" time="0.0">
    <ignored/>
  </testcase> <!-- @AfterSuite afterSuite -->
  <testcase classname="initializer.BaseClass" name="@BeforeSuite beforeSuite" time="0.0">
    <ignored/>
  </testcase> <!-- @BeforeSuite beforeSuite -->
  <testcase classname="initializer.BaseClass" name="@BeforeSuite beforeSuite" time="0.0">
    <ignored/>
  </testcase> <!-- @BeforeSuite beforeSuite -->
  <testcase classname="initializer.BaseClass" name="@BeforeSuite beforeSuite" time="0.0">
    <ignored/>
  </testcase> <!-- @BeforeSuite beforeSuite -->
  <testcase classname="initializer.BaseClass" name="@AfterSuite afterSuite" time="0.0">
    <ignored/>
  </testcase> <!-- @AfterSuite afterSuite -->
  <testcase classname="initializer.BaseClass" name="@BeforeSuite beforeSuite" time="0.0">
    <ignored/>
  </testcase> <!-- @BeforeSuite beforeSuite -->
  <testcase classname="initializer.BaseClass" name="@AfterSuite afterSuite" time="0.0">
    <ignored/>
  </testcase> <!-- @AfterSuite afterSuite -->
  <testcase classname="initializer.BaseClass" name="@BeforeSuite beforeSuite" time="0.0">
    <ignored/>
  </testcase> <!-- @BeforeSuite beforeSuite -->
  <testcase classname="initializer.BaseClass" name="@AfterSuite afterSuite" time="0.0">
    <ignored/>
  </testcase> <!-- @AfterSuite afterSuite -->
  <testcase classname="initializer.BaseClass" name="@AfterSuite afterSuite" time="0.0">
    <ignored/>
  </testcase> <!-- @AfterSuite afterSuite -->
  <testcase classname="initializer.BaseClass" name="@AfterSuite afterSuite" time="0.0">
    <ignored/>
  </testcase> <!-- @AfterSuite afterSuite -->
  <testcase classname="initializer.BaseClass" name="@BeforeSuite beforeSuite" time="0.0">
    <ignored/>
  </testcase> <!-- @BeforeSuite beforeSuite -->
  <testcase classname="initializer.BaseClass" name="@BeforeSuite beforeSuite" time="0.0">
    <ignored/>
  </testcase> <!-- @BeforeSuite beforeSuite -->
  <testcase classname="initializer.BaseClass" name="@AfterSuite afterSuite" time="0.0">
    <ignored/>
  </testcase> <!-- @AfterSuite afterSuite -->
  <testcase classname="initializer.BaseClass" name="@AfterSuite afterSuite" time="0.0">
    <ignored/>
  </testcase> <!-- @AfterSuite afterSuite -->
  <testcase classname="initializer.BaseClass" name="@AfterSuite afterSuite" time="0.0">
    <ignored/>
  </testcase> <!-- @AfterSuite afterSuite -->
  <testcase classname="initializer.BaseClass" name="@AfterSuite afterSuite" time="0.0">
    <ignored/>
  </testcase> <!-- @AfterSuite afterSuite -->
  <testcase classname="initializer.BaseClass" name="@AfterSuite afterSuite" time="0.0">
    <ignored/>
  </testcase> <!-- @AfterSuite afterSuite -->
  <testcase classname="initializer.BaseClass" name="@AfterSuite afterSuite" time="0.0">
    <ignored/>
  </testcase> <!-- @AfterSuite afterSuite -->
  <testcase classname="initializer.BaseClass" name="@BeforeSuite beforeSuite" time="0.0">
    <ignored/>
  </testcase> <!-- @BeforeSuite beforeSuite -->
  <testcase classname="initializer.BaseClass" name="@AfterSuite afterSuite" time="0.0">
    <ignored/>
  </testcase> <!-- @AfterSuite afterSuite -->
  <testcase classname="initializer.BaseClass" name="@BeforeSuite beforeSuite" time="0.0">
    <ignored/>
  </testcase> <!-- @BeforeSuite beforeSuite -->
  <testcase classname="initializer.BaseClass" name="@AfterSuite afterSuite" time="0.0">
    <ignored/>
  </testcase> <!-- @AfterSuite afterSuite -->
  <testcase classname="initializer.BaseClass" name="@AfterSuite afterSuite" time="0.0">
    <ignored/>
  </testcase> <!-- @AfterSuite afterSuite -->
  <testcase classname="initializer.BaseClass" name="@BeforeSuite beforeSuite" time="0.0">
    <ignored/>
  </testcase> <!-- @BeforeSuite beforeSuite -->
  <testcase classname="initializer.BaseClass" name="@AfterSuite afterSuite" time="0.0">
    <ignored/>
  </testcase> <!-- @AfterSuite afterSuite -->
  <testcase classname="initializer.BaseClass" name="@BeforeSuite beforeSuite" time="0.0">
    <ignored/>
  </testcase> <!-- @BeforeSuite beforeSuite -->
  <testcase classname="initializer.BaseClass" name="@BeforeSuite beforeSuite" time="0.0">
    <ignored/>
  </testcase> <!-- @BeforeSuite beforeSuite -->
  <testcase classname="initializer.BaseClass" name="@AfterSuite afterSuite" time="0.0">
    <ignored/>
  </testcase> <!-- @AfterSuite afterSuite -->
  <testcase classname="initializer.BaseClass" name="@BeforeSuite beforeSuite" time="0.0">
    <ignored/>
  </testcase> <!-- @BeforeSuite beforeSuite -->
  <testcase classname="initializer.BaseClass" name="@BeforeSuite beforeSuite" time="0.0">
    <ignored/>
  </testcase> <!-- @BeforeSuite beforeSuite -->
  <testcase classname="initializer.BaseClass" name="@AfterSuite afterSuite" time="0.0">
    <ignored/>
  </testcase> <!-- @AfterSuite afterSuite -->
  <testcase classname="initializer.BaseClass" name="@BeforeSuite beforeSuite" time="0.0">
    <ignored/>
  </testcase> <!-- @BeforeSuite beforeSuite -->
  <testcase classname="initializer.BaseClass" name="@BeforeSuite beforeSuite" time="0.0">
    <ignored/>
  </testcase> <!-- @BeforeSuite beforeSuite -->
  <testcase classname="initializer.BaseClass" name="@AfterSuite afterSuite" time="0.0">
    <ignored/>
  </testcase> <!-- @AfterSuite afterSuite -->
  <testcase classname="initializer.BaseClass" name="@BeforeSuite beforeSuite" time="0.0">
    <ignored/>
  </testcase> <!-- @BeforeSuite beforeSuite -->
  <testcase classname="initializer.BaseClass" name="@AfterSuite afterSuite" time="0.0">
    <ignored/>
  </testcase> <!-- @AfterSuite afterSuite -->
  <testcase classname="initializer.BaseClass" name="@BeforeSuite beforeSuite" time="0.0">
    <ignored/>
  </testcase> <!-- @BeforeSuite beforeSuite -->
  <testcase classname="initializer.BaseClass" name="@BeforeSuite beforeSuite" time="0.0">
    <ignored/>
  </testcase> <!-- @BeforeSuite beforeSuite -->
  <testcase classname="initializer.BaseClass" name="@BeforeSuite beforeSuite" time="0.0">
    <ignored/>
  </testcase> <!-- @BeforeSuite beforeSuite -->
  <testcase classname="initializer.BaseClass" name="@AfterSuite afterSuite" time="0.0">
    <ignored/>
  </testcase> <!-- @AfterSuite afterSuite -->
  <testcase classname="initializer.BaseClass" name="@AfterSuite afterSuite" time="0.0">
    <ignored/>
  </testcase> <!-- @AfterSuite afterSuite -->
  <testcase classname="initializer.BaseClass" name="@BeforeSuite beforeSuite" time="0.0">
    <ignored/>
  </testcase> <!-- @BeforeSuite beforeSuite -->
  <testcase classname="initializer.BaseClass" name="@BeforeSuite beforeSuite" time="0.0">
    <ignored/>
  </testcase> <!-- @BeforeSuite beforeSuite -->
  <testcase classname="initializer.BaseClass" name="@AfterSuite afterSuite" time="0.0">
    <ignored/>
  </testcase> <!-- @AfterSuite afterSuite -->
  <testcase classname="initializer.BaseClass" name="@BeforeSuite beforeSuite" time="0.0">
    <ignored/>
  </testcase> <!-- @BeforeSuite beforeSuite -->
  <testcase classname="initializer.BaseClass" name="@BeforeSuite beforeSuite" time="0.0">
    <ignored/>
  </testcase> <!-- @BeforeSuite beforeSuite -->
  <testcase classname="initializer.BaseClass" name="@BeforeSuite beforeSuite" time="0.0">
    <ignored/>
  </testcase> <!-- @BeforeSuite beforeSuite -->
  <testcase classname="initializer.BaseClass" name="@BeforeSuite beforeSuite" time="0.0">
    <ignored/>
  </testcase> <!-- @BeforeSuite beforeSuite -->
  <testcase classname="initializer.BaseClass" name="@AfterSuite afterSuite" time="0.0">
    <ignored/>
  </testcase> <!-- @AfterSuite afterSuite -->
  <testcase classname="initializer.BaseClass" name="@AfterSuite afterSuite" time="0.0">
    <ignored/>
  </testcase> <!-- @AfterSuite afterSuite -->
  <testcase classname="initializer.BaseClass" name="@AfterSuite afterSuite" time="0.0">
    <ignored/>
  </testcase> <!-- @AfterSuite afterSuite -->
  <testcase classname="initializer.BaseClass" name="@BeforeSuite beforeSuite" time="0.0">
    <ignored/>
  </testcase> <!-- @BeforeSuite beforeSuite -->
  <testcase classname="initializer.BaseClass" name="@BeforeSuite beforeSuite" time="0.0">
    <ignored/>
  </testcase> <!-- @BeforeSuite beforeSuite -->
  <testcase classname="initializer.BaseClass" name="@BeforeSuite beforeSuite" time="0.0">
    <ignored/>
  </testcase> <!-- @BeforeSuite beforeSuite -->
  <testcase classname="initializer.BaseClass" name="@AfterSuite afterSuite" time="0.0">
    <ignored/>
  </testcase> <!-- @AfterSuite afterSuite -->
  <testcase classname="initializer.BaseClass" name="@BeforeSuite beforeSuite" time="0.0">
    <ignored/>
  </testcase> <!-- @BeforeSuite beforeSuite -->
  <testcase classname="initializer.BaseClass" name="@BeforeSuite beforeSuite" time="0.0">
    <ignored/>
  </testcase> <!-- @BeforeSuite beforeSuite -->
  <testcase classname="initializer.BaseClass" name="@BeforeSuite beforeSuite" time="0.0">
    <ignored/>
  </testcase> <!-- @BeforeSuite beforeSuite -->
  <testcase classname="initializer.BaseClass" name="@AfterSuite afterSuite" time="0.0">
    <ignored/>
  </testcase> <!-- @AfterSuite afterSuite -->
  <testcase classname="initializer.BaseClass" name="@AfterSuite afterSuite" time="0.0">
    <ignored/>
  </testcase> <!-- @AfterSuite afterSuite -->
  <testcase classname="initializer.BaseClass" name="@AfterSuite afterSuite" time="0.0">
    <ignored/>
  </testcase> <!-- @AfterSuite afterSuite -->
  <testcase classname="initializer.BaseClass" name="@BeforeSuite beforeSuite" time="0.0">
    <ignored/>
  </testcase> <!-- @BeforeSuite beforeSuite -->
  <testcase classname="initializer.BaseClass" name="@AfterSuite afterSuite" time="0.0">
    <ignored/>
  </testcase> <!-- @AfterSuite afterSuite -->
  <testcase classname="initializer.BaseClass" name="@AfterSuite afterSuite" time="0.0">
    <ignored/>
  </testcase> <!-- @AfterSuite afterSuite -->
  <testcase classname="initializer.BaseClass" name="@AfterSuite afterSuite" time="0.0">
    <ignored/>
  </testcase> <!-- @AfterSuite afterSuite -->
  <testcase classname="initializer.BaseClass" name="@AfterSuite afterSuite" time="0.0">
    <ignored/>
  </testcase> <!-- @AfterSuite afterSuite -->
  <testcase classname="initializer.BaseClass" name="@BeforeSuite beforeSuite" time="0.0">
    <ignored/>
  </testcase> <!-- @BeforeSuite beforeSuite -->
  <testcase classname="initializer.BaseClass" name="@AfterSuite afterSuite" time="0.0">
    <ignored/>
  </testcase> <!-- @AfterSuite afterSuite -->
  <testcase classname="initializer.BaseClass" name="@AfterSuite afterSuite" time="0.0">
    <ignored/>
  </testcase> <!-- @AfterSuite afterSuite -->
  <testcase classname="initializer.BaseClass" name="@AfterSuite afterSuite" time="0.0">
    <ignored/>
  </testcase> <!-- @AfterSuite afterSuite -->
  <testcase classname="initializer.BaseClass" name="@AfterSuite afterSuite" time="0.0">
    <ignored/>
  </testcase> <!-- @AfterSuite afterSuite -->
  <testcase classname="initializer.BaseClass" name="@AfterSuite afterSuite" time="0.0">
    <ignored/>
  </testcase> <!-- @AfterSuite afterSuite -->
  <testcase classname="initializer.BaseClass" name="@AfterSuite afterSuite" time="0.0">
    <ignored/>
  </testcase> <!-- @AfterSuite afterSuite -->
  <testcase classname="initializer.BaseClass" name="@AfterSuite afterSuite" time="0.0">
    <ignored/>
  </testcase> <!-- @AfterSuite afterSuite -->
  <testcase classname="initializer.BaseClass" name="@BeforeSuite beforeSuite" time="0.0">
    <ignored/>
  </testcase> <!-- @BeforeSuite beforeSuite -->
  <testcase classname="initializer.BaseClass" name="@BeforeSuite beforeSuite" time="0.0">
    <ignored/>
  </testcase> <!-- @BeforeSuite beforeSuite -->
  <testcase classname="initializer.BaseClass" name="@AfterSuite afterSuite" time="0.0">
    <ignored/>
  </testcase> <!-- @AfterSuite afterSuite -->
  <testcase classname="initializer.BaseClass" name="@BeforeSuite beforeSuite" time="0.0">
    <ignored/>
  </testcase> <!-- @BeforeSuite beforeSuite -->
  <testcase classname="initializer.BaseClass" name="@BeforeSuite beforeSuite" time="0.0">
    <ignored/>
  </testcase> <!-- @BeforeSuite beforeSuite -->
  <testcase classname="initializer.BaseClass" name="@BeforeSuite beforeSuite" time="0.0">
    <ignored/>
  </testcase> <!-- @BeforeSuite beforeSuite -->
  <testcase classname="initializer.BaseClass" name="@AfterSuite afterSuite" time="0.0">
    <ignored/>
  </testcase> <!-- @AfterSuite afterSuite -->
  <testcase classname="initializer.BaseClass" name="@AfterSuite afterSuite" time="0.0">
    <ignored/>
  </testcase> <!-- @AfterSuite afterSuite -->
  <testcase classname="initializer.BaseClass" name="@AfterSuite afterSuite" time="0.0">
    <ignored/>
  </testcase> <!-- @AfterSuite afterSuite -->
  <testcase classname="initializer.BaseClass" name="@BeforeSuite beforeSuite" time="0.0">
    <ignored/>
  </testcase> <!-- @BeforeSuite beforeSuite -->
  <testcase classname="initializer.BaseClass" name="@AfterSuite afterSuite" time="0.0">
    <ignored/>
  </testcase> <!-- @AfterSuite afterSuite -->
  <testcase classname="initializer.BaseClass" name="@BeforeSuite beforeSuite" time="0.0">
    <ignored/>
  </testcase> <!-- @BeforeSuite beforeSuite -->
  <testcase classname="initializer.BaseClass" name="@AfterSuite afterSuite" time="0.0">
    <ignored/>
  </testcase> <!-- @AfterSuite afterSuite -->
  <testcase classname="initializer.BaseClass" name="@AfterSuite afterSuite" time="0.0">
    <ignored/>
  </testcase> <!-- @AfterSuite afterSuite -->
  <testcase classname="initializer.BaseClass" name="@AfterSuite afterSuite" time="0.0">
    <ignored/>
  </testcase> <!-- @AfterSuite afterSuite -->
  <testcase classname="initializer.BaseClass" name="@AfterSuite afterSuite" time="0.0">
    <ignored/>
  </testcase> <!-- @AfterSuite afterSuite -->
  <testcase classname="initializer.BaseClass" name="@BeforeSuite beforeSuite" time="0.0">
    <ignored/>
  </testcase> <!-- @BeforeSuite beforeSuite -->
  <testcase classname="initializer.BaseClass" name="@AfterSuite afterSuite" time="0.0">
    <ignored/>
  </testcase> <!-- @AfterSuite afterSuite -->
  <testcase classname="initializer.BaseClass" name="@BeforeSuite beforeSuite" time="0.0">
    <ignored/>
  </testcase> <!-- @BeforeSuite beforeSuite -->
  <testcase classname="initializer.BaseClass" name="@BeforeSuite beforeSuite" time="0.0">
    <ignored/>
  </testcase> <!-- @BeforeSuite beforeSuite -->
  <testcase classname="initializer.BaseClass" name="@BeforeSuite beforeSuite" time="0.0">
    <ignored/>
  </testcase> <!-- @BeforeSuite beforeSuite -->
  <testcase classname="initializer.BaseClass" name="@BeforeSuite beforeSuite" time="0.0">
    <ignored/>
  </testcase> <!-- @BeforeSuite beforeSuite -->
  <testcase classname="initializer.BaseClass" name="@AfterSuite afterSuite" time="0.0">
    <ignored/>
  </testcase> <!-- @AfterSuite afterSuite -->
  <testcase classname="initializer.BaseClass" name="@AfterSuite afterSuite" time="0.0">
    <ignored/>
  </testcase> <!-- @AfterSuite afterSuite -->
  <testcase classname="initializer.BaseClass" name="@AfterSuite afterSuite" time="0.0">
    <ignored/>
  </testcase> <!-- @AfterSuite afterSuite -->
  <testcase classname="initializer.BaseClass" name="@BeforeSuite beforeSuite" time="0.0">
    <ignored/>
  </testcase> <!-- @BeforeSuite beforeSuite -->
  <testcase classname="initializer.BaseClass" name="@AfterSuite afterSuite" time="0.0">
    <ignored/>
  </testcase> <!-- @AfterSuite afterSuite -->
  <testcase classname="initializer.BaseClass" name="@BeforeSuite beforeSuite" time="0.0">
    <ignored/>
  </testcase> <!-- @BeforeSuite beforeSuite -->
  <testcase classname="initializer.BaseClass" name="@BeforeSuite beforeSuite" time="0.0">
    <ignored/>
  </testcase> <!-- @BeforeSuite beforeSuite -->
  <testcase classname="initializer.BaseClass" name="@AfterSuite afterSuite" time="0.0">
    <ignored/>
  </testcase> <!-- @AfterSuite afterSuite -->
  <testcase classname="initializer.BaseClass" name="@AfterSuite afterSuite" time="0.0">
    <ignored/>
  </testcase> <!-- @AfterSuite afterSuite -->
  <testcase classname="initializer.BaseClass" name="@AfterSuite afterSuite" time="0.0">
    <ignored/>
  </testcase> <!-- @AfterSuite afterSuite -->
  <testcase classname="initializer.BaseClass" name="@AfterSuite afterSuite" time="0.0">
    <ignored/>
  </testcase> <!-- @AfterSuite afterSuite -->
  <testcase classname="initializer.BaseClass" name="@BeforeSuite beforeSuite" time="0.0">
    <ignored/>
  </testcase> <!-- @BeforeSuite beforeSuite -->
  <testcase classname="initializer.BaseClass" name="@BeforeSuite beforeSuite" time="0.0">
    <ignored/>
  </testcase> <!-- @BeforeSuite beforeSuite -->
  <testcase classname="initializer.BaseClass" name="@BeforeSuite beforeSuite" time="0.0">
    <ignored/>
  </testcase> <!-- @BeforeSuite beforeSuite -->
  <testcase classname="initializer.BaseClass" name="@AfterSuite afterSuite" time="0.0">
    <ignored/>
  </testcase> <!-- @AfterSuite afterSuite -->
  <testcase classname="initializer.BaseClass" name="@AfterSuite afterSuite" time="0.0">
    <ignored/>
  </testcase> <!-- @AfterSuite afterSuite -->
  <testcase classname="initializer.BaseClass" name="@AfterSuite afterSuite" time="0.0">
    <ignored/>
  </testcase> <!-- @AfterSuite afterSuite -->
  <testcase classname="initializer.BaseClass" name="@BeforeSuite beforeSuite" time="0.0">
    <ignored/>
  </testcase> <!-- @BeforeSuite beforeSuite -->
  <testcase classname="initializer.BaseClass" name="@BeforeSuite beforeSuite" time="0.0">
    <ignored/>
  </testcase> <!-- @BeforeSuite beforeSuite -->
  <testcase classname="initializer.BaseClass" name="@BeforeSuite beforeSuite" time="0.0">
    <ignored/>
  </testcase> <!-- @BeforeSuite beforeSuite -->
  <testcase classname="initializer.BaseClass" name="@BeforeSuite beforeSuite" time="0.0">
    <ignored/>
  </testcase> <!-- @BeforeSuite beforeSuite -->
  <testcase classname="initializer.BaseClass" name="@AfterSuite afterSuite" time="0.0">
    <ignored/>
  </testcase> <!-- @AfterSuite afterSuite -->
  <testcase classname="initializer.BaseClass" name="@BeforeSuite beforeSuite" time="0.0">
    <ignored/>
  </testcase> <!-- @BeforeSuite beforeSuite -->
  <testcase classname="initializer.BaseClass" name="@BeforeSuite beforeSuite" time="0.0">
    <ignored/>
  </testcase> <!-- @BeforeSuite beforeSuite -->
  <testcase classname="initializer.BaseClass" name="@AfterSuite afterSuite" time="0.0">
    <ignored/>
  </testcase> <!-- @AfterSuite afterSuite -->
  <testcase classname="initializer.BaseClass" name="@AfterSuite afterSuite" time="0.0">
    <ignored/>
  </testcase> <!-- @AfterSuite afterSuite -->
  <testcase classname="initializer.BaseClass" name="@AfterSuite afterSuite" time="0.0">
    <ignored/>
  </testcase> <!-- @AfterSuite afterSuite -->
  <testcase classname="initializer.BaseClass" name="@AfterSuite afterSuite" time="0.0">
    <ignored/>
  </testcase> <!-- @AfterSuite afterSuite -->
  <testcase classname="initializer.BaseClass" name="@BeforeSuite beforeSuite" time="0.0">
    <ignored/>
  </testcase> <!-- @BeforeSuite beforeSuite -->
  <testcase classname="initializer.BaseClass" name="@AfterSuite afterSuite" time="0.0">
    <ignored/>
  </testcase> <!-- @AfterSuite afterSuite -->
  <testcase classname="initializer.BaseClass" name="@BeforeSuite beforeSuite" time="0.0">
    <ignored/>
  </testcase> <!-- @BeforeSuite beforeSuite -->
  <testcase classname="initializer.BaseClass" name="@AfterSuite afterSuite" time="0.0">
    <ignored/>
  </testcase> <!-- @AfterSuite afterSuite -->
  <testcase classname="initializer.BaseClass" name="@AfterSuite afterSuite" time="0.0">
    <ignored/>
  </testcase> <!-- @AfterSuite afterSuite -->
  <testcase classname="initializer.BaseClass" name="@BeforeSuite beforeSuite" time="0.0">
    <ignored/>
  </testcase> <!-- @BeforeSuite beforeSuite -->
  <testcase classname="initializer.BaseClass" name="@AfterSuite afterSuite" time="0.0">
    <ignored/>
  </testcase> <!-- @AfterSuite afterSuite -->
  <testcase classname="initializer.BaseClass" name="@BeforeSuite beforeSuite" time="0.0">
    <ignored/>
  </testcase> <!-- @BeforeSuite beforeSuite -->
  <testcase classname="initializer.BaseClass" name="@BeforeSuite beforeSuite" time="0.0">
    <ignored/>
  </testcase> <!-- @BeforeSuite beforeSuite -->
  <testcase classname="initializer.BaseClass" name="@BeforeSuite beforeSuite" time="0.0">
    <ignored/>
  </testcase> <!-- @BeforeSuite beforeSuite -->
  <testcase classname="initializer.BaseClass" name="@BeforeSuite beforeSuite" time="0.0">
    <ignored/>
  </testcase> <!-- @BeforeSuite beforeSuite -->
  <testcase classname="initializer.BaseClass" name="@AfterSuite afterSuite" time="0.0">
    <ignored/>
  </testcase> <!-- @AfterSuite afterSuite -->
  <testcase classname="initializer.BaseClass" name="@AfterSuite afterSuite" time="0.0">
    <ignored/>
  </testcase> <!-- @AfterSuite afterSuite -->
  <testcase classname="initializer.BaseClass" name="@AfterSuite afterSuite" time="0.0">
    <ignored/>
  </testcase> <!-- @AfterSuite afterSuite -->
  <testcase classname="initializer.BaseClass" name="@BeforeSuite beforeSuite" time="0.0">
    <ignored/>
  </testcase> <!-- @BeforeSuite beforeSuite -->
  <testcase classname="initializer.BaseClass" name="@BeforeSuite beforeSuite" time="0.0">
    <ignored/>
  </testcase> <!-- @BeforeSuite beforeSuite -->
  <testcase classname="initializer.BaseClass" name="@BeforeSuite beforeSuite" time="0.0">
    <ignored/>
  </testcase> <!-- @BeforeSuite beforeSuite -->
  <testcase classname="initializer.BaseClass" name="@AfterSuite afterSuite" time="0.0">
    <ignored/>
  </testcase> <!-- @AfterSuite afterSuite -->
  <testcase classname="initializer.BaseClass" name="@AfterSuite afterSuite" time="0.0">
    <ignored/>
  </testcase> <!-- @AfterSuite afterSuite -->
  <testcase classname="initializer.BaseClass" name="@BeforeSuite beforeSuite" time="0.0">
    <ignored/>
  </testcase> <!-- @BeforeSuite beforeSuite -->
  <testcase classname="initializer.BaseClass" name="@AfterSuite afterSuite" time="0.0">
    <ignored/>
  </testcase> <!-- @AfterSuite afterSuite -->
  <testcase classname="initializer.BaseClass" name="@BeforeSuite beforeSuite" time="0.0">
    <ignored/>
  </testcase> <!-- @BeforeSuite beforeSuite -->
  <testcase classname="initializer.BaseClass" name="@AfterSuite afterSuite" time="0.0">
    <ignored/>
  </testcase> <!-- @AfterSuite afterSuite -->
  <testcase classname="initializer.BaseClass" name="@BeforeSuite beforeSuite" time="0.0">
    <ignored/>
  </testcase> <!-- @BeforeSuite beforeSuite -->
  <testcase classname="initializer.BaseClass" name="@AfterSuite afterSuite" time="0.0">
    <ignored/>
  </testcase> <!-- @AfterSuite afterSuite -->
  <testcase classname="initializer.BaseClass" name="@AfterSuite afterSuite" time="0.0">
    <ignored/>
  </testcase> <!-- @AfterSuite afterSuite -->
  <testcase classname="initializer.BaseClass" name="@AfterSuite afterSuite" time="0.0">
    <ignored/>
  </testcase> <!-- @AfterSuite afterSuite -->
  <testcase classname="initializer.BaseClass" name="@AfterSuite afterSuite" time="0.0">
    <ignored/>
  </testcase> <!-- @AfterSuite afterSuite -->
  <testcase classname="initializer.BaseClass" name="@AfterSuite afterSuite" time="0.0">
    <ignored/>
  </testcase> <!-- @AfterSuite afterSuite -->
  <testcase classname="initializer.BaseClass" name="@BeforeSuite beforeSuite" time="0.0">
    <ignored/>
  </testcase> <!-- @BeforeSuite beforeSuite -->
  <testcase classname="initializer.BaseClass" name="@AfterSuite afterSuite" time="0.0">
    <ignored/>
  </testcase> <!-- @AfterSuite afterSuite -->
  <testcase classname="initializer.BaseClass" name="@BeforeSuite beforeSuite" time="0.0">
    <ignored/>
  </testcase> <!-- @BeforeSuite beforeSuite -->
  <testcase classname="initializer.BaseClass" name="@BeforeSuite beforeSuite" time="0.0">
    <ignored/>
  </testcase> <!-- @BeforeSuite beforeSuite -->
  <testcase classname="initializer.BaseClass" name="@AfterSuite afterSuite" time="0.0">
    <ignored/>
  </testcase> <!-- @AfterSuite afterSuite -->
  <testcase classname="initializer.BaseClass" name="@BeforeSuite beforeSuite" time="0.0">
    <ignored/>
  </testcase> <!-- @BeforeSuite beforeSuite -->
  <testcase classname="initializer.BaseClass" name="@AfterSuite afterSuite" time="0.0">
    <ignored/>
  </testcase> <!-- @AfterSuite afterSuite -->
  <testcase classname="initializer.BaseClass" name="@AfterSuite afterSuite" time="0.0">
    <ignored/>
  </testcase> <!-- @AfterSuite afterSuite -->
  <testcase classname="initializer.BaseClass" name="@BeforeSuite beforeSuite" time="0.0">
    <ignored/>
  </testcase> <!-- @BeforeSuite beforeSuite -->
  <testcase classname="initializer.BaseClass" name="@BeforeSuite beforeSuite" time="0.0">
    <ignored/>
  </testcase> <!-- @BeforeSuite beforeSuite -->
  <testcase classname="initializer.BaseClass" name="@BeforeSuite beforeSuite" time="0.0">
    <ignored/>
  </testcase> <!-- @BeforeSuite beforeSuite -->
  <testcase classname="initializer.BaseClass" name="@BeforeSuite beforeSuite" time="0.0">
    <ignored/>
  </testcase> <!-- @BeforeSuite beforeSuite -->
  <testcase classname="initializer.BaseClass" name="@BeforeSuite beforeSuite" time="0.0">
    <ignored/>
  </testcase> <!-- @BeforeSuite beforeSuite -->
  <testcase classname="initializer.BaseClass" name="@AfterSuite afterSuite" time="0.0">
    <ignored/>
  </testcase> <!-- @AfterSuite afterSuite -->
  <testcase classname="initializer.BaseClass" name="@BeforeSuite beforeSuite" time="0.0">
    <ignored/>
  </testcase> <!-- @BeforeSuite beforeSuite -->
  <testcase classname="initializer.BaseClass" name="@BeforeSuite beforeSuite" time="0.0">
    <ignored/>
  </testcase> <!-- @BeforeSuite beforeSuite -->
  <testcase classname="initializer.BaseClass" name="@AfterSuite afterSuite" time="0.0">
    <ignored/>
  </testcase> <!-- @AfterSuite afterSuite -->
  <testcase classname="initializer.BaseClass" name="@AfterSuite afterSuite" time="0.0">
    <ignored/>
  </testcase> <!-- @AfterSuite afterSuite -->
  <testcase classname="initializer.BaseClass" name="@AfterSuite afterSuite" time="0.0">
    <ignored/>
  </testcase> <!-- @AfterSuite afterSuite -->
  <testcase classname="initializer.BaseClass" name="@BeforeSuite beforeSuite" time="0.0">
    <ignored/>
  </testcase> <!-- @BeforeSuite beforeSuite -->
  <testcase classname="initializer.BaseClass" name="@BeforeSuite beforeSuite" time="0.0">
    <ignored/>
  </testcase> <!-- @BeforeSuite beforeSuite -->
  <testcase classname="initializer.BaseClass" name="@AfterSuite afterSuite" time="0.0">
    <ignored/>
  </testcase> <!-- @AfterSuite afterSuite -->
  <testcase classname="initializer.BaseClass" name="@BeforeSuite beforeSuite" time="0.0">
    <ignored/>
  </testcase> <!-- @BeforeSuite beforeSuite -->
  <testcase classname="initializer.BaseClass" name="@BeforeSuite beforeSuite" time="0.0">
    <ignored/>
  </testcase> <!-- @BeforeSuite beforeSuite -->
  <testcase classname="initializer.BaseClass" name="@AfterSuite afterSuite" time="0.0">
    <ignored/>
  </testcase> <!-- @AfterSuite afterSuite -->
  <testcase classname="initializer.BaseClass" name="@BeforeSuite beforeSuite" time="0.0">
    <ignored/>
  </testcase> <!-- @BeforeSuite beforeSuite -->
  <testcase classname="initializer.BaseClass" name="@AfterSuite afterSuite" time="0.0">
    <ignored/>
  </testcase> <!-- @AfterSuite afterSuite -->
  <testcase classname="initializer.BaseClass" name="@AfterSuite afterSuite" time="0.0">
    <ignored/>
  </testcase> <!-- @AfterSuite afterSuite -->
  <testcase classname="initializer.BaseClass" name="@BeforeSuite beforeSuite" time="0.0">
    <ignored/>
  </testcase> <!-- @BeforeSuite beforeSuite -->
  <testcase classname="initializer.BaseClass" name="@BeforeSuite beforeSuite" time="0.0">
    <ignored/>
  </testcase> <!-- @BeforeSuite beforeSuite -->
  <testcase classname="initializer.BaseClass" name="@BeforeSuite beforeSuite" time="0.0">
    <ignored/>
  </testcase> <!-- @BeforeSuite beforeSuite -->
  <testcase classname="initializer.BaseClass" name="@BeforeSuite beforeSuite" time="0.0">
    <ignored/>
  </testcase> <!-- @BeforeSuite beforeSuite -->
</testsuite> <!-- Test -->
