<?xml version="1.0" encoding="UTF-8"?>
<testng-results ignored="0" total="1" passed="0" failed="1" skipped="0">
  <reporter-output>
  </reporter-output>
  <suite started-at="2025-09-12T18:49:33 IST" name="Default suite" finished-at="2025-09-12T18:52:45 IST" duration-ms="191641">
    <groups>
    </groups>
    <test started-at="2025-09-12T18:49:33 IST" name="Default test" finished-at="2025-09-12T18:52:45 IST" duration-ms="191641">
      <class name="Tims.Partial_Report_SOFT_1407_Test_Cases.TC_01_Verify_Partial_Reporting_Energy_Profile_Test_BAS_EOS_HCT_HGB_LYMP_MCV_MONO_NEU_PLT_RBC_WBC_Untestable_Insufficient_Sample_Receipt">
        <test-method is-config="true" signature="beforeSuite(org.testng.ITestContext)[pri:0, instance:Tims.Partial_Report_SOFT_1407_Test_Cases.TC_01_Verify_Partial_Reporting_Energy_Profile_Test_BAS_EOS_HCT_HGB_LYMP_MCV_MONO_NEU_PLT_RBC_WBC_Untestable_Insufficient_Sample_Receipt@74235045]" started-at="2025-09-12T18:49:33 IST" name="beforeSuite" finished-at="2025-09-12T18:49:33 IST" duration-ms="220" status="PASS">
          <params>
            <param index="0">
              <value>
                <![CDATA[org.testng.TestRunner@1b53e6fc]]>
              </value>
            </param>
          </params>
          <reporter-output>
          </reporter-output>
        </test-method> <!-- beforeSuite -->
        <test-method is-config="true" signature="beforeClass(org.testng.ITestContext)[pri:0, instance:Tims.Partial_Report_SOFT_1407_Test_Cases.TC_01_Verify_Partial_Reporting_Energy_Profile_Test_BAS_EOS_HCT_HGB_LYMP_MCV_MONO_NEU_PLT_RBC_WBC_Untestable_Insufficient_Sample_Receipt@74235045]" started-at="2025-09-12T18:49:33 IST" name="beforeClass" finished-at="2025-09-12T18:49:36 IST" duration-ms="2518" status="PASS">
          <params>
            <param index="0">
              <value>
                <![CDATA[org.testng.TestRunner@1b53e6fc]]>
              </value>
            </param>
          </params>
          <reporter-output>
          </reporter-output>
        </test-method> <!-- beforeClass -->
        <test-method is-config="true" signature="beforeEachMethod(java.lang.reflect.Method)[pri:0, instance:Tims.Partial_Report_SOFT_1407_Test_Cases.TC_01_Verify_Partial_Reporting_Energy_Profile_Test_BAS_EOS_HCT_HGB_LYMP_MCV_MONO_NEU_PLT_RBC_WBC_Untestable_Insufficient_Sample_Receipt@74235045]" started-at="2025-09-12T18:49:36 IST" name="beforeEachMethod" finished-at="2025-09-12T18:49:36 IST" duration-ms="10" status="PASS">
          <params>
            <param index="0">
              <value>
                <![CDATA[public void Tims.Partial_Report_SOFT_1407_Test_Cases.TC_01_Verify_Partial_Reporting_Energy_Profile_Test_BAS_EOS_HCT_HGB_LYMP_MCV_MONO_NEU_PLT_RBC_WBC_Untestable_Insufficient_Sample_Receipt.TC_01_Verify_partial_reporting_energy_profile_test_BAS_EOS_HCT_HGB_LYMP_MCV_MONO_NEU_PLT_RBC_WBC_untestable_insufficient_sample_Receipt() throws java.lang.InterruptedException,java.io.IOException]]>
              </value>
            </param>
          </params>
          <reporter-output>
          </reporter-output>
        </test-method> <!-- beforeEachMethod -->
        <test-method signature="TC_01_Verify_partial_reporting_energy_profile_test_BAS_EOS_HCT_HGB_LYMP_MCV_MONO_NEU_PLT_RBC_WBC_untestable_insufficient_sample_Receipt()[pri:0, instance:Tims.Partial_Report_SOFT_1407_Test_Cases.TC_01_Verify_Partial_Reporting_Energy_Profile_Test_BAS_EOS_HCT_HGB_LYMP_MCV_MONO_NEU_PLT_RBC_WBC_Untestable_Insufficient_Sample_Receipt@74235045]" started-at="2025-09-12T18:49:36 IST" name="TC_01_Verify_partial_reporting_energy_profile_test_BAS_EOS_HCT_HGB_LYMP_MCV_MONO_NEU_PLT_RBC_WBC_untestable_insufficient_sample_Receipt" finished-at="2025-09-12T18:52:45 IST" duration-ms="188690" status="FAIL">
          <exception class="org.openqa.selenium.TimeoutException">
            <message>
              <![CDATA[Expected condition failed: waiting for visibility of Proxy element for: DefaultElementLocator 'By.xpath: //div[@class='blood-report-main--desktop']//div[@role='alert']//p' (tried for 10 second(s) with 500 milliseconds interval)]]>
            </message>
            <full-stacktrace>
              <![CDATA[org.openqa.selenium.TimeoutException: Expected condition failed: waiting for visibility of Proxy element for: DefaultElementLocator 'By.xpath: //div[@class='blood-report-main--desktop']//div[@role='alert']//p' (tried for 10 second(s) with 500 milliseconds interval)
at org.openqa.selenium.support.ui.WebDriverWait.timeoutException(WebDriverWait.java:84)
at org.openqa.selenium.support.ui.FluentWait.until(FluentWait.java:228)
at Wrappers.WebWait.visibilityOfElement(WebWait.java:20)
at Test.Tims.Partial_Report_Action_Class.SOFT_1407_Partial_Report_Actions.partialReportTC01(SOFT_1407_Partial_Report_Actions.java:198)
at Tims.Partial_Report_SOFT_1407_Test_Cases.TC_01_Verify_Partial_Reporting_Energy_Profile_Test_BAS_EOS_HCT_HGB_LYMP_MCV_MONO_NEU_PLT_RBC_WBC_Untestable_Insufficient_Sample_Receipt.TC_01_Verify_partial_reporting_energy_profile_test_BAS_EOS_HCT_HGB_LYMP_MCV_MONO_NEU_PLT_RBC_WBC_untestable_insufficient_sample_Receipt(TC_01_Verify_Partial_Reporting_Energy_Profile_Test_BAS_EOS_HCT_HGB_LYMP_MCV_MONO_NEU_PLT_RBC_WBC_Untestable_Insufficient_Sample_Receipt.java:17)
at java.base/jdk.internal.reflect.DirectMethodHandleAccessor.invoke(DirectMethodHandleAccessor.java:103)
at java.base/java.lang.reflect.Method.invoke(Method.java:580)
at org.testng.internal.invokers.MethodInvocationHelper.invokeMethod(MethodInvocationHelper.java:136)
at org.testng.internal.invokers.TestInvoker.invokeMethod(TestInvoker.java:658)
at org.testng.internal.invokers.TestInvoker.invokeTestMethod(TestInvoker.java:219)
at org.testng.internal.invokers.MethodRunner.runInSequence(MethodRunner.java:50)
at org.testng.internal.invokers.TestInvoker$MethodInvocationAgent.invoke(TestInvoker.java:923)
at org.testng.internal.invokers.TestInvoker.invokeTestMethods(TestInvoker.java:192)
at org.testng.internal.invokers.TestMethodWorker.invokeTestMethods(TestMethodWorker.java:146)
at org.testng.internal.invokers.TestMethodWorker.run(TestMethodWorker.java:128)
at java.base/java.util.ArrayList.forEach(ArrayList.java:1596)
at org.testng.TestRunner.privateRun(TestRunner.java:808)
at org.testng.TestRunner.run(TestRunner.java:603)
at org.testng.SuiteRunner.runTest(SuiteRunner.java:429)
at org.testng.SuiteRunner.runSequentially(SuiteRunner.java:423)
at org.testng.SuiteRunner.privateRun(SuiteRunner.java:383)
at org.testng.SuiteRunner.run(SuiteRunner.java:326)
at org.testng.SuiteRunnerWorker.runSuite(SuiteRunnerWorker.java:52)
at org.testng.SuiteRunnerWorker.run(SuiteRunnerWorker.java:95)
at org.testng.TestNG.runSuitesSequentially(TestNG.java:1249)
at org.testng.TestNG.runSuitesLocally(TestNG.java:1169)
at org.testng.TestNG.runSuites(TestNG.java:1092)
at org.testng.TestNG.run(TestNG.java:1060)
at org.testng.remote.AbstractRemoteTestNG.run(AbstractRemoteTestNG.java:115)
at org.testng.remote.RemoteTestNG.initAndRun(RemoteTestNG.java:293)
at org.testng.remote.RemoteTestNG.main(RemoteTestNG.java:91)
Caused by: org.openqa.selenium.NoSuchElementException: no such element: Unable to locate element: {"method":"xpath","selector":"//div[@class='blood-report-main--desktop']//div[@role='alert']//p"}
  (Session info: chrome=140.0.7339.82)
For documentation on this error, please visit: https://www.selenium.dev/documentation/webdriver/troubleshooting/errors#no-such-element-exception
Build info: version: '4.25.0', revision: '8a8aea2337'
System info: os.name: 'Windows 11', os.arch: 'amd64', os.version: '10.0', java.version: '21.0.8'
Driver info: org.openqa.selenium.chrome.ChromeDriver
Command: [babec33df11dfba71d6f95dad9d7c5b0, findElement {using=xpath, value=//div[@class='blood-report-main--desktop']//div[@role='alert']//p}]
Capabilities {acceptInsecureCerts: false, browserName: chrome, browserVersion: 140.0.7339.82, chrome: {chromedriverVersion: 140.0.7339.82 (bc93617e21c3..., userDataDir: C:\Users\ROHAN~1.THO\AppDat...}, fedcm:accounts: true, goog:chromeOptions: {debuggerAddress: localhost:62273}, networkConnectionEnabled: false, pageLoadStrategy: normal, platformName: windows, proxy: Proxy(), se:cdp: ws://localhost:62273/devtoo..., se:cdpVersion: 140.0.7339.82, setWindowRect: true, strictFileInteractability: false, timeouts: {implicit: 0, pageLoad: 300000, script: 30000}, unhandledPromptBehavior: dismiss and notify, webauthn:extension:credBlob: true, webauthn:extension:largeBlob: true, webauthn:extension:minPinLength: true, webauthn:extension:prf: true, webauthn:virtualAuthenticators: true}
Session ID: babec33df11dfba71d6f95dad9d7c5b0
at java.base/jdk.internal.reflect.DirectConstructorHandleAccessor.newInstance(DirectConstructorHandleAccessor.java:62)
at java.base/java.lang.reflect.Constructor.newInstanceWithCaller(Constructor.java:502)
at java.base/java.lang.reflect.Constructor.newInstance(Constructor.java:486)
at org.openqa.selenium.remote.ErrorCodec.decode(ErrorCodec.java:167)
at org.openqa.selenium.remote.codec.w3c.W3CHttpResponseCodec.decode(W3CHttpResponseCodec.java:138)
at org.openqa.selenium.remote.codec.w3c.W3CHttpResponseCodec.decode(W3CHttpResponseCodec.java:50)
at org.openqa.selenium.remote.HttpCommandExecutor.execute(HttpCommandExecutor.java:190)
at org.openqa.selenium.remote.service.DriverCommandExecutor.invokeExecute(DriverCommandExecutor.java:216)
at org.openqa.selenium.remote.service.DriverCommandExecutor.execute(DriverCommandExecutor.java:174)
at org.openqa.selenium.remote.RemoteWebDriver.execute(RemoteWebDriver.java:545)
at org.openqa.selenium.remote.ElementLocation$ElementFinder$2.findElement(ElementLocation.java:165)
at org.openqa.selenium.remote.ElementLocation.findElement(ElementLocation.java:59)
at org.openqa.selenium.remote.RemoteWebDriver.findElement(RemoteWebDriver.java:368)
at org.openqa.selenium.remote.RemoteWebDriver.findElement(RemoteWebDriver.java:362)
at org.openqa.selenium.support.pagefactory.DefaultElementLocator.findElement(DefaultElementLocator.java:68)
at org.openqa.selenium.support.pagefactory.internal.LocatingElementHandler.invoke(LocatingElementHandler.java:38)
at jdk.proxy2/jdk.proxy2.$Proxy18.isDisplayed(Unknown Source)
at org.openqa.selenium.support.ui.ExpectedConditions.elementIfVisible(ExpectedConditions.java:304)
at org.openqa.selenium.support.ui.ExpectedConditions$10.apply(ExpectedConditions.java:290)
at org.openqa.selenium.support.ui.ExpectedConditions$10.apply(ExpectedConditions.java:287)
at org.openqa.selenium.support.ui.FluentWait.until(FluentWait.java:203)
... 29 more
]]>
            </full-stacktrace>
          </exception> <!-- org.openqa.selenium.TimeoutException -->
          <reporter-output>
          </reporter-output>
        </test-method> <!-- TC_01_Verify_partial_reporting_energy_profile_test_BAS_EOS_HCT_HGB_LYMP_MCV_MONO_NEU_PLT_RBC_WBC_untestable_insufficient_sample_Receipt -->
        <test-method is-config="true" signature="afterEachMethod(org.testng.ITestResult)[pri:0, instance:Tims.Partial_Report_SOFT_1407_Test_Cases.TC_01_Verify_Partial_Reporting_Energy_Profile_Test_BAS_EOS_HCT_HGB_LYMP_MCV_MONO_NEU_PLT_RBC_WBC_Untestable_Insufficient_Sample_Receipt@74235045]" started-at="2025-09-12T18:52:45 IST" name="afterEachMethod" finished-at="2025-09-12T18:52:45 IST" duration-ms="394" status="PASS">
          <params>
            <param index="0">
              <value>
                <![CDATA[[TestResult name=TC_01_Verify_partial_reporting_energy_profile_test_BAS_EOS_HCT_HGB_LYMP_MCV_MONO_NEU_PLT_RBC_WBC_untestable_insufficient_sample_Receipt status=FAILURE method=TC_01_Verify_Partial_Reporting_Energy_Profile_Test_BAS_EOS_HCT_HGB_LYMP_MCV_MONO_NEU_PLT_RBC_WBC_Untestable_Insufficient_Sample_Receipt.TC_01_Verify_partial_reporting_energy_profile_test_BAS_EOS_HCT_HGB_LYMP_MCV_MONO_NEU_PLT_RBC_WBC_untestable_insufficient_sample_Receipt()[pri:0, instance:Tims.Partial_Report_SOFT_1407_Test_Cases.TC_01_Verify_Partial_Reporting_Energy_Profile_Test_BAS_EOS_HCT_HGB_LYMP_MCV_MONO_NEU_PLT_RBC_WBC_Untestable_Insufficient_Sample_Receipt@74235045] output={null}]]]>
              </value>
            </param>
          </params>
          <reporter-output>
          </reporter-output>
        </test-method> <!-- afterEachMethod -->
        <test-method is-config="true" signature="afterClass()[pri:0, instance:Tims.Partial_Report_SOFT_1407_Test_Cases.TC_01_Verify_Partial_Reporting_Energy_Profile_Test_BAS_EOS_HCT_HGB_LYMP_MCV_MONO_NEU_PLT_RBC_WBC_Untestable_Insufficient_Sample_Receipt@74235045]" started-at="2025-09-12T18:52:45 IST" name="afterClass" finished-at="2025-09-12T18:52:45 IST" duration-ms="0" status="PASS">
          <reporter-output>
          </reporter-output>
        </test-method> <!-- afterClass -->
        <test-method is-config="true" signature="afterSuite()[pri:0, instance:Tims.Partial_Report_SOFT_1407_Test_Cases.TC_01_Verify_Partial_Reporting_Energy_Profile_Test_BAS_EOS_HCT_HGB_LYMP_MCV_MONO_NEU_PLT_RBC_WBC_Untestable_Insufficient_Sample_Receipt@74235045]" started-at="2025-09-12T18:52:45 IST" name="afterSuite" finished-at="2025-09-12T18:52:45 IST" duration-ms="91" status="PASS">
          <reporter-output>
          </reporter-output>
        </test-method> <!-- afterSuite -->
      </class> <!-- Tims.Partial_Report_SOFT_1407_Test_Cases.TC_01_Verify_Partial_Reporting_Energy_Profile_Test_BAS_EOS_HCT_HGB_LYMP_MCV_MONO_NEU_PLT_RBC_WBC_Untestable_Insufficient_Sample_Receipt -->
    </test> <!-- Default test -->
  </suite> <!-- Default suite -->
</testng-results>
