<?xml version="1.0" encoding="UTF-8"?>
<!-- Generated by org.testng.reporters.JUnitReportReporter -->
<testsuite hostname="Desktop-22" failures="1" tests="2" name="Dashboard.Health_Assessment_Test_Cases.TC_25_Verify_Ability_To_Fill_The_Health_Assessment_After_Sample_Reach_To_Lab_For_Blood_Hormone_Tests" time="152.176" errors="0" timestamp="2025-06-20T12:30:24 IST" skipped="0">
  <testcase classname="Dashboard.Health_Assessment_Test_Cases.TC_25_Verify_Ability_To_Fill_The_Health_Assessment_After_Sample_Reach_To_Lab_For_Blood_Hormone_Tests" name="TC_Verify_ability_to_edit_and_save_the_health_assessment_after_sample_reach_to_lab_for_blood_hormone_tests" time="21.375">
    <failure message="expected [No] but found [[[ChromeDriver: chrome on windows (2851df197fa31c3f738a88b032f3598a)] -&gt; xpath: //p[@class=&#039;mt-1&#039; and small[text()=&#039;Do you drink alcohol?&#039;]]/strong]]" type="java.lang.AssertionError">
      <![CDATA[java.lang.AssertionError: expected [No] but found [[[ChromeDriver: chrome on windows (2851df197fa31c3f738a88b032f3598a)] -> xpath: //p[@class='mt-1' and small[text()='Do you drink alcohol?']]/strong]]
at org.testng.Assert.fail(Assert.java:110)
at org.testng.Assert.failNotEquals(Assert.java:1413)
at org.testng.Assert.assertEqualsImpl(Assert.java:149)
at org.testng.Assert.assertEquals(Assert.java:131)
at org.testng.Assert.assertEquals(Assert.java:643)
at Test.Dashboard.Actions_Class.Health_Assessment_Actions.editAssessmentAfterSampleReachLab(Health_Assessment_Actions.java:1729)
at Dashboard.Health_Assessment_Test_Cases.TC_25_Verify_Ability_To_Fill_The_Health_Assessment_After_Sample_Reach_To_Lab_For_Blood_Hormone_Tests.TC_Verify_ability_to_edit_and_save_the_health_assessment_after_sample_reach_to_lab_for_blood_hormone_tests(TC_25_Verify_Ability_To_Fill_The_Health_Assessment_After_Sample_Reach_To_Lab_For_Blood_Hormone_Tests.java:23)
at java.base/jdk.internal.reflect.DirectMethodHandleAccessor.invoke(DirectMethodHandleAccessor.java:103)
at java.base/java.lang.reflect.Method.invoke(Method.java:580)
at org.testng.internal.invokers.MethodInvocationHelper.invokeMethod(MethodInvocationHelper.java:136)
at org.testng.internal.invokers.TestInvoker.invokeMethod(TestInvoker.java:658)
at org.testng.internal.invokers.TestInvoker.invokeTestMethod(TestInvoker.java:219)
at org.testng.internal.invokers.MethodRunner.runInSequence(MethodRunner.java:50)
at org.testng.internal.invokers.TestInvoker$MethodInvocationAgent.invoke(TestInvoker.java:923)
at org.testng.internal.invokers.TestInvoker.invokeTestMethods(TestInvoker.java:192)
at org.testng.internal.invokers.TestMethodWorker.invokeTestMethods(TestMethodWorker.java:146)
at org.testng.internal.invokers.TestMethodWorker.run(TestMethodWorker.java:128)
at java.base/java.util.ArrayList.forEach(ArrayList.java:1596)
at org.testng.TestRunner.privateRun(TestRunner.java:808)
at org.testng.TestRunner.run(TestRunner.java:603)
at org.testng.SuiteRunner.runTest(SuiteRunner.java:429)
at org.testng.SuiteRunner.runSequentially(SuiteRunner.java:423)
at org.testng.SuiteRunner.privateRun(SuiteRunner.java:383)
at org.testng.SuiteRunner.run(SuiteRunner.java:326)
at org.testng.SuiteRunnerWorker.runSuite(SuiteRunnerWorker.java:52)
at org.testng.SuiteRunnerWorker.run(SuiteRunnerWorker.java:95)
at org.testng.TestNG.runSuitesSequentially(TestNG.java:1249)
at org.testng.TestNG.runSuitesLocally(TestNG.java:1169)
at org.testng.TestNG.runSuites(TestNG.java:1092)
at org.testng.TestNG.run(TestNG.java:1060)
at org.testng.remote.AbstractRemoteTestNG.run(AbstractRemoteTestNG.java:115)
at org.testng.remote.RemoteTestNG.initAndRun(RemoteTestNG.java:293)
at org.testng.remote.RemoteTestNG.main(RemoteTestNG.java:91)
]]>
    </failure>
  </testcase> <!-- TC_Verify_ability_to_edit_and_save_the_health_assessment_after_sample_reach_to_lab_for_blood_hormone_tests -->
  <system-out/>
  <testcase classname="Dashboard.Health_Assessment_Test_Cases.TC_25_Verify_Ability_To_Fill_The_Health_Assessment_After_Sample_Reach_To_Lab_For_Blood_Hormone_Tests" name="TC_25_Verify_ability_to_fill_the_health_assessment_after_sample_reach_to_lab_for_blood_hormone_tests" time="130.801"/>
  <system-out/>
</testsuite> <!-- Dashboard.Health_Assessment_Test_Cases.TC_25_Verify_Ability_To_Fill_The_Health_Assessment_After_Sample_Reach_To_Lab_For_Blood_Hormone_Tests -->
