<?xml version="1.0" encoding="UTF-8"?>
<!-- Generated by org.testng.reporters.JUnitReportReporter -->
<testsuite hostname="Desktop-22" failures="0" tests="7" name="Dashboard.Health_Assessment_Test_Cases.TC_01_TC_27_TC_34_TC_35_TC_38_TC_44_TC_47_Verify_The_Successful_Health_Assessment_Filling_For_Normal_Blood_Test" time="61.670" errors="1" timestamp="2025-07-07T14:10:53 IST" skipped="6">
  <testcase classname="Dashboard.Health_Assessment_Test_Cases.TC_01_TC_27_TC_34_TC_35_TC_38_TC_44_TC_47_Verify_The_Successful_Health_Assessment_Filling_For_Normal_Blood_Test" name="TC_27_Verify_the_presence_and_functionality_of_the_fill_edit_assessment_button" time="0.222">
    <skipped/>
  </testcase> <!-- TC_27_Verify_the_presence_and_functionality_of_the_fill_edit_assessment_button -->
  <system-out/>
  <testcase classname="Dashboard.Health_Assessment_Test_Cases.TC_01_TC_27_TC_34_TC_35_TC_38_TC_44_TC_47_Verify_The_Successful_Health_Assessment_Filling_For_Normal_Blood_Test" name="TC_35_Verify_the_ability_to_edit_and_save_each_field_in_the_health_assessment" time="0.000">
    <skipped/>
  </testcase> <!-- TC_35_Verify_the_ability_to_edit_and_save_each_field_in_the_health_assessment -->
  <system-out/>
  <testcase classname="Dashboard.Health_Assessment_Test_Cases.TC_01_TC_27_TC_34_TC_35_TC_38_TC_44_TC_47_Verify_The_Successful_Health_Assessment_Filling_For_Normal_Blood_Test" name="TC_44_Verify_if_the_user_navigates_to_an_existing_health_assessment_the_previously_saved_data_is_displayed_correctly" time="0.000">
    <skipped/>
  </testcase> <!-- TC_44_Verify_if_the_user_navigates_to_an_existing_health_assessment_the_previously_saved_data_is_displayed_correctly -->
  <system-out/>
  <testcase classname="Dashboard.Health_Assessment_Test_Cases.TC_01_TC_27_TC_34_TC_35_TC_38_TC_44_TC_47_Verify_The_Successful_Health_Assessment_Filling_For_Normal_Blood_Test" name="TC_38_Verify_users_can_select_multiple_checkboxes_for_disease_types" time="0.000">
    <skipped/>
  </testcase> <!-- TC_38_Verify_users_can_select_multiple_checkboxes_for_disease_types -->
  <system-out/>
  <testcase classname="Dashboard.Health_Assessment_Test_Cases.TC_01_TC_27_TC_34_TC_35_TC_38_TC_44_TC_47_Verify_The_Successful_Health_Assessment_Filling_For_Normal_Blood_Test" name="TC_01_Verify_the_successful_health_assessment_filling_for_normal_blood_test" time="61.448">
    <error message="Expected condition failed: waiting for element to be clickable: Proxy element for: DefaultElementLocator &#039;By.xpath: //select[@name=&#039;physical_activity&#039;]&#039; (tried for 20 second(s) with 500 milliseconds interval)" type="org.openqa.selenium.TimeoutException">
      <![CDATA[org.openqa.selenium.TimeoutException: Expected condition failed: waiting for element to be clickable: Proxy element for: DefaultElementLocator 'By.xpath: //select[@name='physical_activity']' (tried for 20 second(s) with 500 milliseconds interval)
at org.openqa.selenium.support.ui.WebDriverWait.timeoutException(WebDriverWait.java:84)
at org.openqa.selenium.support.ui.FluentWait.until(FluentWait.java:228)
at Wrappers.WebWait.elementToBeClickable(WebWait.java:30)
at Test.Dashboard.Actions_Class.Health_Assessment_Actions.selectOptionPhysicalActivity(Health_Assessment_Actions.java:250)
at Test.Dashboard.Actions_Class.Health_Assessment_Actions.submitAssessmentForm3(Health_Assessment_Actions.java:261)
at Dashboard.Health_Assessment_Test_Cases.TC_01_TC_27_TC_34_TC_35_TC_38_TC_44_TC_47_Verify_The_Successful_Health_Assessment_Filling_For_Normal_Blood_Test.TC_01_Verify_the_successful_health_assessment_filling_for_normal_blood_test(TC_01_TC_27_TC_34_TC_35_TC_38_TC_44_TC_47_Verify_The_Successful_Health_Assessment_Filling_For_Normal_Blood_Test.java:20)
at java.base/jdk.internal.reflect.DirectMethodHandleAccessor.invoke(DirectMethodHandleAccessor.java:103)
at java.base/java.lang.reflect.Method.invoke(Method.java:580)
at org.testng.internal.invokers.MethodInvocationHelper.invokeMethod(MethodInvocationHelper.java:136)
at org.testng.internal.invokers.TestInvoker.invokeMethod(TestInvoker.java:658)
at org.testng.internal.invokers.TestInvoker.invokeTestMethod(TestInvoker.java:219)
at org.testng.internal.invokers.MethodRunner.runInSequence(MethodRunner.java:50)
at org.testng.internal.invokers.TestInvoker$MethodInvocationAgent.invoke(TestInvoker.java:923)
at org.testng.internal.invokers.TestInvoker.invokeTestMethods(TestInvoker.java:192)
at org.testng.internal.invokers.TestMethodWorker.invokeTestMethods(TestMethodWorker.java:146)
at org.testng.internal.invokers.TestMethodWorker.run(TestMethodWorker.java:128)
at java.base/java.util.ArrayList.forEach(ArrayList.java:1596)
at org.testng.TestRunner.privateRun(TestRunner.java:808)
at org.testng.TestRunner.run(TestRunner.java:603)
at org.testng.SuiteRunner.runTest(SuiteRunner.java:429)
at org.testng.SuiteRunner.runSequentially(SuiteRunner.java:423)
at org.testng.SuiteRunner.privateRun(SuiteRunner.java:383)
at org.testng.SuiteRunner.run(SuiteRunner.java:326)
at org.testng.SuiteRunnerWorker.runSuite(SuiteRunnerWorker.java:52)
at org.testng.SuiteRunnerWorker.run(SuiteRunnerWorker.java:95)
at org.testng.TestNG.runSuitesSequentially(TestNG.java:1249)
at org.testng.TestNG.runSuitesLocally(TestNG.java:1169)
at org.testng.TestNG.runSuites(TestNG.java:1092)
at org.testng.TestNG.run(TestNG.java:1060)
at org.testng.remote.AbstractRemoteTestNG.run(AbstractRemoteTestNG.java:115)
at org.testng.remote.RemoteTestNG.initAndRun(RemoteTestNG.java:293)
at org.testng.remote.RemoteTestNG.main(RemoteTestNG.java:91)
Caused by: org.openqa.selenium.NoSuchElementException: no such element: Unable to locate element: {"method":"xpath","selector":"//select[@name='physical_activity']"}
  (Session info: chrome=137.0.7151.120)
For documentation on this error, please visit: https://www.selenium.dev/documentation/webdriver/troubleshooting/errors#no-such-element-exception
Build info: version: '4.25.0', revision: '8a8aea2337'
System info: os.name: 'Windows 11', os.arch: 'amd64', os.version: '10.0', java.version: '21.0.7'
Driver info: org.openqa.selenium.chrome.ChromeDriver
Command: [b22ac8a01d038d5df55d0da0554bfef5, findElement {using=xpath, value=//select[@name='physical_activity']}]
Capabilities {acceptInsecureCerts: false, browserName: chrome, browserVersion: 137.0.7151.120, chrome: {chromedriverVersion: 137.0.7151.119 (e0ac9d12dff..., userDataDir: C:\Users\ROHAN~1.THO\AppDat...}, fedcm:accounts: true, goog:chromeOptions: {debuggerAddress: localhost:64555}, networkConnectionEnabled: false, pageLoadStrategy: normal, platformName: windows, proxy: Proxy(), se:cdp: ws://localhost:64555/devtoo..., se:cdpVersion: 137.0.7151.120, setWindowRect: true, strictFileInteractability: false, timeouts: {implicit: 0, pageLoad: 300000, script: 30000}, unhandledPromptBehavior: dismiss and notify, webauthn:extension:credBlob: true, webauthn:extension:largeBlob: true, webauthn:extension:minPinLength: true, webauthn:extension:prf: true, webauthn:virtualAuthenticators: true}
Session ID: b22ac8a01d038d5df55d0da0554bfef5
at java.base/jdk.internal.reflect.DirectConstructorHandleAccessor.newInstance(DirectConstructorHandleAccessor.java:62)
at java.base/java.lang.reflect.Constructor.newInstanceWithCaller(Constructor.java:502)
at java.base/java.lang.reflect.Constructor.newInstance(Constructor.java:486)
at org.openqa.selenium.remote.ErrorCodec.decode(ErrorCodec.java:167)
at org.openqa.selenium.remote.codec.w3c.W3CHttpResponseCodec.decode(W3CHttpResponseCodec.java:138)
at org.openqa.selenium.remote.codec.w3c.W3CHttpResponseCodec.decode(W3CHttpResponseCodec.java:50)
at org.openqa.selenium.remote.HttpCommandExecutor.execute(HttpCommandExecutor.java:190)
at org.openqa.selenium.remote.service.DriverCommandExecutor.invokeExecute(DriverCommandExecutor.java:216)
at org.openqa.selenium.remote.service.DriverCommandExecutor.execute(DriverCommandExecutor.java:174)
at org.openqa.selenium.remote.RemoteWebDriver.execute(RemoteWebDriver.java:545)
at org.openqa.selenium.remote.ElementLocation$ElementFinder$2.findElement(ElementLocation.java:165)
at org.openqa.selenium.remote.ElementLocation.findElement(ElementLocation.java:59)
at org.openqa.selenium.remote.RemoteWebDriver.findElement(RemoteWebDriver.java:368)
at org.openqa.selenium.remote.RemoteWebDriver.findElement(RemoteWebDriver.java:362)
at org.openqa.selenium.support.pagefactory.DefaultElementLocator.findElement(DefaultElementLocator.java:68)
at org.openqa.selenium.support.pagefactory.internal.LocatingElementHandler.invoke(LocatingElementHandler.java:38)
at jdk.proxy2/jdk.proxy2.$Proxy18.isDisplayed(Unknown Source)
at org.openqa.selenium.support.ui.ExpectedConditions.elementIfVisible(ExpectedConditions.java:304)
at org.openqa.selenium.support.ui.ExpectedConditions$10.apply(ExpectedConditions.java:290)
at org.openqa.selenium.support.ui.ExpectedConditions$10.apply(ExpectedConditions.java:287)
at org.openqa.selenium.support.ui.ExpectedConditions$23.apply(ExpectedConditions.java:656)
at org.openqa.selenium.support.ui.ExpectedConditions$23.apply(ExpectedConditions.java:652)
at org.openqa.selenium.support.ui.FluentWait.until(FluentWait.java:203)
... 30 more
]]>
    </error>
  </testcase> <!-- TC_01_Verify_the_successful_health_assessment_filling_for_normal_blood_test -->
  <system-out/>
  <testcase classname="Dashboard.Health_Assessment_Test_Cases.TC_01_TC_27_TC_34_TC_35_TC_38_TC_44_TC_47_Verify_The_Successful_Health_Assessment_Filling_For_Normal_Blood_Test" name="TC_47_Verify_upon_submission_of_the_health_assessment_the_user_is_presented_with_a_summary_or_confirmation_page" time="0.000">
    <skipped/>
  </testcase> <!-- TC_47_Verify_upon_submission_of_the_health_assessment_the_user_is_presented_with_a_summary_or_confirmation_page -->
  <system-out/>
  <testcase classname="Dashboard.Health_Assessment_Test_Cases.TC_01_TC_27_TC_34_TC_35_TC_38_TC_44_TC_47_Verify_The_Successful_Health_Assessment_Filling_For_Normal_Blood_Test" name="TC_34_Validate_the_data_displayed_on_the_assessment_summary_page_matches_the_data_entered" time="0.000">
    <skipped/>
  </testcase> <!-- TC_34_Validate_the_data_displayed_on_the_assessment_summary_page_matches_the_data_entered -->
  <system-out/>
</testsuite> <!-- Dashboard.Health_Assessment_Test_Cases.TC_01_TC_27_TC_34_TC_35_TC_38_TC_44_TC_47_Verify_The_Successful_Health_Assessment_Filling_For_Normal_Blood_Test -->
