<?xml version="1.0" encoding="UTF-8"?>
<!-- Generated by org.testng.reporters.JUnitReportReporter -->
<testsuite hostname="DESKTOP-GCGD1P4" failures="1" tests="1" name="Tims.Partial_Report_SOFT_1407_Test_Cases.TC_33_Verify_Partial_Report_For_General_Health_Test_For_Biomarkers_Of_FBC_Glucose_Error_Reasons_Untestable_Misc_Post_Analytical" time="173.050" errors="0" timestamp="2025-10-07T12:55:43 IST" skipped="0">
  <testcase classname="Tims.Partial_Report_SOFT_1407_Test_Cases.TC_33_Verify_Partial_Report_For_General_Health_Test_For_Biomarkers_Of_FBC_Glucose_Error_Reasons_Untestable_Misc_Post_Analytical" name="TC_33_Verify_partial_test_report_for_the_general_health_test_for_biomarkers_of_FBC_Glucose_error_reasons_untestable_misc_post_analytical" time="173.050">
    <failure message="Error message mismatch expected [Full blood count &amp; HbA1c could not be reported.] but found [HbA1c could not be reported.]" type="java.lang.AssertionError">
      <![CDATA[java.lang.AssertionError: Error message mismatch expected [Full blood count & HbA1c could not be reported.] but found [HbA1c could not be reported.]
at org.testng.Assert.fail(Assert.java:110)
at org.testng.Assert.failNotEquals(Assert.java:1413)
at org.testng.Assert.assertEqualsImpl(Assert.java:149)
at org.testng.Assert.assertEquals(Assert.java:131)
at org.testng.Assert.assertEquals(Assert.java:655)
at Test.Tims.Partial_Report_Actions_Class.SOFT_1407_Partial_Report_Actions.partialReportTC33(SOFT_1407_Partial_Report_Actions.java:3841)
at Tims.Partial_Report_SOFT_1407_Test_Cases.TC_33_Verify_Partial_Report_For_General_Health_Test_For_Biomarkers_Of_FBC_Glucose_Error_Reasons_Untestable_Misc_Post_Analytical.TC_33_Verify_partial_test_report_for_the_general_health_test_for_biomarkers_of_FBC_Glucose_error_reasons_untestable_misc_post_analytical(TC_33_Verify_Partial_Report_For_General_Health_Test_For_Biomarkers_Of_FBC_Glucose_Error_Reasons_Untestable_Misc_Post_Analytical.java:17)
at java.base/jdk.internal.reflect.DirectMethodHandleAccessor.invoke(DirectMethodHandleAccessor.java:103)
at java.base/java.lang.reflect.Method.invoke(Method.java:580)
at org.testng.internal.invokers.MethodInvocationHelper.invokeMethod(MethodInvocationHelper.java:136)
at org.testng.internal.invokers.TestInvoker.invokeMethod(TestInvoker.java:658)
at org.testng.internal.invokers.TestInvoker.invokeTestMethod(TestInvoker.java:219)
at org.testng.internal.invokers.MethodRunner.runInSequence(MethodRunner.java:50)
at org.testng.internal.invokers.TestInvoker$MethodInvocationAgent.invoke(TestInvoker.java:923)
at org.testng.internal.invokers.TestInvoker.invokeTestMethods(TestInvoker.java:192)
at org.testng.internal.invokers.TestMethodWorker.invokeTestMethods(TestMethodWorker.java:146)
at org.testng.internal.invokers.TestMethodWorker.run(TestMethodWorker.java:128)
at java.base/java.util.ArrayList.forEach(ArrayList.java:1596)
at org.testng.TestRunner.privateRun(TestRunner.java:808)
at org.testng.TestRunner.run(TestRunner.java:603)
at org.testng.SuiteRunner.runTest(SuiteRunner.java:429)
at org.testng.SuiteRunner.runSequentially(SuiteRunner.java:423)
at org.testng.SuiteRunner.privateRun(SuiteRunner.java:383)
at org.testng.SuiteRunner.run(SuiteRunner.java:326)
at org.testng.SuiteRunnerWorker.runSuite(SuiteRunnerWorker.java:52)
at org.testng.SuiteRunnerWorker.run(SuiteRunnerWorker.java:95)
at org.testng.TestNG.runSuitesSequentially(TestNG.java:1249)
at org.testng.TestNG.runSuitesLocally(TestNG.java:1169)
at org.testng.TestNG.runSuites(TestNG.java:1092)
at org.testng.TestNG.run(TestNG.java:1060)
at org.testng.remote.AbstractRemoteTestNG.run(AbstractRemoteTestNG.java:115)
at org.testng.remote.RemoteTestNG.initAndRun(RemoteTestNG.java:293)
at org.testng.remote.RemoteTestNG.main(RemoteTestNG.java:91)
]]>
    </failure>
  </testcase> <!-- TC_33_Verify_partial_test_report_for_the_general_health_test_for_biomarkers_of_FBC_Glucose_error_reasons_untestable_misc_post_analytical -->
  <system-out/>
</testsuite> <!-- Tims.Partial_Report_SOFT_1407_Test_Cases.TC_33_Verify_Partial_Report_For_General_Health_Test_For_Biomarkers_Of_FBC_Glucose_Error_Reasons_Untestable_Misc_Post_Analytical -->
