<?xml version="1.0" encoding="UTF-8"?>
<!-- Generated by org.testng.reporters.JUnitReportReporter -->
<testsuite hostname="DESKTOP-GCGD1P4" failures="1" tests="1" name="Tims.Partial_Report_SOFT_1407_Test_Cases.TC_24_Verify_Partial_Reporting_Energy_Profile_Test_GGT_ALP_And_FBC_Group_Inhibitory" time="174.478" errors="0" timestamp="2025-10-01T11:28:56 IST" skipped="0">
  <testcase classname="Tims.Partial_Report_SOFT_1407_Test_Cases.TC_24_Verify_Partial_Reporting_Energy_Profile_Test_GGT_ALP_And_FBC_Group_Inhibitory" name="TC_24_Verify_partial_reporting_energy_profile_test_GGT_ALP_and_FBC_group_inhibitory" time="174.478">
    <failure message="Error message mismatch expected [Gamma-Glutamyl Transferase &amp; Alkaline Phosphatase could not be reported.] but found [Alkaline Phosphatase &amp; Gamma-Glutamyl Transferase could not be reported.]" type="java.lang.AssertionError">
      <![CDATA[java.lang.AssertionError: Error message mismatch expected [Gamma-Glutamyl Transferase & Alkaline Phosphatase could not be reported.] but found [Alkaline Phosphatase & Gamma-Glutamyl Transferase could not be reported.]
at org.testng.Assert.fail(Assert.java:110)
at org.testng.Assert.failNotEquals(Assert.java:1413)
at org.testng.Assert.assertEqualsImpl(Assert.java:149)
at org.testng.Assert.assertEquals(Assert.java:131)
at org.testng.Assert.assertEquals(Assert.java:655)
at Test.Tims.Partial_Report_Action_Class.SOFT_1407_Partial_Report_Actions.partialReportTC24(SOFT_1407_Partial_Report_Actions.java:2901)
at Tims.Partial_Report_SOFT_1407_Test_Cases.TC_24_Verify_Partial_Reporting_Energy_Profile_Test_GGT_ALP_And_FBC_Group_Inhibitory.TC_24_Verify_partial_reporting_energy_profile_test_GGT_ALP_and_FBC_group_inhibitory(TC_24_Verify_Partial_Reporting_Energy_Profile_Test_GGT_ALP_And_FBC_Group_Inhibitory.java:17)
at java.base/jdk.internal.reflect.DirectMethodHandleAccessor.invoke(DirectMethodHandleAccessor.java:103)
at java.base/java.lang.reflect.Method.invoke(Method.java:580)
at org.testng.internal.invokers.MethodInvocationHelper.invokeMethod(MethodInvocationHelper.java:136)
at org.testng.internal.invokers.TestInvoker.invokeMethod(TestInvoker.java:658)
at org.testng.internal.invokers.TestInvoker.invokeTestMethod(TestInvoker.java:219)
at org.testng.internal.invokers.MethodRunner.runInSequence(MethodRunner.java:50)
at org.testng.internal.invokers.TestInvoker$MethodInvocationAgent.invoke(TestInvoker.java:923)
at org.testng.internal.invokers.TestInvoker.invokeTestMethods(TestInvoker.java:192)
at org.testng.internal.invokers.TestMethodWorker.invokeTestMethods(TestMethodWorker.java:146)
at org.testng.internal.invokers.TestMethodWorker.run(TestMethodWorker.java:128)
at java.base/java.util.ArrayList.forEach(ArrayList.java:1596)
at org.testng.TestRunner.privateRun(TestRunner.java:808)
at org.testng.TestRunner.run(TestRunner.java:603)
at org.testng.SuiteRunner.runTest(SuiteRunner.java:429)
at org.testng.SuiteRunner.runSequentially(SuiteRunner.java:423)
at org.testng.SuiteRunner.privateRun(SuiteRunner.java:383)
at org.testng.SuiteRunner.run(SuiteRunner.java:326)
at org.testng.SuiteRunnerWorker.runSuite(SuiteRunnerWorker.java:52)
at org.testng.SuiteRunnerWorker.run(SuiteRunnerWorker.java:95)
at org.testng.TestNG.runSuitesSequentially(TestNG.java:1249)
at org.testng.TestNG.runSuitesLocally(TestNG.java:1169)
at org.testng.TestNG.runSuites(TestNG.java:1092)
at org.testng.TestNG.run(TestNG.java:1060)
at org.testng.remote.AbstractRemoteTestNG.run(AbstractRemoteTestNG.java:115)
at org.testng.remote.RemoteTestNG.initAndRun(RemoteTestNG.java:293)
at org.testng.remote.RemoteTestNG.main(RemoteTestNG.java:91)
]]>
    </failure>
  </testcase> <!-- TC_24_Verify_partial_reporting_energy_profile_test_GGT_ALP_and_FBC_group_inhibitory -->
  <system-out/>
</testsuite> <!-- Tims.Partial_Report_SOFT_1407_Test_Cases.TC_24_Verify_Partial_Reporting_Energy_Profile_Test_GGT_ALP_And_FBC_Group_Inhibitory -->
