<?xml version="1.0" encoding="UTF-8"?>
<!-- Generated by org.testng.reporters.JUnitReportReporter -->
<testsuite hostname="Desktop-LEN-13" failures="0" tests="3" name="Smoke.Tims.Test_Cases.T11_T12_T13_Verify_Successful_CSV_Import_with_Valid_Data" time="3.578" errors="1" timestamp="2025-04-25T18:28:35 IST" skipped="2">
  <testcase classname="Smoke.Tims.Test_Cases.T11_T12_T13_Verify_Successful_CSV_Import_with_Valid_Data" name="Verify_Successful_Creation_Of_New_Store_Location_SOFT_543_F1" time="3.578">
    <error message="unknown error: net::ERR_NAME_NOT_RESOLVED
  (Session info: chrome=135.0.7049.96)
Build info: version: &#039;4.25.0&#039;, revision: &#039;8a8aea2337&#039;
System info: os.name: &#039;Windows 11&#039;, os.arch: &#039;amd64&#039;, os.version: &#039;10.0&#039;, java.version: &#039;23.0.2&#039;
Driver info: org.openqa.selenium.chrome.ChromeDriver
Command: [7cbb36dfe65ac8fc955fe3f06c10aca4, get {url=https://purushottam.dev.myhealthchecked.com:444/admin}]
Capabilities {acceptInsecureCerts: false, browserName: chrome, browserVersion: 135.0.7049.96, chrome: {chromedriverVersion: 135.0.7049.114 (63fd8a7d9d0..., userDataDir: C:\Users\KUNAL~1.PAT\AppDat...}, fedcm:accounts: true, goog:chromeOptions: {debuggerAddress: localhost:63098}, networkConnectionEnabled: false, pageLoadStrategy: normal, platformName: windows, proxy: Proxy(), se:cdp: ws://localhost:63098/devtoo..., se:cdpVersion: 135.0.7049.96, setWindowRect: true, strictFileInteractability: false, timeouts: {implicit: 0, pageLoad: 300000, script: 30000}, unhandledPromptBehavior: dismiss and notify, webauthn:extension:credBlob: true, webauthn:extension:largeBlob: true, webauthn:extension:minPinLength: true, webauthn:extension:prf: true, webauthn:virtualAuthenticators: true}
Session ID: 7cbb36dfe65ac8fc955fe3f06c10aca4" type="org.openqa.selenium.WebDriverException">
      <![CDATA[org.openqa.selenium.WebDriverException: unknown error: net::ERR_NAME_NOT_RESOLVED
  (Session info: chrome=135.0.7049.96)
Build info: version: '4.25.0', revision: '8a8aea2337'
System info: os.name: 'Windows 11', os.arch: 'amd64', os.version: '10.0', java.version: '23.0.2'
Driver info: org.openqa.selenium.chrome.ChromeDriver
Command: [7cbb36dfe65ac8fc955fe3f06c10aca4, get {url=https://purushottam.dev.myhealthchecked.com:444/admin}]
Capabilities {acceptInsecureCerts: false, browserName: chrome, browserVersion: 135.0.7049.96, chrome: {chromedriverVersion: 135.0.7049.114 (63fd8a7d9d0..., userDataDir: C:\Users\KUNAL~1.PAT\AppDat...}, fedcm:accounts: true, goog:chromeOptions: {debuggerAddress: localhost:63098}, networkConnectionEnabled: false, pageLoadStrategy: normal, platformName: windows, proxy: Proxy(), se:cdp: ws://localhost:63098/devtoo..., se:cdpVersion: 135.0.7049.96, setWindowRect: true, strictFileInteractability: false, timeouts: {implicit: 0, pageLoad: 300000, script: 30000}, unhandledPromptBehavior: dismiss and notify, webauthn:extension:credBlob: true, webauthn:extension:largeBlob: true, webauthn:extension:minPinLength: true, webauthn:extension:prf: true, webauthn:virtualAuthenticators: true}
Session ID: 7cbb36dfe65ac8fc955fe3f06c10aca4
at java.base/jdk.internal.reflect.DirectConstructorHandleAccessor.newInstance(DirectConstructorHandleAccessor.java:62)
at java.base/java.lang.reflect.Constructor.newInstanceWithCaller(Constructor.java:501)
at java.base/java.lang.reflect.Constructor.newInstance(Constructor.java:485)
at org.openqa.selenium.remote.ErrorCodec.decode(ErrorCodec.java:167)
at org.openqa.selenium.remote.codec.w3c.W3CHttpResponseCodec.decode(W3CHttpResponseCodec.java:138)
at org.openqa.selenium.remote.codec.w3c.W3CHttpResponseCodec.decode(W3CHttpResponseCodec.java:50)
at org.openqa.selenium.remote.HttpCommandExecutor.execute(HttpCommandExecutor.java:190)
at org.openqa.selenium.remote.service.DriverCommandExecutor.invokeExecute(DriverCommandExecutor.java:216)
at org.openqa.selenium.remote.service.DriverCommandExecutor.execute(DriverCommandExecutor.java:174)
at org.openqa.selenium.remote.RemoteWebDriver.execute(RemoteWebDriver.java:545)
at org.openqa.selenium.remote.RemoteWebDriver.get(RemoteWebDriver.java:313)
at Test.Tims.Actions_Class.Login_Action.Tims_dev_Url(Login_Action.java:37)
at Test.Tims.Actions_Class.Login_Action.login_Tims_dev(Login_Action.java:94)
at Smoke.Tims.Test_Cases.T11_T12_T13_Verify_Successful_CSV_Import_with_Valid_Data.Verify_Successful_Creation_Of_New_Store_Location_SOFT_543_F1(T11_T12_T13_Verify_Successful_CSV_Import_with_Valid_Data.java:19)
at java.base/jdk.internal.reflect.DirectMethodHandleAccessor.invoke(DirectMethodHandleAccessor.java:103)
at java.base/java.lang.reflect.Method.invoke(Method.java:580)
at org.testng.internal.invokers.MethodInvocationHelper.invokeMethod(MethodInvocationHelper.java:136)
at org.testng.internal.invokers.TestInvoker.invokeMethod(TestInvoker.java:658)
at org.testng.internal.invokers.TestInvoker.invokeTestMethod(TestInvoker.java:219)
at org.testng.internal.invokers.MethodRunner.runInSequence(MethodRunner.java:50)
at org.testng.internal.invokers.TestInvoker$MethodInvocationAgent.invoke(TestInvoker.java:923)
at org.testng.internal.invokers.TestInvoker.invokeTestMethods(TestInvoker.java:192)
at org.testng.internal.invokers.TestMethodWorker.invokeTestMethods(TestMethodWorker.java:146)
at org.testng.internal.invokers.TestMethodWorker.run(TestMethodWorker.java:128)
at java.base/java.util.ArrayList.forEach(ArrayList.java:1597)
at org.testng.TestRunner.privateRun(TestRunner.java:808)
at org.testng.TestRunner.run(TestRunner.java:603)
at org.testng.SuiteRunner.runTest(SuiteRunner.java:429)
at org.testng.SuiteRunner.runSequentially(SuiteRunner.java:423)
at org.testng.SuiteRunner.privateRun(SuiteRunner.java:383)
at org.testng.SuiteRunner.run(SuiteRunner.java:326)
at org.testng.SuiteRunnerWorker.runSuite(SuiteRunnerWorker.java:52)
at org.testng.SuiteRunnerWorker.run(SuiteRunnerWorker.java:95)
at org.testng.TestNG.runSuitesSequentially(TestNG.java:1249)
at org.testng.TestNG.runSuitesLocally(TestNG.java:1169)
at org.testng.TestNG.runSuites(TestNG.java:1092)
at org.testng.TestNG.run(TestNG.java:1060)
at org.testng.remote.AbstractRemoteTestNG.run(AbstractRemoteTestNG.java:115)
at org.testng.remote.RemoteTestNG.initAndRun(RemoteTestNG.java:293)
at org.testng.remote.RemoteTestNG.main(RemoteTestNG.java:91)
]]>
    </error>
  </testcase> <!-- Verify_Successful_Creation_Of_New_Store_Location_SOFT_543_F1 -->
  <system-out/>
  <testcase classname="Smoke.Tims.Test_Cases.T11_T12_T13_Verify_Successful_CSV_Import_with_Valid_Data" name="Verify_Email_Content_Create_My_Account_Button_SOFT_563_F6" time="0.000">
    <skipped/>
  </testcase> <!-- Verify_Email_Content_Create_My_Account_Button_SOFT_563_F6 -->
  <system-out/>
  <testcase classname="Smoke.Tims.Test_Cases.T11_T12_T13_Verify_Successful_CSV_Import_with_Valid_Data" name="Verify_Email_Triggered_To_All_Added_Phlebotomist_SOFT_562_F15" time="0.000">
    <skipped/>
  </testcase> <!-- Verify_Email_Triggered_To_All_Added_Phlebotomist_SOFT_562_F15 -->
  <system-out/>
</testsuite> <!-- Smoke.Tims.Test_Cases.T11_T12_T13_Verify_Successful_CSV_Import_with_Valid_Data -->
