<?xml version="1.0" encoding="UTF-8"?>
<!-- Generated by org.testng.reporters.JUnitReportReporter -->
<testsuite hostname="DESKTOP-GCGD1P4" failures="1" tests="1" name="Tims.SOFT_1405_Partial_Report.TC_08_Verify_Partial_Test_Report_Energy_Profile_Test_For_FOL_GGT_ALP_Untestable_Clotted_Sample_Receipt" time="165.554" errors="0" timestamp="2025-09-02T15:31:41 IST" skipped="0">
  <testcase classname="Tims.SOFT_1405_Partial_Report.TC_08_Verify_Partial_Test_Report_Energy_Profile_Test_For_FOL_GGT_ALP_Untestable_Clotted_Sample_Receipt" name="TC_08_Verify_partial_test_report_energy_profile_test_for_FOL_ALT_ALP_untestable_clotted_sample_receipt" time="165.554">
    <failure message="Biomarker value mismatch expected [Untestable – Clotted (sample receipt)] but found [44]" type="java.lang.AssertionError">
      <![CDATA[java.lang.AssertionError: Biomarker value mismatch expected [Untestable – Clotted (sample receipt)] but found [44]
at org.testng.Assert.fail(Assert.java:110)
at org.testng.Assert.failNotEquals(Assert.java:1413)
at org.testng.Assert.assertEqualsImpl(Assert.java:149)
at org.testng.Assert.assertEquals(Assert.java:131)
at org.testng.Assert.assertEquals(Assert.java:655)
at Test.Tims.Actions_Class.SOFT_1405_Partial_Report_Actions.partialReportTC8(SOFT_1405_Partial_Report_Actions.java:1222)
at Tims.SOFT_1405_Partial_Report.TC_08_Verify_Partial_Test_Report_Energy_Profile_Test_For_FOL_GGT_ALP_Untestable_Clotted_Sample_Receipt.TC_08_Verify_partial_test_report_energy_profile_test_for_FOL_ALT_ALP_untestable_clotted_sample_receipt(TC_08_Verify_Partial_Test_Report_Energy_Profile_Test_For_FOL_GGT_ALP_Untestable_Clotted_Sample_Receipt.java:17)
at java.base/jdk.internal.reflect.DirectMethodHandleAccessor.invoke(DirectMethodHandleAccessor.java:103)
at java.base/java.lang.reflect.Method.invoke(Method.java:580)
at org.testng.internal.invokers.MethodInvocationHelper.invokeMethod(MethodInvocationHelper.java:136)
at org.testng.internal.invokers.TestInvoker.invokeMethod(TestInvoker.java:658)
at org.testng.internal.invokers.TestInvoker.invokeTestMethod(TestInvoker.java:219)
at org.testng.internal.invokers.MethodRunner.runInSequence(MethodRunner.java:50)
at org.testng.internal.invokers.TestInvoker$MethodInvocationAgent.invoke(TestInvoker.java:923)
at org.testng.internal.invokers.TestInvoker.invokeTestMethods(TestInvoker.java:192)
at org.testng.internal.invokers.TestMethodWorker.invokeTestMethods(TestMethodWorker.java:146)
at org.testng.internal.invokers.TestMethodWorker.run(TestMethodWorker.java:128)
at java.base/java.util.ArrayList.forEach(ArrayList.java:1596)
at org.testng.TestRunner.privateRun(TestRunner.java:808)
at org.testng.TestRunner.run(TestRunner.java:603)
at org.testng.SuiteRunner.runTest(SuiteRunner.java:429)
at org.testng.SuiteRunner.runSequentially(SuiteRunner.java:423)
at org.testng.SuiteRunner.privateRun(SuiteRunner.java:383)
at org.testng.SuiteRunner.run(SuiteRunner.java:326)
at org.testng.SuiteRunnerWorker.runSuite(SuiteRunnerWorker.java:52)
at org.testng.SuiteRunnerWorker.run(SuiteRunnerWorker.java:95)
at org.testng.TestNG.runSuitesSequentially(TestNG.java:1249)
at org.testng.TestNG.runSuitesLocally(TestNG.java:1169)
at org.testng.TestNG.runSuites(TestNG.java:1092)
at org.testng.TestNG.run(TestNG.java:1060)
at org.testng.remote.AbstractRemoteTestNG.run(AbstractRemoteTestNG.java:115)
at org.testng.remote.RemoteTestNG.initAndRun(RemoteTestNG.java:293)
at org.testng.remote.RemoteTestNG.main(RemoteTestNG.java:91)
]]>
    </failure>
  </testcase> <!-- TC_08_Verify_partial_test_report_energy_profile_test_for_FOL_ALT_ALP_untestable_clotted_sample_receipt -->
  <system-out/>
</testsuite> <!-- Tims.SOFT_1405_Partial_Report.TC_08_Verify_Partial_Test_Report_Energy_Profile_Test_For_FOL_GGT_ALP_Untestable_Clotted_Sample_Receipt -->
